[0.881s] Invoking command in '/home/senseri/ros2_ws/src/serial_motor_demo': AMENT_PREFIX_PATH=/home/senseri/ros2_ws/install/serial_motor_demo_msgs:${AMENT_PREFIX_PATH} CMAKE_PREFIX_PATH=/home/senseri/ros2_ws/install/serial_motor_demo_msgs:${CMAKE_PREFIX_PATH} LD_LIBRARY_PATH=/home/senseri/ros2_ws/install/serial_motor_demo_msgs/lib:${LD_LIBRARY_PATH} PYTHONPATH=/home/senseri/ros2_ws/build/serial_motor_demo/prefix_override:/usr/lib/python3/dist-packages/colcon_core/task/python/colcon_distutils_commands:/home/senseri/ros2_ws/install/serial_motor_demo/lib/python3.10/site-packages:/home/senseri/ros2_ws/install/serial_motor_demo_msgs/local/lib/python3.10/dist-packages:${PYTHONPATH} /usr/bin/python3 -W ignore:setup.py install is deprecated -W ignore:easy_install command is deprecated setup.py egg_info --egg-base ../../build/serial_motor_demo build --build-base /home/senseri/ros2_ws/build/serial_motor_demo/build install --record /home/senseri/ros2_ws/build/serial_motor_demo/install.log --install-scripts $base/lib/serial_motor_demo --single-version-externally-managed install_data
[1.141s] running egg_info
[1.142s] creating ../../build/serial_motor_demo/serial_motor_demo.egg-info
[1.143s] writing manifest file '../../build/serial_motor_demo/serial_motor_demo.egg-info/SOURCES.txt'
[1.178s] writing manifest file '../../build/serial_motor_demo/serial_motor_demo.egg-info/SOURCES.txt'
[1.178s] running build
[1.179s] running build_py
[1.179s] creating /home/senseri/ros2_ws/build/serial_motor_demo/build
[1.179s] creating /home/senseri/ros2_ws/build/serial_motor_demo/build/lib
[1.179s] creating /home/senseri/ros2_ws/build/serial_motor_demo/build/lib/serial_motor_demo
[1.179s] copying serial_motor_demo/gui.py -> /home/senseri/ros2_ws/build/serial_motor_demo/build/lib/serial_motor_demo
[1.179s] copying serial_motor_demo/__init__.py -> /home/senseri/ros2_ws/build/serial_motor_demo/build/lib/serial_motor_demo
[1.179s] copying serial_motor_demo/driver.py -> /home/senseri/ros2_ws/build/serial_motor_demo/build/lib/serial_motor_demo
[1.179s] running install
[1.180s] running install_lib
[1.181s] creating /home/senseri/ros2_ws/install/serial_motor_demo/lib/python3.10/site-packages/serial_motor_demo
[1.182s] byte-compiling /home/senseri/ros2_ws/install/serial_motor_demo/lib/python3.10/site-packages/serial_motor_demo/gui.py to gui.cpython-310.pyc
[1.184s] byte-compiling /home/senseri/ros2_ws/install/serial_motor_demo/lib/python3.10/site-packages/serial_motor_demo/__init__.py to __init__.cpython-310.pyc
[1.184s] byte-compiling /home/senseri/ros2_ws/install/serial_motor_demo/lib/python3.10/site-packages/serial_motor_demo/driver.py to driver.cpython-310.pyc
[1.185s] running install_data
[1.186s] creating /home/senseri/ros2_ws/install/serial_motor_demo/share/ament_index
[1.186s] creating /home/senseri/ros2_ws/install/serial_motor_demo/share/ament_index/resource_index
[1.186s] creating /home/senseri/ros2_ws/install/serial_motor_demo/share/ament_index/resource_index/packages
[1.186s] copying resource/serial_motor_demo -> /home/senseri/ros2_ws/install/serial_motor_demo/share/ament_index/resource_index/packages
[1.186s] copying package.xml -> /home/senseri/ros2_ws/install/serial_motor_demo/share/serial_motor_demo
[1.186s] running install_egg_info
[1.188s] Copying ../../build/serial_motor_demo/serial_motor_demo.egg-info to /home/senseri/ros2_ws/install/serial_motor_demo/lib/python3.10/site-packages/serial_motor_demo-0.0.0-py3.10.egg-info
[1.188s] running install_scripts
[1.209s] writing list of installed files to '/home/senseri/ros2_ws/build/serial_motor_demo/install.log'
[1.248s] Invoked command in '/home/senseri/ros2_ws/src/serial_motor_demo' returned '0': AMENT_PREFIX_PATH=/home/senseri/ros2_ws/install/serial_motor_demo_msgs:${AMENT_PREFIX_PATH} CMAKE_PREFIX_PATH=/home/senseri/ros2_ws/install/serial_motor_demo_msgs:${CMAKE_PREFIX_PATH} LD_LIBRARY_PATH=/home/senseri/ros2_ws/install/serial_motor_demo_msgs/lib:${LD_LIBRARY_PATH} PYTHONPATH=/home/senseri/ros2_ws/build/serial_motor_demo/prefix_override:/usr/lib/python3/dist-packages/colcon_core/task/python/colcon_distutils_commands:/home/senseri/ros2_ws/install/serial_motor_demo/lib/python3.10/site-packages:/home/senseri/ros2_ws/install/serial_motor_demo_msgs/local/lib/python3.10/dist-packages:${PYTHONPATH} /usr/bin/python3 -W ignore:setup.py install is deprecated -W ignore:easy_install command is deprecated setup.py egg_info --egg-base ../../build/serial_motor_demo build --build-base /home/senseri/ros2_ws/build/serial_motor_demo/build install --record /home/senseri/ros2_ws/build/serial_motor_demo/install.log --install-scripts $base/lib/serial_motor_demo --single-version-externally-managed install_data
