[0.013s] Invoking command in '/home/senseri/ros2_ws/build/diffdrive_arduino': CMAKE_PREFIX_PATH=${CMAKE_PREFIX_PATH}:/home/senseri/ros2_ws/install/serial_motor_demo:/opt/ros/humble /usr/bin/cmake /home/senseri/ros2_ws/src/diffdrive_arduino-humble -DCMAKE_INSTALL_PREFIX=/home/senseri/ros2_ws/install/diffdrive_arduino
[0.024s] -- Found ament_cmake: 1.3.11 (/opt/ros/humble/share/ament_cmake/cmake)
[0.206s] -- Override CMake install command with custom implementation using symlinks instead of copying resources
[0.216s] -- Found hardware_interface: 2.50.0 (/opt/ros/humble/share/hardware_interface/cmake)
[0.240s] -- Found rosidl_generator_c: 3.1.6 (/opt/ros/humble/share/rosidl_generator_c/cmake)
[0.242s] -- Found rosidl_adapter: 3.1.6 (/opt/ros/humble/share/rosidl_adapter/cmake)
[0.247s] -- Found rosidl_generator_cpp: 3.1.6 (/opt/ros/humble/share/rosidl_generator_cpp/cmake)
[0.255s] -- Using all available rosidl_typesupport_c: rosidl_typesupport_fastrtps_c;rosidl_typesupport_introspection_c
[0.266s] -- Using all available rosidl_typesupport_cpp: rosidl_typesupport_fastrtps_cpp;rosidl_typesupport_introspection_cpp
[0.423s] -- Found rmw_implementation_cmake: 6.1.2 (/opt/ros/humble/share/rmw_implementation_cmake/cmake)
[0.424s] -- Found rmw_fastrtps_cpp: 6.2.7 (/opt/ros/humble/share/rmw_fastrtps_cpp/cmake)
[0.438s] -- Found TinyXML2 via Config file: TinyXML2_DIR-NOTFOUND
[0.449s] -- Found TinyXML2 via Config file: TinyXML2_DIR-NOTFOUND
[0.464s] -- Found TinyXML2 via Config file: TinyXML2_DIR-NOTFOUND
[0.472s] -- Found TinyXML2 via Config file: TinyXML2_DIR-NOTFOUND
[0.482s] -- Using RMW implementation 'rmw_fastrtps_cpp' as default
[0.524s] -- Found ament_cmake_gtest: 1.3.11 (/opt/ros/humble/share/ament_cmake_gtest/cmake)
[0.583s] -- Configuring done
[0.600s] -- Generating done
[0.604s] -- Build files have been written to: /home/senseri/ros2_ws/build/diffdrive_arduino
[0.613s] Invoked command in '/home/senseri/ros2_ws/build/diffdrive_arduino' returned '0': CMAKE_PREFIX_PATH=${CMAKE_PREFIX_PATH}:/home/senseri/ros2_ws/install/serial_motor_demo:/opt/ros/humble /usr/bin/cmake /home/senseri/ros2_ws/src/diffdrive_arduino-humble -DCMAKE_INSTALL_PREFIX=/home/senseri/ros2_ws/install/diffdrive_arduino
[0.613s] Invoking command in '/home/senseri/ros2_ws/build/diffdrive_arduino': CMAKE_PREFIX_PATH=${CMAKE_PREFIX_PATH}:/home/senseri/ros2_ws/install/serial_motor_demo:/opt/ros/humble /usr/bin/cmake --build /home/senseri/ros2_ws/build/diffdrive_arduino -- -j12 -l12
[0.649s] [35m[1mConsolidate compiler generated dependencies of target diffdrive_arduino[0m
[0.666s] [100%] Built target diffdrive_arduino
[0.679s] Invoked command in '/home/senseri/ros2_ws/build/diffdrive_arduino' returned '0': CMAKE_PREFIX_PATH=${CMAKE_PREFIX_PATH}:/home/senseri/ros2_ws/install/serial_motor_demo:/opt/ros/humble /usr/bin/cmake --build /home/senseri/ros2_ws/build/diffdrive_arduino -- -j12 -l12
[0.680s] Invoking command in '/home/senseri/ros2_ws/build/diffdrive_arduino': CMAKE_PREFIX_PATH=${CMAKE_PREFIX_PATH}:/home/senseri/ros2_ws/install/serial_motor_demo:/opt/ros/humble /usr/bin/cmake --install /home/senseri/ros2_ws/build/diffdrive_arduino
[0.686s] -- Install configuration: ""
[0.686s] -- Execute custom install script
[0.687s] -- Up-to-date symlink: /home/senseri/ros2_ws/install/diffdrive_arduino/share/diffdrive_arduino//diffdrive_arduino.xml
[0.687s] -- Up-to-date symlink: /home/senseri/ros2_ws/install/diffdrive_arduino/include/diffdrive_arduino/diffdrive_arduino/arduino_comms.hpp
[0.687s] -- Up-to-date symlink: /home/senseri/ros2_ws/install/diffdrive_arduino/include/diffdrive_arduino/diffdrive_arduino/diffbot_system.hpp
[0.687s] -- Up-to-date symlink: /home/senseri/ros2_ws/install/diffdrive_arduino/include/diffdrive_arduino/diffdrive_arduino/visibility_control.h
[0.687s] -- Up-to-date symlink: /home/senseri/ros2_ws/install/diffdrive_arduino/include/diffdrive_arduino/diffdrive_arduino/wheel.hpp
[0.687s] -- Up-to-date symlink: /home/senseri/ros2_ws/install/diffdrive_arduino/share/diffdrive_arduino/launch/view_robot.launch.py
[0.687s] -- Up-to-date symlink: /home/senseri/ros2_ws/install/diffdrive_arduino/share/diffdrive_arduino/ros2_control/diffbot.ros2_control.xacro
[0.688s] -- Up-to-date symlink: /home/senseri/ros2_ws/install/diffdrive_arduino/share/diffdrive_arduino/urdf/diffbot.materials.xacro
[0.688s] -- Up-to-date symlink: /home/senseri/ros2_ws/install/diffdrive_arduino/share/diffdrive_arduino/urdf/diffbot.urdf.xacro
[0.688s] -- Up-to-date symlink: /home/senseri/ros2_ws/install/diffdrive_arduino/share/diffdrive_arduino/urdf/diffbot_description.urdf.xacro
[0.688s] -- Up-to-date symlink: /home/senseri/ros2_ws/install/diffdrive_arduino/share/diffdrive_arduino/rviz/diffbot.rviz
[0.688s] -- Up-to-date symlink: /home/senseri/ros2_ws/install/diffdrive_arduino/share/diffdrive_arduino/rviz/diffbot_view.rviz
[0.688s] -- Up-to-date symlink: /home/senseri/ros2_ws/install/diffdrive_arduino/share/diffdrive_arduino/launch/diffbot.launch.py
[0.688s] -- Up-to-date symlink: /home/senseri/ros2_ws/install/diffdrive_arduino/share/diffdrive_arduino/config/diffbot_controllers.yaml
[0.688s] -- Up-to-date symlink: /home/senseri/ros2_ws/install/diffdrive_arduino/share/diffdrive_arduino/environment/library_path.sh
[0.689s] -- Up-to-date symlink: /home/senseri/ros2_ws/install/diffdrive_arduino/share/diffdrive_arduino/environment/library_path.dsv
[0.689s] -- Up-to-date symlink: /home/senseri/ros2_ws/install/diffdrive_arduino/share/ament_index/resource_index/package_run_dependencies/diffdrive_arduino
[0.689s] -- Up-to-date symlink: /home/senseri/ros2_ws/install/diffdrive_arduino/share/ament_index/resource_index/parent_prefix_path/diffdrive_arduino
[0.689s] -- Up-to-date symlink: /home/senseri/ros2_ws/install/diffdrive_arduino/share/diffdrive_arduino/environment/ament_prefix_path.sh
[0.689s] -- Up-to-date symlink: /home/senseri/ros2_ws/install/diffdrive_arduino/share/diffdrive_arduino/environment/ament_prefix_path.dsv
[0.689s] -- Up-to-date symlink: /home/senseri/ros2_ws/install/diffdrive_arduino/share/diffdrive_arduino/environment/path.sh
[0.689s] -- Up-to-date symlink: /home/senseri/ros2_ws/install/diffdrive_arduino/share/diffdrive_arduino/environment/path.dsv
[0.689s] -- Up-to-date symlink: /home/senseri/ros2_ws/install/diffdrive_arduino/share/diffdrive_arduino/local_setup.bash
[0.689s] -- Up-to-date symlink: /home/senseri/ros2_ws/install/diffdrive_arduino/share/diffdrive_arduino/local_setup.sh
[0.690s] -- Up-to-date symlink: /home/senseri/ros2_ws/install/diffdrive_arduino/share/diffdrive_arduino/local_setup.zsh
[0.690s] -- Up-to-date symlink: /home/senseri/ros2_ws/install/diffdrive_arduino/share/diffdrive_arduino/local_setup.dsv
[0.690s] -- Symlinking: /home/senseri/ros2_ws/install/diffdrive_arduino/share/diffdrive_arduino/package.dsv
[0.700s] -- Up-to-date symlink: /home/senseri/ros2_ws/install/diffdrive_arduino/share/ament_index/resource_index/packages/diffdrive_arduino
[0.700s] -- Up-to-date symlink: /home/senseri/ros2_ws/install/diffdrive_arduino/share/ament_index/resource_index/hardware_interface__pluginlib__plugin/diffdrive_arduino
[0.700s] -- Up-to-date symlink: /home/senseri/ros2_ws/install/diffdrive_arduino/share/diffdrive_arduino/cmake/ament_cmake_export_targets-extras.cmake
[0.700s] -- Up-to-date symlink: /home/senseri/ros2_ws/install/diffdrive_arduino/share/diffdrive_arduino/cmake/ament_cmake_export_dependencies-extras.cmake
[0.700s] -- Up-to-date symlink: /home/senseri/ros2_ws/install/diffdrive_arduino/share/diffdrive_arduino/cmake/diffdrive_arduinoConfig.cmake
[0.700s] -- Up-to-date symlink: /home/senseri/ros2_ws/install/diffdrive_arduino/share/diffdrive_arduino/cmake/diffdrive_arduinoConfig-version.cmake
[0.701s] -- Up-to-date symlink: /home/senseri/ros2_ws/install/diffdrive_arduino/share/diffdrive_arduino/package.xml
[0.701s] -- Up-to-date: /home/senseri/ros2_ws/install/diffdrive_arduino/lib/libdiffdrive_arduino.so
[0.701s] -- Up-to-date: /home/senseri/ros2_ws/install/diffdrive_arduino/share/diffdrive_arduino/cmake/export_diffdrive_arduinoExport.cmake
[0.701s] -- Up-to-date: /home/senseri/ros2_ws/install/diffdrive_arduino/share/diffdrive_arduino/cmake/export_diffdrive_arduinoExport-noconfig.cmake
[0.704s] Invoked command in '/home/senseri/ros2_ws/build/diffdrive_arduino' returned '0': CMAKE_PREFIX_PATH=${CMAKE_PREFIX_PATH}:/home/senseri/ros2_ws/install/serial_motor_demo:/opt/ros/humble /usr/bin/cmake --install /home/senseri/ros2_ws/build/diffdrive_arduino
