[0.013s] Invoking command in '/home/senseri/ros2_ws/build/diffdrive_arduino': CMAKE_PREFIX_PATH=${CMAKE_PREFIX_PATH}:/opt/ros/humble /usr/bin/cmake /home/senseri/ros2_ws/src/diffdrive_arduino-humble -DCMAKE_INSTALL_PREFIX=/home/senseri/ros2_ws/install/diffdrive_arduino
[0.179s] -- The CXX compiler identification is GNU 11.4.0
[0.187s] -- Detecting CXX compiler ABI info
[0.263s] -- Detecting CXX compiler ABI info - done
[0.270s] -- Check for working CXX compiler: /usr/bin/c++ - skipped
[0.271s] -- Detecting CXX compile features
[0.272s] -- Detecting CXX compile features - done
[0.275s] -- Found ament_cmake: 1.3.11 (/opt/ros/humble/share/ament_cmake/cmake)
[0.708s] -- Found Python3: /usr/bin/python3 (found version "3.10.12") found components: Interpreter 
[0.786s] -- Found hardware_interface: 2.50.0 (/opt/ros/humble/share/hardware_interface/cmake)
[0.830s] -- Found rosidl_generator_c: 3.1.6 (/opt/ros/humble/share/rosidl_generator_c/cmake)
[0.835s] -- Found rosidl_adapter: 3.1.6 (/opt/ros/humble/share/rosidl_adapter/cmake)
[0.845s] -- Found rosidl_generator_cpp: 3.1.6 (/opt/ros/humble/share/rosidl_generator_cpp/cmake)
[0.860s] -- Using all available rosidl_typesupport_c: rosidl_typesupport_fastrtps_c;rosidl_typesupport_introspection_c
[0.880s] -- Using all available rosidl_typesupport_cpp: rosidl_typesupport_fastrtps_cpp;rosidl_typesupport_introspection_cpp
[1.128s] -- Found rmw_implementation_cmake: 6.1.2 (/opt/ros/humble/share/rmw_implementation_cmake/cmake)
[1.136s] -- Found rmw_fastrtps_cpp: 6.2.7 (/opt/ros/humble/share/rmw_fastrtps_cpp/cmake)
[1.170s] -- Found TinyXML2 via Config file: TinyXML2_DIR-NOTFOUND
[1.224s] -- Found OpenSSL: /usr/lib/x86_64-linux-gnu/libcrypto.so (found version "3.0.2")  
[1.228s] -- Found TinyXML2 via Config file: TinyXML2_DIR-NOTFOUND
[1.247s] -- Found FastRTPS: /opt/ros/humble/include  
[1.251s] -- Found TinyXML2 via Config file: TinyXML2_DIR-NOTFOUND
[1.262s] -- Found TinyXML2 via Config file: TinyXML2_DIR-NOTFOUND
[1.274s] -- Using RMW implementation 'rmw_fastrtps_cpp' as default
[1.289s] -- Looking for C++ include pthread.h
[1.390s] -- Looking for C++ include pthread.h - found
[1.390s] -- Performing Test CMAKE_HAVE_LIBC_PTHREAD
[1.479s] -- Performing Test CMAKE_HAVE_LIBC_PTHREAD - Success
[1.480s] -- Found Threads: TRUE  
[1.545s] -- Found ament_cmake_gtest: 1.3.11 (/opt/ros/humble/share/ament_cmake_gtest/cmake)
[1.613s] -- Configuring done
[1.652s] -- Generating done
[1.657s] -- Build files have been written to: /home/senseri/ros2_ws/build/diffdrive_arduino
[1.667s] Invoked command in '/home/senseri/ros2_ws/build/diffdrive_arduino' returned '0': CMAKE_PREFIX_PATH=${CMAKE_PREFIX_PATH}:/opt/ros/humble /usr/bin/cmake /home/senseri/ros2_ws/src/diffdrive_arduino-humble -DCMAKE_INSTALL_PREFIX=/home/senseri/ros2_ws/install/diffdrive_arduino
[1.668s] Invoking command in '/home/senseri/ros2_ws/build/diffdrive_arduino': CMAKE_PREFIX_PATH=${CMAKE_PREFIX_PATH}:/opt/ros/humble /usr/bin/cmake --build /home/senseri/ros2_ws/build/diffdrive_arduino -- -j12 -l12
[1.720s] [ 50%] [32mBuilding CXX object CMakeFiles/diffdrive_arduino.dir/hardware/diffbot_system.cpp.o[0m
[6.428s] [100%] [32m[1mLinking CXX shared library libdiffdrive_arduino.so[0m
[6.612s] [100%] Built target diffdrive_arduino
[6.625s] Invoked command in '/home/senseri/ros2_ws/build/diffdrive_arduino' returned '0': CMAKE_PREFIX_PATH=${CMAKE_PREFIX_PATH}:/opt/ros/humble /usr/bin/cmake --build /home/senseri/ros2_ws/build/diffdrive_arduino -- -j12 -l12
[6.626s] Invoking command in '/home/senseri/ros2_ws/build/diffdrive_arduino': CMAKE_PREFIX_PATH=${CMAKE_PREFIX_PATH}:/opt/ros/humble /usr/bin/cmake --install /home/senseri/ros2_ws/build/diffdrive_arduino
[6.634s] -- Install configuration: ""
[6.635s] -- Installing: /home/senseri/ros2_ws/install/diffdrive_arduino/share/diffdrive_arduino/diffdrive_arduino.xml
[6.635s] -- Installing: /home/senseri/ros2_ws/install/diffdrive_arduino/include/diffdrive_arduino
[6.635s] -- Installing: /home/senseri/ros2_ws/install/diffdrive_arduino/include/diffdrive_arduino/diffdrive_arduino
[6.635s] -- Installing: /home/senseri/ros2_ws/install/diffdrive_arduino/include/diffdrive_arduino/diffdrive_arduino/diffbot_system.hpp
[6.635s] -- Installing: /home/senseri/ros2_ws/install/diffdrive_arduino/include/diffdrive_arduino/diffdrive_arduino/visibility_control.h
[6.635s] -- Installing: /home/senseri/ros2_ws/install/diffdrive_arduino/include/diffdrive_arduino/diffdrive_arduino/wheel.hpp
[6.635s] -- Installing: /home/senseri/ros2_ws/install/diffdrive_arduino/include/diffdrive_arduino/diffdrive_arduino/arduino_comms.hpp
[6.635s] -- Installing: /home/senseri/ros2_ws/install/diffdrive_arduino/share/diffdrive_arduino/launch
[6.636s] -- Installing: /home/senseri/ros2_ws/install/diffdrive_arduino/share/diffdrive_arduino/launch/view_robot.launch.py
[6.636s] -- Installing: /home/senseri/ros2_ws/install/diffdrive_arduino/share/diffdrive_arduino/ros2_control
[6.636s] -- Installing: /home/senseri/ros2_ws/install/diffdrive_arduino/share/diffdrive_arduino/ros2_control/diffbot.ros2_control.xacro
[6.636s] -- Installing: /home/senseri/ros2_ws/install/diffdrive_arduino/share/diffdrive_arduino/urdf
[6.636s] -- Installing: /home/senseri/ros2_ws/install/diffdrive_arduino/share/diffdrive_arduino/urdf/diffbot.materials.xacro
[6.636s] -- Installing: /home/senseri/ros2_ws/install/diffdrive_arduino/share/diffdrive_arduino/urdf/diffbot.urdf.xacro
[6.636s] -- Installing: /home/senseri/ros2_ws/install/diffdrive_arduino/share/diffdrive_arduino/urdf/diffbot_description.urdf.xacro
[6.636s] -- Installing: /home/senseri/ros2_ws/install/diffdrive_arduino/share/diffdrive_arduino/rviz
[6.636s] -- Installing: /home/senseri/ros2_ws/install/diffdrive_arduino/share/diffdrive_arduino/rviz/diffbot_view.rviz
[6.637s] -- Installing: /home/senseri/ros2_ws/install/diffdrive_arduino/share/diffdrive_arduino/rviz/diffbot.rviz
[6.637s] -- Up-to-date: /home/senseri/ros2_ws/install/diffdrive_arduino/share/diffdrive_arduino/launch
[6.637s] -- Installing: /home/senseri/ros2_ws/install/diffdrive_arduino/share/diffdrive_arduino/launch/diffbot.launch.py
[6.637s] -- Installing: /home/senseri/ros2_ws/install/diffdrive_arduino/share/diffdrive_arduino/config
[6.637s] -- Installing: /home/senseri/ros2_ws/install/diffdrive_arduino/share/diffdrive_arduino/config/diffbot_controllers.yaml
[6.637s] -- Installing: /home/senseri/ros2_ws/install/diffdrive_arduino/lib/libdiffdrive_arduino.so
[6.637s] -- Set runtime path of "/home/senseri/ros2_ws/install/diffdrive_arduino/lib/libdiffdrive_arduino.so" to ""
[6.637s] -- Installing: /home/senseri/ros2_ws/install/diffdrive_arduino/share/diffdrive_arduino/environment/library_path.sh
[6.637s] -- Installing: /home/senseri/ros2_ws/install/diffdrive_arduino/share/diffdrive_arduino/environment/library_path.dsv
[6.638s] -- Installing: /home/senseri/ros2_ws/install/diffdrive_arduino/share/ament_index/resource_index/package_run_dependencies/diffdrive_arduino
[6.638s] -- Installing: /home/senseri/ros2_ws/install/diffdrive_arduino/share/ament_index/resource_index/parent_prefix_path/diffdrive_arduino
[6.638s] -- Installing: /home/senseri/ros2_ws/install/diffdrive_arduino/share/diffdrive_arduino/environment/ament_prefix_path.sh
[6.638s] -- Installing: /home/senseri/ros2_ws/install/diffdrive_arduino/share/diffdrive_arduino/environment/ament_prefix_path.dsv
[6.638s] -- Installing: /home/senseri/ros2_ws/install/diffdrive_arduino/share/diffdrive_arduino/environment/path.sh
[6.638s] -- Installing: /home/senseri/ros2_ws/install/diffdrive_arduino/share/diffdrive_arduino/environment/path.dsv
[6.638s] -- Installing: /home/senseri/ros2_ws/install/diffdrive_arduino/share/diffdrive_arduino/local_setup.bash
[6.638s] -- Installing: /home/senseri/ros2_ws/install/diffdrive_arduino/share/diffdrive_arduino/local_setup.sh
[6.638s] -- Installing: /home/senseri/ros2_ws/install/diffdrive_arduino/share/diffdrive_arduino/local_setup.zsh
[6.638s] -- Installing: /home/senseri/ros2_ws/install/diffdrive_arduino/share/diffdrive_arduino/local_setup.dsv
[6.638s] -- Installing: /home/senseri/ros2_ws/install/diffdrive_arduino/share/diffdrive_arduino/package.dsv
[6.639s] -- Installing: /home/senseri/ros2_ws/install/diffdrive_arduino/share/ament_index/resource_index/packages/diffdrive_arduino
[6.639s] -- Installing: /home/senseri/ros2_ws/install/diffdrive_arduino/share/ament_index/resource_index/hardware_interface__pluginlib__plugin/diffdrive_arduino
[6.639s] -- Installing: /home/senseri/ros2_ws/install/diffdrive_arduino/share/diffdrive_arduino/cmake/export_diffdrive_arduinoExport.cmake
[6.639s] -- Installing: /home/senseri/ros2_ws/install/diffdrive_arduino/share/diffdrive_arduino/cmake/export_diffdrive_arduinoExport-noconfig.cmake
[6.639s] -- Installing: /home/senseri/ros2_ws/install/diffdrive_arduino/share/diffdrive_arduino/cmake/ament_cmake_export_targets-extras.cmake
[6.640s] -- Installing: /home/senseri/ros2_ws/install/diffdrive_arduino/share/diffdrive_arduino/cmake/ament_cmake_export_dependencies-extras.cmake
[6.640s] -- Installing: /home/senseri/ros2_ws/install/diffdrive_arduino/share/diffdrive_arduino/cmake/diffdrive_arduinoConfig.cmake
[6.640s] -- Installing: /home/senseri/ros2_ws/install/diffdrive_arduino/share/diffdrive_arduino/cmake/diffdrive_arduinoConfig-version.cmake
[6.640s] -- Installing: /home/senseri/ros2_ws/install/diffdrive_arduino/share/diffdrive_arduino/package.xml
[6.643s] Invoked command in '/home/senseri/ros2_ws/build/diffdrive_arduino' returned '0': CMAKE_PREFIX_PATH=${CMAKE_PREFIX_PATH}:/opt/ros/humble /usr/bin/cmake --install /home/senseri/ros2_ws/build/diffdrive_arduino
