[0.009s] Invoking command in '/home/senseri/ros2_ws/build/diffdrive_arduino': CMAKE_PREFIX_PATH=/opt/ros/humble /usr/bin/cmake --build /home/senseri/ros2_ws/build/diffdrive_arduino -- -j12 -l12
[0.104s] [100%] Built target diffdrive_arduino
[0.127s] Invoked command in '/home/senseri/ros2_ws/build/diffdrive_arduino' returned '0': CMAKE_PREFIX_PATH=/opt/ros/humble /usr/bin/cmake --build /home/senseri/ros2_ws/build/diffdrive_arduino -- -j12 -l12
[0.128s] Invoking command in '/home/senseri/ros2_ws/build/diffdrive_arduino': CMAKE_PREFIX_PATH=/opt/ros/humble /usr/bin/cmake --install /home/senseri/ros2_ws/build/diffdrive_arduino
[0.134s] -- Install configuration: ""
[0.135s] -- Execute custom install script
[0.135s] -- Up-to-date symlink: /home/senseri/ros2_ws/install/diffdrive_arduino/share/diffdrive_arduino//diffdrive_arduino.xml
[0.135s] -- Up-to-date symlink: /home/senseri/ros2_ws/install/diffdrive_arduino/include/diffdrive_arduino/diffdrive_arduino/arduino_comms.hpp
[0.136s] -- Up-to-date symlink: /home/senseri/ros2_ws/install/diffdrive_arduino/include/diffdrive_arduino/diffdrive_arduino/diffbot_system.hpp
[0.136s] -- Up-to-date symlink: /home/senseri/ros2_ws/install/diffdrive_arduino/include/diffdrive_arduino/diffdrive_arduino/visibility_control.h
[0.136s] -- Up-to-date symlink: /home/senseri/ros2_ws/install/diffdrive_arduino/include/diffdrive_arduino/diffdrive_arduino/wheel.hpp
[0.136s] -- Up-to-date symlink: /home/senseri/ros2_ws/install/diffdrive_arduino/share/diffdrive_arduino/launch/view_robot.launch.py
[0.137s] -- Up-to-date symlink: /home/senseri/ros2_ws/install/diffdrive_arduino/share/diffdrive_arduino/ros2_control/diffbot.ros2_control.xacro
[0.137s] -- Up-to-date symlink: /home/senseri/ros2_ws/install/diffdrive_arduino/share/diffdrive_arduino/urdf/diffbot.materials.xacro
[0.137s] -- Up-to-date symlink: /home/senseri/ros2_ws/install/diffdrive_arduino/share/diffdrive_arduino/urdf/diffbot.urdf.xacro
[0.137s] -- Up-to-date symlink: /home/senseri/ros2_ws/install/diffdrive_arduino/share/diffdrive_arduino/urdf/diffbot_description.urdf.xacro
[0.137s] -- Up-to-date symlink: /home/senseri/ros2_ws/install/diffdrive_arduino/share/diffdrive_arduino/rviz/diffbot.rviz
[0.137s] -- Up-to-date symlink: /home/senseri/ros2_ws/install/diffdrive_arduino/share/diffdrive_arduino/rviz/diffbot_view.rviz
[0.138s] -- Up-to-date symlink: /home/senseri/ros2_ws/install/diffdrive_arduino/share/diffdrive_arduino/launch/diffbot.launch.py
[0.138s] -- Up-to-date symlink: /home/senseri/ros2_ws/install/diffdrive_arduino/share/diffdrive_arduino/config/diffbot_controllers.yaml
[0.138s] -- Up-to-date symlink: /home/senseri/ros2_ws/install/diffdrive_arduino/share/diffdrive_arduino/environment/library_path.sh
[0.138s] -- Up-to-date symlink: /home/senseri/ros2_ws/install/diffdrive_arduino/share/diffdrive_arduino/environment/library_path.dsv
[0.138s] -- Up-to-date symlink: /home/senseri/ros2_ws/install/diffdrive_arduino/share/ament_index/resource_index/package_run_dependencies/diffdrive_arduino
[0.139s] -- Up-to-date symlink: /home/senseri/ros2_ws/install/diffdrive_arduino/share/ament_index/resource_index/parent_prefix_path/diffdrive_arduino
[0.139s] -- Up-to-date symlink: /home/senseri/ros2_ws/install/diffdrive_arduino/share/diffdrive_arduino/environment/ament_prefix_path.sh
[0.139s] -- Up-to-date symlink: /home/senseri/ros2_ws/install/diffdrive_arduino/share/diffdrive_arduino/environment/ament_prefix_path.dsv
[0.139s] -- Up-to-date symlink: /home/senseri/ros2_ws/install/diffdrive_arduino/share/diffdrive_arduino/environment/path.sh
[0.139s] -- Up-to-date symlink: /home/senseri/ros2_ws/install/diffdrive_arduino/share/diffdrive_arduino/environment/path.dsv
[0.139s] -- Up-to-date symlink: /home/senseri/ros2_ws/install/diffdrive_arduino/share/diffdrive_arduino/local_setup.bash
[0.139s] -- Up-to-date symlink: /home/senseri/ros2_ws/install/diffdrive_arduino/share/diffdrive_arduino/local_setup.sh
[0.139s] -- Up-to-date symlink: /home/senseri/ros2_ws/install/diffdrive_arduino/share/diffdrive_arduino/local_setup.zsh
[0.139s] -- Up-to-date symlink: /home/senseri/ros2_ws/install/diffdrive_arduino/share/diffdrive_arduino/local_setup.dsv
[0.139s] -- Symlinking: /home/senseri/ros2_ws/install/diffdrive_arduino/share/diffdrive_arduino/package.dsv
[0.147s] -- Up-to-date symlink: /home/senseri/ros2_ws/install/diffdrive_arduino/share/ament_index/resource_index/packages/diffdrive_arduino
[0.147s] -- Up-to-date symlink: /home/senseri/ros2_ws/install/diffdrive_arduino/share/ament_index/resource_index/hardware_interface__pluginlib__plugin/diffdrive_arduino
[0.147s] -- Up-to-date symlink: /home/senseri/ros2_ws/install/diffdrive_arduino/share/diffdrive_arduino/cmake/ament_cmake_export_targets-extras.cmake
[0.147s] -- Up-to-date symlink: /home/senseri/ros2_ws/install/diffdrive_arduino/share/diffdrive_arduino/cmake/ament_cmake_export_dependencies-extras.cmake
[0.148s] -- Up-to-date symlink: /home/senseri/ros2_ws/install/diffdrive_arduino/share/diffdrive_arduino/cmake/diffdrive_arduinoConfig.cmake
[0.148s] -- Up-to-date symlink: /home/senseri/ros2_ws/install/diffdrive_arduino/share/diffdrive_arduino/cmake/diffdrive_arduinoConfig-version.cmake
[0.148s] -- Up-to-date symlink: /home/senseri/ros2_ws/install/diffdrive_arduino/share/diffdrive_arduino/package.xml
[0.148s] -- Up-to-date: /home/senseri/ros2_ws/install/diffdrive_arduino/lib/libdiffdrive_arduino.so
[0.149s] -- Up-to-date: /home/senseri/ros2_ws/install/diffdrive_arduino/share/diffdrive_arduino/cmake/export_diffdrive_arduinoExport.cmake
[0.149s] -- Up-to-date: /home/senseri/ros2_ws/install/diffdrive_arduino/share/diffdrive_arduino/cmake/export_diffdrive_arduinoExport-noconfig.cmake
[0.151s] Invoked command in '/home/senseri/ros2_ws/build/diffdrive_arduino' returned '0': CMAKE_PREFIX_PATH=/opt/ros/humble /usr/bin/cmake --install /home/senseri/ros2_ws/build/diffdrive_arduino
