[0.081s] DEBUG:colcon:Command line arguments: ['/usr/bin/colcon', 'build']
[0.081s] DEBUG:colcon:Parsed command line arguments: Namespace(log_base=None, log_level=None, verb_name='build', build_base='build', install_base='install', merge_install=False, symlink_install=False, test_result_base=None, continue_on_error=False, executor='parallel', parallel_workers=12, event_handlers=None, ignore_user_meta=False, metas=['./colcon.meta'], base_paths=['.'], packages_ignore=None, packages_ignore_regex=None, paths=None, packages_up_to=None, packages_up_to_regex=None, packages_above=None, packages_above_and_dependencies=None, packages_above_depth=None, packages_select_by_dep=None, packages_skip_by_dep=None, packages_skip_up_to=None, packages_select_build_failed=False, packages_skip_build_finished=False, packages_select_test_failures=False, packages_skip_test_passed=False, packages_select=None, packages_skip=None, packages_select_regex=None, packages_skip_regex=None, packages_start=None, packages_end=None, allow_overriding=[], cmake_args=None, cmake_target=None, cmake_target_skip_unavailable=False, cmake_clean_cache=False, cmake_clean_first=False, cmake_force_configure=False, ament_cmake_args=None, catkin_cmake_args=None, catkin_skip_building_tests=False, verb_parser=<colcon_defaults.argument_parser.defaults.DefaultArgumentsDecorator object at 0x7a3d4c315630>, verb_extension=<colcon_core.verb.build.BuildVerb object at 0x7a3d4c3150f0>, main=<bound method BuildVerb.main of <colcon_core.verb.build.BuildVerb object at 0x7a3d4c3150f0>>)
[0.281s] Level 1:colcon.colcon_core.package_discovery:discover_packages(colcon_meta) check parameters
[0.281s] Level 1:colcon.colcon_core.package_discovery:discover_packages(recursive) check parameters
[0.281s] Level 1:colcon.colcon_core.package_discovery:discover_packages(ignore) check parameters
[0.281s] Level 1:colcon.colcon_core.package_discovery:discover_packages(path) check parameters
[0.281s] Level 1:colcon.colcon_core.package_discovery:discover_packages(colcon_meta) discover
[0.281s] Level 1:colcon.colcon_core.package_discovery:discover_packages(recursive) discover
[0.281s] INFO:colcon.colcon_core.package_discovery:Crawling recursively for packages in '/home/senseri/ros2_ws'
[0.281s] Level 1:colcon.colcon_core.package_identification:_identify(.) by extensions ['ignore', 'ignore_ament_install']
[0.281s] Level 1:colcon.colcon_core.package_identification:_identify(.) by extension 'ignore'
[0.281s] Level 1:colcon.colcon_core.package_identification:_identify(.) by extension 'ignore_ament_install'
[0.281s] Level 1:colcon.colcon_core.package_identification:_identify(.) by extensions ['colcon_pkg']
[0.281s] Level 1:colcon.colcon_core.package_identification:_identify(.) by extension 'colcon_pkg'
[0.281s] Level 1:colcon.colcon_core.package_identification:_identify(.) by extensions ['colcon_meta']
[0.281s] Level 1:colcon.colcon_core.package_identification:_identify(.) by extension 'colcon_meta'
[0.281s] Level 1:colcon.colcon_core.package_identification:_identify(.) by extensions ['ros']
[0.281s] Level 1:colcon.colcon_core.package_identification:_identify(.) by extension 'ros'
[0.290s] Level 1:colcon.colcon_core.package_identification:_identify(.) by extensions ['cmake', 'python']
[0.290s] Level 1:colcon.colcon_core.package_identification:_identify(.) by extension 'cmake'
[0.290s] Level 1:colcon.colcon_core.package_identification:_identify(.) by extension 'python'
[0.290s] Level 1:colcon.colcon_core.package_identification:_identify(.) by extensions ['python_setup_py']
[0.290s] Level 1:colcon.colcon_core.package_identification:_identify(.) by extension 'python_setup_py'
[0.290s] Level 1:colcon.colcon_core.package_identification:_identify(build) by extensions ['ignore', 'ignore_ament_install']
[0.290s] Level 1:colcon.colcon_core.package_identification:_identify(build) by extension 'ignore'
[0.290s] Level 1:colcon.colcon_core.package_identification:_identify(build) ignored
[0.290s] Level 1:colcon.colcon_core.package_identification:_identify(install) by extensions ['ignore', 'ignore_ament_install']
[0.290s] Level 1:colcon.colcon_core.package_identification:_identify(install) by extension 'ignore'
[0.290s] Level 1:colcon.colcon_core.package_identification:_identify(install) ignored
[0.291s] Level 1:colcon.colcon_core.package_identification:_identify(log) by extensions ['ignore', 'ignore_ament_install']
[0.291s] Level 1:colcon.colcon_core.package_identification:_identify(log) by extension 'ignore'
[0.291s] Level 1:colcon.colcon_core.package_identification:_identify(log) ignored
[0.291s] Level 1:colcon.colcon_core.package_identification:_identify(src) by extensions ['ignore', 'ignore_ament_install']
[0.291s] Level 1:colcon.colcon_core.package_identification:_identify(src) by extension 'ignore'
[0.291s] Level 1:colcon.colcon_core.package_identification:_identify(src) by extension 'ignore_ament_install'
[0.291s] Level 1:colcon.colcon_core.package_identification:_identify(src) by extensions ['colcon_pkg']
[0.291s] Level 1:colcon.colcon_core.package_identification:_identify(src) by extension 'colcon_pkg'
[0.291s] Level 1:colcon.colcon_core.package_identification:_identify(src) by extensions ['colcon_meta']
[0.291s] Level 1:colcon.colcon_core.package_identification:_identify(src) by extension 'colcon_meta'
[0.291s] Level 1:colcon.colcon_core.package_identification:_identify(src) by extensions ['ros']
[0.291s] Level 1:colcon.colcon_core.package_identification:_identify(src) by extension 'ros'
[0.291s] Level 1:colcon.colcon_core.package_identification:_identify(src) by extensions ['cmake', 'python']
[0.291s] Level 1:colcon.colcon_core.package_identification:_identify(src) by extension 'cmake'
[0.291s] Level 1:colcon.colcon_core.package_identification:_identify(src) by extension 'python'
[0.291s] Level 1:colcon.colcon_core.package_identification:_identify(src) by extensions ['python_setup_py']
[0.291s] Level 1:colcon.colcon_core.package_identification:_identify(src) by extension 'python_setup_py'
[0.291s] Level 1:colcon.colcon_core.package_identification:_identify(src/diffdrive_arduino-humble) by extensions ['ignore', 'ignore_ament_install']
[0.291s] Level 1:colcon.colcon_core.package_identification:_identify(src/diffdrive_arduino-humble) by extension 'ignore'
[0.291s] Level 1:colcon.colcon_core.package_identification:_identify(src/diffdrive_arduino-humble) by extension 'ignore_ament_install'
[0.291s] Level 1:colcon.colcon_core.package_identification:_identify(src/diffdrive_arduino-humble) by extensions ['colcon_pkg']
[0.291s] Level 1:colcon.colcon_core.package_identification:_identify(src/diffdrive_arduino-humble) by extension 'colcon_pkg'
[0.291s] Level 1:colcon.colcon_core.package_identification:_identify(src/diffdrive_arduino-humble) by extensions ['colcon_meta']
[0.291s] Level 1:colcon.colcon_core.package_identification:_identify(src/diffdrive_arduino-humble) by extension 'colcon_meta'
[0.291s] Level 1:colcon.colcon_core.package_identification:_identify(src/diffdrive_arduino-humble) by extensions ['ros']
[0.291s] Level 1:colcon.colcon_core.package_identification:_identify(src/diffdrive_arduino-humble) by extension 'ros'
[0.294s] DEBUG:colcon.colcon_core.package_identification:Package 'src/diffdrive_arduino-humble' with type 'ros.ament_cmake' and name 'diffdrive_arduino'
[0.294s] Level 1:colcon.colcon_core.package_identification:_identify(src/my_bot) by extensions ['ignore', 'ignore_ament_install']
[0.294s] Level 1:colcon.colcon_core.package_identification:_identify(src/my_bot) by extension 'ignore'
[0.294s] Level 1:colcon.colcon_core.package_identification:_identify(src/my_bot) by extension 'ignore_ament_install'
[0.294s] Level 1:colcon.colcon_core.package_identification:_identify(src/my_bot) by extensions ['colcon_pkg']
[0.294s] Level 1:colcon.colcon_core.package_identification:_identify(src/my_bot) by extension 'colcon_pkg'
[0.294s] Level 1:colcon.colcon_core.package_identification:_identify(src/my_bot) by extensions ['colcon_meta']
[0.294s] Level 1:colcon.colcon_core.package_identification:_identify(src/my_bot) by extension 'colcon_meta'
[0.294s] Level 1:colcon.colcon_core.package_identification:_identify(src/my_bot) by extensions ['ros']
[0.294s] Level 1:colcon.colcon_core.package_identification:_identify(src/my_bot) by extension 'ros'
[0.295s] DEBUG:colcon.colcon_core.package_identification:Package 'src/my_bot' with type 'ros.ament_cmake' and name 'my_bot'
[0.295s] Level 1:colcon.colcon_core.package_identification:_identify(src/serial_motor_demo) by extensions ['ignore', 'ignore_ament_install']
[0.295s] Level 1:colcon.colcon_core.package_identification:_identify(src/serial_motor_demo) by extension 'ignore'
[0.295s] Level 1:colcon.colcon_core.package_identification:_identify(src/serial_motor_demo) by extension 'ignore_ament_install'
[0.295s] Level 1:colcon.colcon_core.package_identification:_identify(src/serial_motor_demo) by extensions ['colcon_pkg']
[0.295s] Level 1:colcon.colcon_core.package_identification:_identify(src/serial_motor_demo) by extension 'colcon_pkg'
[0.295s] Level 1:colcon.colcon_core.package_identification:_identify(src/serial_motor_demo) by extensions ['colcon_meta']
[0.295s] Level 1:colcon.colcon_core.package_identification:_identify(src/serial_motor_demo) by extension 'colcon_meta'
[0.295s] Level 1:colcon.colcon_core.package_identification:_identify(src/serial_motor_demo) by extensions ['ros']
[0.295s] Level 1:colcon.colcon_core.package_identification:_identify(src/serial_motor_demo) by extension 'ros'
[0.296s] DEBUG:colcon.colcon_core.package_identification:Package 'src/serial_motor_demo' with type 'ros.ament_python' and name 'serial_motor_demo'
[0.296s] Level 1:colcon.colcon_core.package_identification:_identify(src/serial_motor_demo_msgs) by extensions ['ignore', 'ignore_ament_install']
[0.296s] Level 1:colcon.colcon_core.package_identification:_identify(src/serial_motor_demo_msgs) by extension 'ignore'
[0.296s] Level 1:colcon.colcon_core.package_identification:_identify(src/serial_motor_demo_msgs) by extension 'ignore_ament_install'
[0.296s] Level 1:colcon.colcon_core.package_identification:_identify(src/serial_motor_demo_msgs) by extensions ['colcon_pkg']
[0.296s] Level 1:colcon.colcon_core.package_identification:_identify(src/serial_motor_demo_msgs) by extension 'colcon_pkg'
[0.296s] Level 1:colcon.colcon_core.package_identification:_identify(src/serial_motor_demo_msgs) by extensions ['colcon_meta']
[0.296s] Level 1:colcon.colcon_core.package_identification:_identify(src/serial_motor_demo_msgs) by extension 'colcon_meta'
[0.296s] Level 1:colcon.colcon_core.package_identification:_identify(src/serial_motor_demo_msgs) by extensions ['ros']
[0.296s] Level 1:colcon.colcon_core.package_identification:_identify(src/serial_motor_demo_msgs) by extension 'ros'
[0.297s] DEBUG:colcon.colcon_core.package_identification:Package 'src/serial_motor_demo_msgs' with type 'ros.ament_cmake' and name 'serial_motor_demo_msgs'
[0.297s] Level 1:colcon.colcon_core.package_discovery:discover_packages(recursive) using defaults
[0.297s] Level 1:colcon.colcon_core.package_discovery:discover_packages(ignore) discover
[0.297s] Level 1:colcon.colcon_core.package_discovery:discover_packages(ignore) using defaults
[0.297s] Level 1:colcon.colcon_core.package_discovery:discover_packages(path) discover
[0.297s] Level 1:colcon.colcon_core.package_discovery:discover_packages(path) using defaults
[0.323s] Level 1:colcon.colcon_core.package_discovery:discover_packages(prefix_path) check parameters
[0.323s] Level 1:colcon.colcon_core.package_discovery:discover_packages(prefix_path) discover
[0.325s] DEBUG:colcon.colcon_installed_package_information.package_discovery:Found 4 installed packages in /home/senseri/ros2_ws/install
[0.326s] DEBUG:colcon.colcon_installed_package_information.package_discovery:Found 433 installed packages in /opt/ros/humble
[0.327s] Level 1:colcon.colcon_core.package_discovery:discover_packages(prefix_path) using defaults
[0.356s] Level 5:colcon.colcon_core.verb:set package 'diffdrive_arduino' build argument 'cmake_args' from command line to 'None'
[0.356s] Level 5:colcon.colcon_core.verb:set package 'diffdrive_arduino' build argument 'cmake_target' from command line to 'None'
[0.356s] Level 5:colcon.colcon_core.verb:set package 'diffdrive_arduino' build argument 'cmake_target_skip_unavailable' from command line to 'False'
[0.356s] Level 5:colcon.colcon_core.verb:set package 'diffdrive_arduino' build argument 'cmake_clean_cache' from command line to 'False'
[0.356s] Level 5:colcon.colcon_core.verb:set package 'diffdrive_arduino' build argument 'cmake_clean_first' from command line to 'False'
[0.356s] Level 5:colcon.colcon_core.verb:set package 'diffdrive_arduino' build argument 'cmake_force_configure' from command line to 'False'
[0.356s] Level 5:colcon.colcon_core.verb:set package 'diffdrive_arduino' build argument 'ament_cmake_args' from command line to 'None'
[0.356s] Level 5:colcon.colcon_core.verb:set package 'diffdrive_arduino' build argument 'catkin_cmake_args' from command line to 'None'
[0.356s] Level 5:colcon.colcon_core.verb:set package 'diffdrive_arduino' build argument 'catkin_skip_building_tests' from command line to 'False'
[0.356s] DEBUG:colcon.colcon_core.verb:Building package 'diffdrive_arduino' with the following arguments: {'ament_cmake_args': None, 'build_base': '/home/senseri/ros2_ws/build/diffdrive_arduino', 'catkin_cmake_args': None, 'catkin_skip_building_tests': False, 'cmake_args': None, 'cmake_clean_cache': False, 'cmake_clean_first': False, 'cmake_force_configure': False, 'cmake_target': None, 'cmake_target_skip_unavailable': False, 'install_base': '/home/senseri/ros2_ws/install/diffdrive_arduino', 'merge_install': False, 'path': '/home/senseri/ros2_ws/src/diffdrive_arduino-humble', 'symlink_install': False, 'test_result_base': None}
[0.356s] Level 5:colcon.colcon_core.verb:set package 'my_bot' build argument 'cmake_args' from command line to 'None'
[0.356s] Level 5:colcon.colcon_core.verb:set package 'my_bot' build argument 'cmake_target' from command line to 'None'
[0.356s] Level 5:colcon.colcon_core.verb:set package 'my_bot' build argument 'cmake_target_skip_unavailable' from command line to 'False'
[0.356s] Level 5:colcon.colcon_core.verb:set package 'my_bot' build argument 'cmake_clean_cache' from command line to 'False'
[0.356s] Level 5:colcon.colcon_core.verb:set package 'my_bot' build argument 'cmake_clean_first' from command line to 'False'
[0.356s] Level 5:colcon.colcon_core.verb:set package 'my_bot' build argument 'cmake_force_configure' from command line to 'False'
[0.356s] Level 5:colcon.colcon_core.verb:set package 'my_bot' build argument 'ament_cmake_args' from command line to 'None'
[0.356s] Level 5:colcon.colcon_core.verb:set package 'my_bot' build argument 'catkin_cmake_args' from command line to 'None'
[0.356s] Level 5:colcon.colcon_core.verb:set package 'my_bot' build argument 'catkin_skip_building_tests' from command line to 'False'
[0.356s] DEBUG:colcon.colcon_core.verb:Building package 'my_bot' with the following arguments: {'ament_cmake_args': None, 'build_base': '/home/senseri/ros2_ws/build/my_bot', 'catkin_cmake_args': None, 'catkin_skip_building_tests': False, 'cmake_args': None, 'cmake_clean_cache': False, 'cmake_clean_first': False, 'cmake_force_configure': False, 'cmake_target': None, 'cmake_target_skip_unavailable': False, 'install_base': '/home/senseri/ros2_ws/install/my_bot', 'merge_install': False, 'path': '/home/senseri/ros2_ws/src/my_bot', 'symlink_install': False, 'test_result_base': None}
[0.356s] Level 5:colcon.colcon_core.verb:set package 'serial_motor_demo_msgs' build argument 'cmake_args' from command line to 'None'
[0.356s] Level 5:colcon.colcon_core.verb:set package 'serial_motor_demo_msgs' build argument 'cmake_target' from command line to 'None'
[0.356s] Level 5:colcon.colcon_core.verb:set package 'serial_motor_demo_msgs' build argument 'cmake_target_skip_unavailable' from command line to 'False'
[0.356s] Level 5:colcon.colcon_core.verb:set package 'serial_motor_demo_msgs' build argument 'cmake_clean_cache' from command line to 'False'
[0.356s] Level 5:colcon.colcon_core.verb:set package 'serial_motor_demo_msgs' build argument 'cmake_clean_first' from command line to 'False'
[0.356s] Level 5:colcon.colcon_core.verb:set package 'serial_motor_demo_msgs' build argument 'cmake_force_configure' from command line to 'False'
[0.356s] Level 5:colcon.colcon_core.verb:set package 'serial_motor_demo_msgs' build argument 'ament_cmake_args' from command line to 'None'
[0.356s] Level 5:colcon.colcon_core.verb:set package 'serial_motor_demo_msgs' build argument 'catkin_cmake_args' from command line to 'None'
[0.357s] Level 5:colcon.colcon_core.verb:set package 'serial_motor_demo_msgs' build argument 'catkin_skip_building_tests' from command line to 'False'
[0.357s] DEBUG:colcon.colcon_core.verb:Building package 'serial_motor_demo_msgs' with the following arguments: {'ament_cmake_args': None, 'build_base': '/home/senseri/ros2_ws/build/serial_motor_demo_msgs', 'catkin_cmake_args': None, 'catkin_skip_building_tests': False, 'cmake_args': None, 'cmake_clean_cache': False, 'cmake_clean_first': False, 'cmake_force_configure': False, 'cmake_target': None, 'cmake_target_skip_unavailable': False, 'install_base': '/home/senseri/ros2_ws/install/serial_motor_demo_msgs', 'merge_install': False, 'path': '/home/senseri/ros2_ws/src/serial_motor_demo_msgs', 'symlink_install': False, 'test_result_base': None}
[0.357s] Level 5:colcon.colcon_core.verb:set package 'serial_motor_demo' build argument 'cmake_args' from command line to 'None'
[0.357s] Level 5:colcon.colcon_core.verb:set package 'serial_motor_demo' build argument 'cmake_target' from command line to 'None'
[0.357s] Level 5:colcon.colcon_core.verb:set package 'serial_motor_demo' build argument 'cmake_target_skip_unavailable' from command line to 'False'
[0.357s] Level 5:colcon.colcon_core.verb:set package 'serial_motor_demo' build argument 'cmake_clean_cache' from command line to 'False'
[0.357s] Level 5:colcon.colcon_core.verb:set package 'serial_motor_demo' build argument 'cmake_clean_first' from command line to 'False'
[0.357s] Level 5:colcon.colcon_core.verb:set package 'serial_motor_demo' build argument 'cmake_force_configure' from command line to 'False'
[0.357s] Level 5:colcon.colcon_core.verb:set package 'serial_motor_demo' build argument 'ament_cmake_args' from command line to 'None'
[0.357s] Level 5:colcon.colcon_core.verb:set package 'serial_motor_demo' build argument 'catkin_cmake_args' from command line to 'None'
[0.357s] Level 5:colcon.colcon_core.verb:set package 'serial_motor_demo' build argument 'catkin_skip_building_tests' from command line to 'False'
[0.357s] DEBUG:colcon.colcon_core.verb:Building package 'serial_motor_demo' with the following arguments: {'ament_cmake_args': None, 'build_base': '/home/senseri/ros2_ws/build/serial_motor_demo', 'catkin_cmake_args': None, 'catkin_skip_building_tests': False, 'cmake_args': None, 'cmake_clean_cache': False, 'cmake_clean_first': False, 'cmake_force_configure': False, 'cmake_target': None, 'cmake_target_skip_unavailable': False, 'install_base': '/home/senseri/ros2_ws/install/serial_motor_demo', 'merge_install': False, 'path': '/home/senseri/ros2_ws/src/serial_motor_demo', 'symlink_install': False, 'test_result_base': None}
[0.357s] INFO:colcon.colcon_core.executor:Executing jobs using 'parallel' executor
[0.358s] DEBUG:colcon.colcon_parallel_executor.executor.parallel:run_until_complete
[0.358s] INFO:colcon.colcon_ros.task.ament_cmake.build:Building ROS package in '/home/senseri/ros2_ws/src/serial_motor_demo_msgs' with build type 'ament_cmake'
[0.358s] INFO:colcon.colcon_cmake.task.cmake.build:Building CMake package in '/home/senseri/ros2_ws/src/serial_motor_demo_msgs'
[0.360s] INFO:colcon.colcon_core.plugin_system:Skipping extension 'colcon_core.shell.bat': Not used on non-Windows systems
[0.360s] INFO:colcon.colcon_core.shell:Skip shell extension 'powershell' for command environment: Not usable outside of PowerShell
[0.360s] DEBUG:colcon.colcon_core.shell:Skip shell extension 'dsv' for command environment
[0.362s] INFO:colcon.colcon_ros.task.ament_cmake.build:Building ROS package in '/home/senseri/ros2_ws/src/diffdrive_arduino-humble' with build type 'ament_cmake'
[0.362s] INFO:colcon.colcon_cmake.task.cmake.build:Building CMake package in '/home/senseri/ros2_ws/src/diffdrive_arduino-humble'
[0.362s] INFO:colcon.colcon_core.shell:Skip shell extension 'powershell' for command environment: Not usable outside of PowerShell
[0.363s] DEBUG:colcon.colcon_core.shell:Skip shell extension 'dsv' for command environment
[0.364s] INFO:colcon.colcon_ros.task.ament_cmake.build:Building ROS package in '/home/senseri/ros2_ws/src/my_bot' with build type 'ament_cmake'
[0.365s] INFO:colcon.colcon_cmake.task.cmake.build:Building CMake package in '/home/senseri/ros2_ws/src/my_bot'
[0.365s] INFO:colcon.colcon_core.shell:Skip shell extension 'powershell' for command environment: Not usable outside of PowerShell
[0.365s] DEBUG:colcon.colcon_core.shell:Skip shell extension 'dsv' for command environment
[0.370s] DEBUG:colcon.colcon_core.event_handler.log_command:Invoking command in '/home/senseri/ros2_ws/build/serial_motor_demo_msgs': CMAKE_PREFIX_PATH=${CMAKE_PREFIX_PATH}:/home/senseri/ros2_ws/install/serial_motor_demo:/opt/ros/humble /usr/bin/cmake --build /home/senseri/ros2_ws/build/serial_motor_demo_msgs -- -j12 -l12
[0.373s] DEBUG:colcon.colcon_core.event_handler.log_command:Invoking command in '/home/senseri/ros2_ws/build/diffdrive_arduino': CMAKE_PREFIX_PATH=${CMAKE_PREFIX_PATH}:/home/senseri/ros2_ws/install/serial_motor_demo:/opt/ros/humble /usr/bin/cmake --build /home/senseri/ros2_ws/build/diffdrive_arduino -- -j12 -l12
[0.375s] DEBUG:colcon.colcon_core.event_handler.log_command:Invoking command in '/home/senseri/ros2_ws/build/my_bot': CMAKE_PREFIX_PATH=${CMAKE_PREFIX_PATH}:/home/senseri/ros2_ws/install/serial_motor_demo:/opt/ros/humble /usr/bin/cmake --build /home/senseri/ros2_ws/build/my_bot -- -j12 -l12
[0.405s] DEBUG:colcon.colcon_core.event_handler.log_command:Invoked command in '/home/senseri/ros2_ws/build/my_bot' returned '0': CMAKE_PREFIX_PATH=${CMAKE_PREFIX_PATH}:/home/senseri/ros2_ws/install/serial_motor_demo:/opt/ros/humble /usr/bin/cmake --build /home/senseri/ros2_ws/build/my_bot -- -j12 -l12
[0.419s] DEBUG:colcon.colcon_core.event_handler.log_command:Invoking command in '/home/senseri/ros2_ws/build/my_bot': CMAKE_PREFIX_PATH=${CMAKE_PREFIX_PATH}:/home/senseri/ros2_ws/install/serial_motor_demo:/opt/ros/humble /usr/bin/cmake --install /home/senseri/ros2_ws/build/my_bot
[0.433s] DEBUG:colcon.colcon_core.event_handler.log_command:Invoked command in '/home/senseri/ros2_ws/build/diffdrive_arduino' returned '0': CMAKE_PREFIX_PATH=${CMAKE_PREFIX_PATH}:/home/senseri/ros2_ws/install/serial_motor_demo:/opt/ros/humble /usr/bin/cmake --build /home/senseri/ros2_ws/build/diffdrive_arduino -- -j12 -l12
[0.434s] DEBUG:colcon.colcon_core.event_handler.log_command:Invoking command in '/home/senseri/ros2_ws/build/diffdrive_arduino': CMAKE_PREFIX_PATH=${CMAKE_PREFIX_PATH}:/home/senseri/ros2_ws/install/serial_motor_demo:/opt/ros/humble /usr/bin/cmake --install /home/senseri/ros2_ws/build/diffdrive_arduino
[0.450s] Level 1:colcon.colcon_core.environment:create_environment_scripts_only(my_bot)
[0.451s] DEBUG:colcon.colcon_core.event_handler.log_command:Invoked command in '/home/senseri/ros2_ws/build/my_bot' returned '0': CMAKE_PREFIX_PATH=${CMAKE_PREFIX_PATH}:/home/senseri/ros2_ws/install/serial_motor_demo:/opt/ros/humble /usr/bin/cmake --install /home/senseri/ros2_ws/build/my_bot
[0.456s] Level 1:colcon.colcon_core.environment:checking '/home/senseri/ros2_ws/install/my_bot' for CMake module files
[0.456s] Level 1:colcon.colcon_core.environment:checking '/home/senseri/ros2_ws/install/my_bot' for CMake config files
[0.457s] Level 1:colcon.colcon_core.shell:create_environment_hook('my_bot', 'cmake_prefix_path')
[0.457s] INFO:colcon.colcon_core.shell:Creating environment hook '/home/senseri/ros2_ws/install/my_bot/share/my_bot/hook/cmake_prefix_path.ps1'
[0.458s] INFO:colcon.colcon_core.shell:Creating environment descriptor '/home/senseri/ros2_ws/install/my_bot/share/my_bot/hook/cmake_prefix_path.dsv'
[0.458s] INFO:colcon.colcon_core.shell:Creating environment hook '/home/senseri/ros2_ws/install/my_bot/share/my_bot/hook/cmake_prefix_path.sh'
[0.459s] Level 1:colcon.colcon_core.environment:checking '/home/senseri/ros2_ws/install/my_bot/lib'
[0.459s] Level 1:colcon.colcon_core.environment:checking '/home/senseri/ros2_ws/install/my_bot/bin'
[0.459s] Level 1:colcon.colcon_core.environment:checking '/home/senseri/ros2_ws/install/my_bot/lib/pkgconfig/my_bot.pc'
[0.459s] Level 1:colcon.colcon_core.environment:checking '/home/senseri/ros2_ws/install/my_bot/lib/python3.10/site-packages'
[0.459s] Level 1:colcon.colcon_core.environment:checking '/home/senseri/ros2_ws/install/my_bot/bin'
[0.459s] INFO:colcon.colcon_core.shell:Creating package script '/home/senseri/ros2_ws/install/my_bot/share/my_bot/package.ps1'
[0.460s] INFO:colcon.colcon_core.shell:Creating package descriptor '/home/senseri/ros2_ws/install/my_bot/share/my_bot/package.dsv'
[0.460s] INFO:colcon.colcon_core.shell:Creating package script '/home/senseri/ros2_ws/install/my_bot/share/my_bot/package.sh'
[0.461s] INFO:colcon.colcon_core.shell:Creating package script '/home/senseri/ros2_ws/install/my_bot/share/my_bot/package.bash'
[0.461s] INFO:colcon.colcon_core.shell:Creating package script '/home/senseri/ros2_ws/install/my_bot/share/my_bot/package.zsh'
[0.462s] Level 1:colcon.colcon_core.environment:create_file_with_runtime_dependencies(/home/senseri/ros2_ws/install/my_bot/share/colcon-core/packages/my_bot)
[0.462s] Level 1:colcon.colcon_core.environment:create_environment_scripts_only(my_bot)
[0.462s] Level 1:colcon.colcon_core.environment:checking '/home/senseri/ros2_ws/install/my_bot' for CMake module files
[0.462s] Level 1:colcon.colcon_core.environment:checking '/home/senseri/ros2_ws/install/my_bot' for CMake config files
[0.463s] Level 1:colcon.colcon_core.shell:create_environment_hook('my_bot', 'cmake_prefix_path')
[0.463s] INFO:colcon.colcon_core.shell:Creating environment hook '/home/senseri/ros2_ws/install/my_bot/share/my_bot/hook/cmake_prefix_path.ps1'
[0.463s] INFO:colcon.colcon_core.shell:Creating environment descriptor '/home/senseri/ros2_ws/install/my_bot/share/my_bot/hook/cmake_prefix_path.dsv'
[0.463s] INFO:colcon.colcon_core.shell:Creating environment hook '/home/senseri/ros2_ws/install/my_bot/share/my_bot/hook/cmake_prefix_path.sh'
[0.463s] Level 1:colcon.colcon_core.environment:checking '/home/senseri/ros2_ws/install/my_bot/lib'
[0.464s] Level 1:colcon.colcon_core.environment:checking '/home/senseri/ros2_ws/install/my_bot/bin'
[0.464s] Level 1:colcon.colcon_core.environment:checking '/home/senseri/ros2_ws/install/my_bot/lib/pkgconfig/my_bot.pc'
[0.464s] Level 1:colcon.colcon_core.environment:checking '/home/senseri/ros2_ws/install/my_bot/lib/python3.10/site-packages'
[0.464s] Level 1:colcon.colcon_core.environment:checking '/home/senseri/ros2_ws/install/my_bot/bin'
[0.464s] INFO:colcon.colcon_core.shell:Creating package script '/home/senseri/ros2_ws/install/my_bot/share/my_bot/package.ps1'
[0.464s] INFO:colcon.colcon_core.shell:Creating package descriptor '/home/senseri/ros2_ws/install/my_bot/share/my_bot/package.dsv'
[0.465s] INFO:colcon.colcon_core.shell:Creating package script '/home/senseri/ros2_ws/install/my_bot/share/my_bot/package.sh'
[0.465s] INFO:colcon.colcon_core.shell:Creating package script '/home/senseri/ros2_ws/install/my_bot/share/my_bot/package.bash'
[0.465s] INFO:colcon.colcon_core.shell:Creating package script '/home/senseri/ros2_ws/install/my_bot/share/my_bot/package.zsh'
[0.465s] Level 1:colcon.colcon_core.environment:create_file_with_runtime_dependencies(/home/senseri/ros2_ws/install/my_bot/share/colcon-core/packages/my_bot)
[0.466s] Level 1:colcon.colcon_core.environment:create_environment_scripts_only(diffdrive_arduino)
[0.466s] Level 1:colcon.colcon_core.environment:checking '/home/senseri/ros2_ws/install/diffdrive_arduino' for CMake module files
[0.467s] DEBUG:colcon.colcon_core.event_handler.log_command:Invoked command in '/home/senseri/ros2_ws/build/diffdrive_arduino' returned '0': CMAKE_PREFIX_PATH=${CMAKE_PREFIX_PATH}:/home/senseri/ros2_ws/install/serial_motor_demo:/opt/ros/humble /usr/bin/cmake --install /home/senseri/ros2_ws/build/diffdrive_arduino
[0.467s] Level 1:colcon.colcon_core.environment:checking '/home/senseri/ros2_ws/install/diffdrive_arduino' for CMake config files
[0.468s] Level 1:colcon.colcon_core.shell:create_environment_hook('diffdrive_arduino', 'cmake_prefix_path')
[0.468s] INFO:colcon.colcon_core.shell:Creating environment hook '/home/senseri/ros2_ws/install/diffdrive_arduino/share/diffdrive_arduino/hook/cmake_prefix_path.ps1'
[0.469s] INFO:colcon.colcon_core.shell:Creating environment descriptor '/home/senseri/ros2_ws/install/diffdrive_arduino/share/diffdrive_arduino/hook/cmake_prefix_path.dsv'
[0.469s] INFO:colcon.colcon_core.shell:Creating environment hook '/home/senseri/ros2_ws/install/diffdrive_arduino/share/diffdrive_arduino/hook/cmake_prefix_path.sh'
[0.470s] Level 1:colcon.colcon_core.environment:checking '/home/senseri/ros2_ws/install/diffdrive_arduino/lib'
[0.470s] Level 1:colcon.colcon_core.shell:create_environment_hook('diffdrive_arduino', 'ld_library_path_lib')
[0.470s] INFO:colcon.colcon_core.shell:Creating environment hook '/home/senseri/ros2_ws/install/diffdrive_arduino/share/diffdrive_arduino/hook/ld_library_path_lib.ps1'
[0.470s] INFO:colcon.colcon_core.shell:Creating environment descriptor '/home/senseri/ros2_ws/install/diffdrive_arduino/share/diffdrive_arduino/hook/ld_library_path_lib.dsv'
[0.471s] INFO:colcon.colcon_core.shell:Creating environment hook '/home/senseri/ros2_ws/install/diffdrive_arduino/share/diffdrive_arduino/hook/ld_library_path_lib.sh'
[0.471s] Level 1:colcon.colcon_core.environment:checking '/home/senseri/ros2_ws/install/diffdrive_arduino/bin'
[0.471s] Level 1:colcon.colcon_core.environment:checking '/home/senseri/ros2_ws/install/diffdrive_arduino/lib/pkgconfig/diffdrive_arduino.pc'
[0.471s] Level 1:colcon.colcon_core.environment:checking '/home/senseri/ros2_ws/install/diffdrive_arduino/lib/python3.10/site-packages'
[0.472s] Level 1:colcon.colcon_core.environment:checking '/home/senseri/ros2_ws/install/diffdrive_arduino/bin'
[0.472s] INFO:colcon.colcon_core.shell:Creating package script '/home/senseri/ros2_ws/install/diffdrive_arduino/share/diffdrive_arduino/package.ps1'
[0.472s] INFO:colcon.colcon_core.shell:Creating package descriptor '/home/senseri/ros2_ws/install/diffdrive_arduino/share/diffdrive_arduino/package.dsv'
[0.473s] INFO:colcon.colcon_core.shell:Creating package script '/home/senseri/ros2_ws/install/diffdrive_arduino/share/diffdrive_arduino/package.sh'
[0.473s] INFO:colcon.colcon_core.shell:Creating package script '/home/senseri/ros2_ws/install/diffdrive_arduino/share/diffdrive_arduino/package.bash'
[0.474s] INFO:colcon.colcon_core.shell:Creating package script '/home/senseri/ros2_ws/install/diffdrive_arduino/share/diffdrive_arduino/package.zsh'
[0.474s] Level 1:colcon.colcon_core.environment:create_file_with_runtime_dependencies(/home/senseri/ros2_ws/install/diffdrive_arduino/share/colcon-core/packages/diffdrive_arduino)
[0.474s] Level 1:colcon.colcon_core.environment:create_environment_scripts_only(diffdrive_arduino)
[0.475s] Level 1:colcon.colcon_core.environment:checking '/home/senseri/ros2_ws/install/diffdrive_arduino' for CMake module files
[0.475s] Level 1:colcon.colcon_core.environment:checking '/home/senseri/ros2_ws/install/diffdrive_arduino' for CMake config files
[0.476s] Level 1:colcon.colcon_core.shell:create_environment_hook('diffdrive_arduino', 'cmake_prefix_path')
[0.476s] INFO:colcon.colcon_core.shell:Creating environment hook '/home/senseri/ros2_ws/install/diffdrive_arduino/share/diffdrive_arduino/hook/cmake_prefix_path.ps1'
[0.476s] INFO:colcon.colcon_core.shell:Creating environment descriptor '/home/senseri/ros2_ws/install/diffdrive_arduino/share/diffdrive_arduino/hook/cmake_prefix_path.dsv'
[0.477s] INFO:colcon.colcon_core.shell:Creating environment hook '/home/senseri/ros2_ws/install/diffdrive_arduino/share/diffdrive_arduino/hook/cmake_prefix_path.sh'
[0.477s] Level 1:colcon.colcon_core.environment:checking '/home/senseri/ros2_ws/install/diffdrive_arduino/lib'
[0.477s] Level 1:colcon.colcon_core.shell:create_environment_hook('diffdrive_arduino', 'ld_library_path_lib')
[0.477s] INFO:colcon.colcon_core.shell:Creating environment hook '/home/senseri/ros2_ws/install/diffdrive_arduino/share/diffdrive_arduino/hook/ld_library_path_lib.ps1'
[0.478s] INFO:colcon.colcon_core.shell:Creating environment descriptor '/home/senseri/ros2_ws/install/diffdrive_arduino/share/diffdrive_arduino/hook/ld_library_path_lib.dsv'
[0.478s] INFO:colcon.colcon_core.shell:Creating environment hook '/home/senseri/ros2_ws/install/diffdrive_arduino/share/diffdrive_arduino/hook/ld_library_path_lib.sh'
[0.478s] Level 1:colcon.colcon_core.environment:checking '/home/senseri/ros2_ws/install/diffdrive_arduino/bin'
[0.479s] Level 1:colcon.colcon_core.environment:checking '/home/senseri/ros2_ws/install/diffdrive_arduino/lib/pkgconfig/diffdrive_arduino.pc'
[0.479s] Level 1:colcon.colcon_core.environment:checking '/home/senseri/ros2_ws/install/diffdrive_arduino/lib/python3.10/site-packages'
[0.479s] Level 1:colcon.colcon_core.environment:checking '/home/senseri/ros2_ws/install/diffdrive_arduino/bin'
[0.479s] INFO:colcon.colcon_core.shell:Creating package script '/home/senseri/ros2_ws/install/diffdrive_arduino/share/diffdrive_arduino/package.ps1'
[0.480s] INFO:colcon.colcon_core.shell:Creating package descriptor '/home/senseri/ros2_ws/install/diffdrive_arduino/share/diffdrive_arduino/package.dsv'
[0.480s] INFO:colcon.colcon_core.shell:Creating package script '/home/senseri/ros2_ws/install/diffdrive_arduino/share/diffdrive_arduino/package.sh'
[0.481s] INFO:colcon.colcon_core.shell:Creating package script '/home/senseri/ros2_ws/install/diffdrive_arduino/share/diffdrive_arduino/package.bash'
[0.481s] INFO:colcon.colcon_core.shell:Creating package script '/home/senseri/ros2_ws/install/diffdrive_arduino/share/diffdrive_arduino/package.zsh'
[0.481s] Level 1:colcon.colcon_core.environment:create_file_with_runtime_dependencies(/home/senseri/ros2_ws/install/diffdrive_arduino/share/colcon-core/packages/diffdrive_arduino)
[0.632s] DEBUG:colcon.colcon_core.event_handler.log_command:Invoked command in '/home/senseri/ros2_ws/build/serial_motor_demo_msgs' returned '0': CMAKE_PREFIX_PATH=${CMAKE_PREFIX_PATH}:/home/senseri/ros2_ws/install/serial_motor_demo:/opt/ros/humble /usr/bin/cmake --build /home/senseri/ros2_ws/build/serial_motor_demo_msgs -- -j12 -l12
[0.633s] DEBUG:colcon.colcon_core.event_handler.log_command:Invoking command in '/home/senseri/ros2_ws/build/serial_motor_demo_msgs': CMAKE_PREFIX_PATH=${CMAKE_PREFIX_PATH}:/home/senseri/ros2_ws/install/serial_motor_demo:/opt/ros/humble /usr/bin/cmake --install /home/senseri/ros2_ws/build/serial_motor_demo_msgs
[0.689s] Level 1:colcon.colcon_core.environment:create_environment_scripts_only(serial_motor_demo_msgs)
[0.690s] Level 1:colcon.colcon_core.environment:checking '/home/senseri/ros2_ws/install/serial_motor_demo_msgs' for CMake module files
[0.690s] DEBUG:colcon.colcon_core.event_handler.log_command:Invoked command in '/home/senseri/ros2_ws/build/serial_motor_demo_msgs' returned '0': CMAKE_PREFIX_PATH=${CMAKE_PREFIX_PATH}:/home/senseri/ros2_ws/install/serial_motor_demo:/opt/ros/humble /usr/bin/cmake --install /home/senseri/ros2_ws/build/serial_motor_demo_msgs
[0.691s] Level 1:colcon.colcon_core.environment:checking '/home/senseri/ros2_ws/install/serial_motor_demo_msgs' for CMake config files
[0.692s] Level 1:colcon.colcon_core.shell:create_environment_hook('serial_motor_demo_msgs', 'cmake_prefix_path')
[0.692s] INFO:colcon.colcon_core.shell:Creating environment hook '/home/senseri/ros2_ws/install/serial_motor_demo_msgs/share/serial_motor_demo_msgs/hook/cmake_prefix_path.ps1'
[0.693s] INFO:colcon.colcon_core.shell:Creating environment descriptor '/home/senseri/ros2_ws/install/serial_motor_demo_msgs/share/serial_motor_demo_msgs/hook/cmake_prefix_path.dsv'
[0.693s] INFO:colcon.colcon_core.shell:Creating environment hook '/home/senseri/ros2_ws/install/serial_motor_demo_msgs/share/serial_motor_demo_msgs/hook/cmake_prefix_path.sh'
[0.693s] Level 1:colcon.colcon_core.environment:checking '/home/senseri/ros2_ws/install/serial_motor_demo_msgs/lib'
[0.694s] Level 1:colcon.colcon_core.shell:create_environment_hook('serial_motor_demo_msgs', 'ld_library_path_lib')
[0.694s] INFO:colcon.colcon_core.shell:Creating environment hook '/home/senseri/ros2_ws/install/serial_motor_demo_msgs/share/serial_motor_demo_msgs/hook/ld_library_path_lib.ps1'
[0.694s] INFO:colcon.colcon_core.shell:Creating environment descriptor '/home/senseri/ros2_ws/install/serial_motor_demo_msgs/share/serial_motor_demo_msgs/hook/ld_library_path_lib.dsv'
[0.694s] INFO:colcon.colcon_core.shell:Creating environment hook '/home/senseri/ros2_ws/install/serial_motor_demo_msgs/share/serial_motor_demo_msgs/hook/ld_library_path_lib.sh'
[0.695s] Level 1:colcon.colcon_core.environment:checking '/home/senseri/ros2_ws/install/serial_motor_demo_msgs/bin'
[0.695s] Level 1:colcon.colcon_core.environment:checking '/home/senseri/ros2_ws/install/serial_motor_demo_msgs/lib/pkgconfig/serial_motor_demo_msgs.pc'
[0.695s] Level 1:colcon.colcon_core.environment:checking '/home/senseri/ros2_ws/install/serial_motor_demo_msgs/lib/python3.10/site-packages'
[0.695s] Level 1:colcon.colcon_core.environment:checking '/home/senseri/ros2_ws/install/serial_motor_demo_msgs/bin'
[0.696s] INFO:colcon.colcon_core.shell:Creating package script '/home/senseri/ros2_ws/install/serial_motor_demo_msgs/share/serial_motor_demo_msgs/package.ps1'
[0.696s] INFO:colcon.colcon_core.shell:Creating package descriptor '/home/senseri/ros2_ws/install/serial_motor_demo_msgs/share/serial_motor_demo_msgs/package.dsv'
[0.696s] INFO:colcon.colcon_core.shell:Creating package script '/home/senseri/ros2_ws/install/serial_motor_demo_msgs/share/serial_motor_demo_msgs/package.sh'
[0.697s] INFO:colcon.colcon_core.shell:Creating package script '/home/senseri/ros2_ws/install/serial_motor_demo_msgs/share/serial_motor_demo_msgs/package.bash'
[0.697s] INFO:colcon.colcon_core.shell:Creating package script '/home/senseri/ros2_ws/install/serial_motor_demo_msgs/share/serial_motor_demo_msgs/package.zsh'
[0.697s] Level 1:colcon.colcon_core.environment:create_file_with_runtime_dependencies(/home/senseri/ros2_ws/install/serial_motor_demo_msgs/share/colcon-core/packages/serial_motor_demo_msgs)
[0.698s] Level 1:colcon.colcon_core.environment:create_environment_scripts_only(serial_motor_demo_msgs)
[0.698s] Level 1:colcon.colcon_core.environment:checking '/home/senseri/ros2_ws/install/serial_motor_demo_msgs' for CMake module files
[0.699s] Level 1:colcon.colcon_core.environment:checking '/home/senseri/ros2_ws/install/serial_motor_demo_msgs' for CMake config files
[0.699s] Level 1:colcon.colcon_core.shell:create_environment_hook('serial_motor_demo_msgs', 'cmake_prefix_path')
[0.699s] INFO:colcon.colcon_core.shell:Creating environment hook '/home/senseri/ros2_ws/install/serial_motor_demo_msgs/share/serial_motor_demo_msgs/hook/cmake_prefix_path.ps1'
[0.700s] INFO:colcon.colcon_core.shell:Creating environment descriptor '/home/senseri/ros2_ws/install/serial_motor_demo_msgs/share/serial_motor_demo_msgs/hook/cmake_prefix_path.dsv'
[0.700s] INFO:colcon.colcon_core.shell:Creating environment hook '/home/senseri/ros2_ws/install/serial_motor_demo_msgs/share/serial_motor_demo_msgs/hook/cmake_prefix_path.sh'
[0.700s] Level 1:colcon.colcon_core.environment:checking '/home/senseri/ros2_ws/install/serial_motor_demo_msgs/lib'
[0.700s] Level 1:colcon.colcon_core.shell:create_environment_hook('serial_motor_demo_msgs', 'ld_library_path_lib')
[0.700s] INFO:colcon.colcon_core.shell:Creating environment hook '/home/senseri/ros2_ws/install/serial_motor_demo_msgs/share/serial_motor_demo_msgs/hook/ld_library_path_lib.ps1'
[0.700s] INFO:colcon.colcon_core.shell:Creating environment descriptor '/home/senseri/ros2_ws/install/serial_motor_demo_msgs/share/serial_motor_demo_msgs/hook/ld_library_path_lib.dsv'
[0.701s] INFO:colcon.colcon_core.shell:Creating environment hook '/home/senseri/ros2_ws/install/serial_motor_demo_msgs/share/serial_motor_demo_msgs/hook/ld_library_path_lib.sh'
[0.701s] Level 1:colcon.colcon_core.environment:checking '/home/senseri/ros2_ws/install/serial_motor_demo_msgs/bin'
[0.701s] Level 1:colcon.colcon_core.environment:checking '/home/senseri/ros2_ws/install/serial_motor_demo_msgs/lib/pkgconfig/serial_motor_demo_msgs.pc'
[0.701s] Level 1:colcon.colcon_core.environment:checking '/home/senseri/ros2_ws/install/serial_motor_demo_msgs/lib/python3.10/site-packages'
[0.701s] Level 1:colcon.colcon_core.environment:checking '/home/senseri/ros2_ws/install/serial_motor_demo_msgs/bin'
[0.701s] INFO:colcon.colcon_core.shell:Creating package script '/home/senseri/ros2_ws/install/serial_motor_demo_msgs/share/serial_motor_demo_msgs/package.ps1'
[0.702s] INFO:colcon.colcon_core.shell:Creating package descriptor '/home/senseri/ros2_ws/install/serial_motor_demo_msgs/share/serial_motor_demo_msgs/package.dsv'
[0.702s] INFO:colcon.colcon_core.shell:Creating package script '/home/senseri/ros2_ws/install/serial_motor_demo_msgs/share/serial_motor_demo_msgs/package.sh'
[0.702s] INFO:colcon.colcon_core.shell:Creating package script '/home/senseri/ros2_ws/install/serial_motor_demo_msgs/share/serial_motor_demo_msgs/package.bash'
[0.702s] INFO:colcon.colcon_core.shell:Creating package script '/home/senseri/ros2_ws/install/serial_motor_demo_msgs/share/serial_motor_demo_msgs/package.zsh'
[0.702s] Level 1:colcon.colcon_core.environment:create_file_with_runtime_dependencies(/home/senseri/ros2_ws/install/serial_motor_demo_msgs/share/colcon-core/packages/serial_motor_demo_msgs)
[0.703s] INFO:colcon.colcon_ros.task.ament_python.build:Building ROS package in '/home/senseri/ros2_ws/src/serial_motor_demo' with build type 'ament_python'
[0.703s] Level 1:colcon.colcon_core.shell:create_environment_hook('serial_motor_demo', 'ament_prefix_path')
[0.703s] INFO:colcon.colcon_core.shell:Creating environment hook '/home/senseri/ros2_ws/install/serial_motor_demo/share/serial_motor_demo/hook/ament_prefix_path.ps1'
[0.703s] INFO:colcon.colcon_core.shell:Creating environment descriptor '/home/senseri/ros2_ws/install/serial_motor_demo/share/serial_motor_demo/hook/ament_prefix_path.dsv'
[0.703s] INFO:colcon.colcon_core.shell:Creating environment hook '/home/senseri/ros2_ws/install/serial_motor_demo/share/serial_motor_demo/hook/ament_prefix_path.sh'
[0.704s] INFO:colcon.colcon_core.shell:Skip shell extension 'powershell' for command environment: Not usable outside of PowerShell
[0.704s] DEBUG:colcon.colcon_core.shell:Skip shell extension 'dsv' for command environment
[0.885s] INFO:colcon.colcon_core.task.python.build:Building Python package in '/home/senseri/ros2_ws/src/serial_motor_demo'
[0.886s] INFO:colcon.colcon_core.shell:Skip shell extension 'powershell' for command environment: Not usable outside of PowerShell
[0.886s] DEBUG:colcon.colcon_core.shell:Skip shell extension 'dsv' for command environment
[1.235s] DEBUG:colcon.colcon_core.event_handler.log_command:Invoking command in '/home/senseri/ros2_ws/src/serial_motor_demo': PYTHONPATH=/home/senseri/ros2_ws/build/serial_motor_demo/prefix_override:/usr/lib/python3/dist-packages/colcon_core/task/python/colcon_distutils_commands:/home/senseri/ros2_ws/install/serial_motor_demo/lib/python3.10/site-packages:${PYTHONPATH} /usr/bin/python3 -W ignore:setup.py install is deprecated -W ignore:easy_install command is deprecated setup.py egg_info --egg-base ../../build/serial_motor_demo build --build-base /home/senseri/ros2_ws/build/serial_motor_demo/build install --record /home/senseri/ros2_ws/build/serial_motor_demo/install.log --install-scripts $base/lib/serial_motor_demo --single-version-externally-managed install_data
[1.457s] Level 1:colcon.colcon_core.environment:checking '/home/senseri/ros2_ws/install/serial_motor_demo' for CMake module files
[1.458s] DEBUG:colcon.colcon_core.event_handler.log_command:Invoked command in '/home/senseri/ros2_ws/src/serial_motor_demo' returned '0': PYTHONPATH=/home/senseri/ros2_ws/build/serial_motor_demo/prefix_override:/usr/lib/python3/dist-packages/colcon_core/task/python/colcon_distutils_commands:/home/senseri/ros2_ws/install/serial_motor_demo/lib/python3.10/site-packages:${PYTHONPATH} /usr/bin/python3 -W ignore:setup.py install is deprecated -W ignore:easy_install command is deprecated setup.py egg_info --egg-base ../../build/serial_motor_demo build --build-base /home/senseri/ros2_ws/build/serial_motor_demo/build install --record /home/senseri/ros2_ws/build/serial_motor_demo/install.log --install-scripts $base/lib/serial_motor_demo --single-version-externally-managed install_data
[1.458s] Level 1:colcon.colcon_core.environment:checking '/home/senseri/ros2_ws/install/serial_motor_demo' for CMake config files
[1.458s] Level 1:colcon.colcon_core.environment:checking '/home/senseri/ros2_ws/install/serial_motor_demo/lib'
[1.458s] Level 1:colcon.colcon_core.environment:checking '/home/senseri/ros2_ws/install/serial_motor_demo/bin'
[1.458s] Level 1:colcon.colcon_core.environment:checking '/home/senseri/ros2_ws/install/serial_motor_demo/lib/pkgconfig/serial_motor_demo.pc'
[1.458s] Level 1:colcon.colcon_core.environment:checking '/home/senseri/ros2_ws/install/serial_motor_demo/lib/python3.10/site-packages'
[1.458s] Level 1:colcon.colcon_core.shell:create_environment_hook('serial_motor_demo', 'pythonpath')
[1.459s] INFO:colcon.colcon_core.shell:Creating environment hook '/home/senseri/ros2_ws/install/serial_motor_demo/share/serial_motor_demo/hook/pythonpath.ps1'
[1.459s] INFO:colcon.colcon_core.shell:Creating environment descriptor '/home/senseri/ros2_ws/install/serial_motor_demo/share/serial_motor_demo/hook/pythonpath.dsv'
[1.459s] INFO:colcon.colcon_core.shell:Creating environment hook '/home/senseri/ros2_ws/install/serial_motor_demo/share/serial_motor_demo/hook/pythonpath.sh'
[1.459s] Level 1:colcon.colcon_core.environment:checking '/home/senseri/ros2_ws/install/serial_motor_demo/bin'
[1.459s] Level 1:colcon.colcon_core.environment:create_environment_scripts_only(serial_motor_demo)
[1.460s] INFO:colcon.colcon_core.shell:Creating package script '/home/senseri/ros2_ws/install/serial_motor_demo/share/serial_motor_demo/package.ps1'
[1.460s] INFO:colcon.colcon_core.shell:Creating package descriptor '/home/senseri/ros2_ws/install/serial_motor_demo/share/serial_motor_demo/package.dsv'
[1.460s] INFO:colcon.colcon_core.shell:Creating package script '/home/senseri/ros2_ws/install/serial_motor_demo/share/serial_motor_demo/package.sh'
[1.460s] INFO:colcon.colcon_core.shell:Creating package script '/home/senseri/ros2_ws/install/serial_motor_demo/share/serial_motor_demo/package.bash'
[1.460s] INFO:colcon.colcon_core.shell:Creating package script '/home/senseri/ros2_ws/install/serial_motor_demo/share/serial_motor_demo/package.zsh'
[1.461s] Level 1:colcon.colcon_core.environment:create_file_with_runtime_dependencies(/home/senseri/ros2_ws/install/serial_motor_demo/share/colcon-core/packages/serial_motor_demo)
[1.461s] DEBUG:colcon.colcon_parallel_executor.executor.parallel:closing loop
[1.461s] DEBUG:colcon.colcon_parallel_executor.executor.parallel:loop closed
[1.461s] DEBUG:colcon.colcon_parallel_executor.executor.parallel:run_until_complete finished with '0'
[1.461s] DEBUG:colcon.colcon_core.event_reactor:joining thread
[1.465s] INFO:colcon.colcon_core.plugin_system:Skipping extension 'colcon_notification.desktop_notification.terminal_notifier': Not used on non-Darwin systems
[1.465s] INFO:colcon.colcon_core.plugin_system:Skipping extension 'colcon_notification.desktop_notification.win32': Not used on non-Windows systems
[1.465s] INFO:colcon.colcon_notification.desktop_notification:Sending desktop notification using 'notify2'
[1.479s] DEBUG:colcon.colcon_core.event_reactor:joined thread
[1.479s] INFO:colcon.colcon_core.shell:Creating prefix script '/home/senseri/ros2_ws/install/local_setup.ps1'
[1.480s] INFO:colcon.colcon_core.shell:Creating prefix util module '/home/senseri/ros2_ws/install/_local_setup_util_ps1.py'
[1.481s] INFO:colcon.colcon_core.shell:Creating prefix chain script '/home/senseri/ros2_ws/install/setup.ps1'
[1.482s] INFO:colcon.colcon_core.shell:Creating prefix script '/home/senseri/ros2_ws/install/local_setup.sh'
[1.482s] INFO:colcon.colcon_core.shell:Creating prefix util module '/home/senseri/ros2_ws/install/_local_setup_util_sh.py'
[1.483s] INFO:colcon.colcon_core.shell:Creating prefix chain script '/home/senseri/ros2_ws/install/setup.sh'
[1.484s] INFO:colcon.colcon_core.shell:Creating prefix script '/home/senseri/ros2_ws/install/local_setup.bash'
[1.484s] INFO:colcon.colcon_core.shell:Creating prefix chain script '/home/senseri/ros2_ws/install/setup.bash'
[1.485s] INFO:colcon.colcon_core.shell:Creating prefix script '/home/senseri/ros2_ws/install/local_setup.zsh'
[1.485s] INFO:colcon.colcon_core.shell:Creating prefix chain script '/home/senseri/ros2_ws/install/setup.zsh'
