[0.070s] DEBUG:colcon:Command line arguments: ['/usr/bin/colcon', 'build']
[0.070s] DEBUG:colcon:Parsed command line arguments: Namespace(log_base=None, log_level=None, verb_name='build', build_base='build', install_base='install', merge_install=False, symlink_install=False, test_result_base=None, continue_on_error=False, executor='parallel', parallel_workers=12, event_handlers=None, ignore_user_meta=False, metas=['./colcon.meta'], base_paths=['.'], packages_ignore=None, packages_ignore_regex=None, paths=None, packages_up_to=None, packages_up_to_regex=None, packages_above=None, packages_above_and_dependencies=None, packages_above_depth=None, packages_select_by_dep=None, packages_skip_by_dep=None, packages_skip_up_to=None, packages_select_build_failed=False, packages_skip_build_finished=False, packages_select_test_failures=False, packages_skip_test_passed=False, packages_select=None, packages_skip=None, packages_select_regex=None, packages_skip_regex=None, packages_start=None, packages_end=None, allow_overriding=[], cmake_args=None, cmake_target=None, cmake_target_skip_unavailable=False, cmake_clean_cache=False, cmake_clean_first=False, cmake_force_configure=False, ament_cmake_args=None, catkin_cmake_args=None, catkin_skip_building_tests=False, verb_parser=<colcon_defaults.argument_parser.defaults.DefaultArgumentsDecorator object at 0x7a71b5075090>, verb_extension=<colcon_core.verb.build.BuildVerb object at 0x7a71b5074b80>, main=<bound method BuildVerb.main of <colcon_core.verb.build.BuildVerb object at 0x7a71b5074b80>>)
[0.171s] Level 1:colcon.colcon_core.package_discovery:discover_packages(colcon_meta) check parameters
[0.171s] Level 1:colcon.colcon_core.package_discovery:discover_packages(recursive) check parameters
[0.171s] Level 1:colcon.colcon_core.package_discovery:discover_packages(ignore) check parameters
[0.171s] Level 1:colcon.colcon_core.package_discovery:discover_packages(path) check parameters
[0.171s] Level 1:colcon.colcon_core.package_discovery:discover_packages(colcon_meta) discover
[0.171s] Level 1:colcon.colcon_core.package_discovery:discover_packages(recursive) discover
[0.171s] INFO:colcon.colcon_core.package_discovery:Crawling recursively for packages in '/home/senseri/ros2_ws'
[0.171s] Level 1:colcon.colcon_core.package_identification:_identify(.) by extensions ['ignore', 'ignore_ament_install']
[0.171s] Level 1:colcon.colcon_core.package_identification:_identify(.) by extension 'ignore'
[0.171s] Level 1:colcon.colcon_core.package_identification:_identify(.) by extension 'ignore_ament_install'
[0.171s] Level 1:colcon.colcon_core.package_identification:_identify(.) by extensions ['colcon_pkg']
[0.171s] Level 1:colcon.colcon_core.package_identification:_identify(.) by extension 'colcon_pkg'
[0.171s] Level 1:colcon.colcon_core.package_identification:_identify(.) by extensions ['colcon_meta']
[0.171s] Level 1:colcon.colcon_core.package_identification:_identify(.) by extension 'colcon_meta'
[0.171s] Level 1:colcon.colcon_core.package_identification:_identify(.) by extensions ['ros']
[0.171s] Level 1:colcon.colcon_core.package_identification:_identify(.) by extension 'ros'
[0.181s] Level 1:colcon.colcon_core.package_identification:_identify(.) by extensions ['cmake', 'python']
[0.181s] Level 1:colcon.colcon_core.package_identification:_identify(.) by extension 'cmake'
[0.181s] Level 1:colcon.colcon_core.package_identification:_identify(.) by extension 'python'
[0.181s] Level 1:colcon.colcon_core.package_identification:_identify(.) by extensions ['python_setup_py']
[0.181s] Level 1:colcon.colcon_core.package_identification:_identify(.) by extension 'python_setup_py'
[0.181s] Level 1:colcon.colcon_core.package_identification:_identify(build) by extensions ['ignore', 'ignore_ament_install']
[0.181s] Level 1:colcon.colcon_core.package_identification:_identify(build) by extension 'ignore'
[0.181s] Level 1:colcon.colcon_core.package_identification:_identify(build) ignored
[0.181s] Level 1:colcon.colcon_core.package_identification:_identify(install) by extensions ['ignore', 'ignore_ament_install']
[0.181s] Level 1:colcon.colcon_core.package_identification:_identify(install) by extension 'ignore'
[0.181s] Level 1:colcon.colcon_core.package_identification:_identify(install) ignored
[0.181s] Level 1:colcon.colcon_core.package_identification:_identify(log) by extensions ['ignore', 'ignore_ament_install']
[0.182s] Level 1:colcon.colcon_core.package_identification:_identify(log) by extension 'ignore'
[0.182s] Level 1:colcon.colcon_core.package_identification:_identify(log) ignored
[0.182s] Level 1:colcon.colcon_core.package_identification:_identify(src) by extensions ['ignore', 'ignore_ament_install']
[0.182s] Level 1:colcon.colcon_core.package_identification:_identify(src) by extension 'ignore'
[0.182s] Level 1:colcon.colcon_core.package_identification:_identify(src) by extension 'ignore_ament_install'
[0.182s] Level 1:colcon.colcon_core.package_identification:_identify(src) by extensions ['colcon_pkg']
[0.182s] Level 1:colcon.colcon_core.package_identification:_identify(src) by extension 'colcon_pkg'
[0.182s] Level 1:colcon.colcon_core.package_identification:_identify(src) by extensions ['colcon_meta']
[0.182s] Level 1:colcon.colcon_core.package_identification:_identify(src) by extension 'colcon_meta'
[0.182s] Level 1:colcon.colcon_core.package_identification:_identify(src) by extensions ['ros']
[0.182s] Level 1:colcon.colcon_core.package_identification:_identify(src) by extension 'ros'
[0.182s] Level 1:colcon.colcon_core.package_identification:_identify(src) by extensions ['cmake', 'python']
[0.182s] Level 1:colcon.colcon_core.package_identification:_identify(src) by extension 'cmake'
[0.182s] Level 1:colcon.colcon_core.package_identification:_identify(src) by extension 'python'
[0.182s] Level 1:colcon.colcon_core.package_identification:_identify(src) by extensions ['python_setup_py']
[0.182s] Level 1:colcon.colcon_core.package_identification:_identify(src) by extension 'python_setup_py'
[0.182s] Level 1:colcon.colcon_core.package_identification:_identify(src/diffdrive_arduino-humble) by extensions ['ignore', 'ignore_ament_install']
[0.182s] Level 1:colcon.colcon_core.package_identification:_identify(src/diffdrive_arduino-humble) by extension 'ignore'
[0.182s] Level 1:colcon.colcon_core.package_identification:_identify(src/diffdrive_arduino-humble) by extension 'ignore_ament_install'
[0.182s] Level 1:colcon.colcon_core.package_identification:_identify(src/diffdrive_arduino-humble) by extensions ['colcon_pkg']
[0.182s] Level 1:colcon.colcon_core.package_identification:_identify(src/diffdrive_arduino-humble) by extension 'colcon_pkg'
[0.182s] Level 1:colcon.colcon_core.package_identification:_identify(src/diffdrive_arduino-humble) by extensions ['colcon_meta']
[0.182s] Level 1:colcon.colcon_core.package_identification:_identify(src/diffdrive_arduino-humble) by extension 'colcon_meta'
[0.182s] Level 1:colcon.colcon_core.package_identification:_identify(src/diffdrive_arduino-humble) by extensions ['ros']
[0.182s] Level 1:colcon.colcon_core.package_identification:_identify(src/diffdrive_arduino-humble) by extension 'ros'
[0.185s] DEBUG:colcon.colcon_core.package_identification:Package 'src/diffdrive_arduino-humble' with type 'ros.ament_cmake' and name 'diffdrive_arduino'
[0.185s] Level 1:colcon.colcon_core.package_identification:_identify(src/my_bot) by extensions ['ignore', 'ignore_ament_install']
[0.185s] Level 1:colcon.colcon_core.package_identification:_identify(src/my_bot) by extension 'ignore'
[0.185s] Level 1:colcon.colcon_core.package_identification:_identify(src/my_bot) by extension 'ignore_ament_install'
[0.185s] Level 1:colcon.colcon_core.package_identification:_identify(src/my_bot) by extensions ['colcon_pkg']
[0.185s] Level 1:colcon.colcon_core.package_identification:_identify(src/my_bot) by extension 'colcon_pkg'
[0.185s] Level 1:colcon.colcon_core.package_identification:_identify(src/my_bot) by extensions ['colcon_meta']
[0.185s] Level 1:colcon.colcon_core.package_identification:_identify(src/my_bot) by extension 'colcon_meta'
[0.185s] Level 1:colcon.colcon_core.package_identification:_identify(src/my_bot) by extensions ['ros']
[0.185s] Level 1:colcon.colcon_core.package_identification:_identify(src/my_bot) by extension 'ros'
[0.185s] DEBUG:colcon.colcon_core.package_identification:Package 'src/my_bot' with type 'ros.ament_cmake' and name 'my_bot'
[0.186s] Level 1:colcon.colcon_core.package_identification:_identify(src/serial_motor_demo) by extensions ['ignore', 'ignore_ament_install']
[0.186s] Level 1:colcon.colcon_core.package_identification:_identify(src/serial_motor_demo) by extension 'ignore'
[0.186s] Level 1:colcon.colcon_core.package_identification:_identify(src/serial_motor_demo) by extension 'ignore_ament_install'
[0.186s] Level 1:colcon.colcon_core.package_identification:_identify(src/serial_motor_demo) by extensions ['colcon_pkg']
[0.186s] Level 1:colcon.colcon_core.package_identification:_identify(src/serial_motor_demo) by extension 'colcon_pkg'
[0.186s] Level 1:colcon.colcon_core.package_identification:_identify(src/serial_motor_demo) by extensions ['colcon_meta']
[0.186s] Level 1:colcon.colcon_core.package_identification:_identify(src/serial_motor_demo) by extension 'colcon_meta'
[0.186s] Level 1:colcon.colcon_core.package_identification:_identify(src/serial_motor_demo) by extensions ['ros']
[0.186s] Level 1:colcon.colcon_core.package_identification:_identify(src/serial_motor_demo) by extension 'ros'
[0.186s] DEBUG:colcon.colcon_core.package_identification:Package 'src/serial_motor_demo' with type 'ros.ament_python' and name 'serial_motor_demo'
[0.186s] Level 1:colcon.colcon_core.package_identification:_identify(src/serial_motor_demo_msgs) by extensions ['ignore', 'ignore_ament_install']
[0.186s] Level 1:colcon.colcon_core.package_identification:_identify(src/serial_motor_demo_msgs) by extension 'ignore'
[0.186s] Level 1:colcon.colcon_core.package_identification:_identify(src/serial_motor_demo_msgs) by extension 'ignore_ament_install'
[0.186s] Level 1:colcon.colcon_core.package_identification:_identify(src/serial_motor_demo_msgs) by extensions ['colcon_pkg']
[0.186s] Level 1:colcon.colcon_core.package_identification:_identify(src/serial_motor_demo_msgs) by extension 'colcon_pkg'
[0.186s] Level 1:colcon.colcon_core.package_identification:_identify(src/serial_motor_demo_msgs) by extensions ['colcon_meta']
[0.186s] Level 1:colcon.colcon_core.package_identification:_identify(src/serial_motor_demo_msgs) by extension 'colcon_meta'
[0.186s] Level 1:colcon.colcon_core.package_identification:_identify(src/serial_motor_demo_msgs) by extensions ['ros']
[0.187s] Level 1:colcon.colcon_core.package_identification:_identify(src/serial_motor_demo_msgs) by extension 'ros'
[0.187s] DEBUG:colcon.colcon_core.package_identification:Package 'src/serial_motor_demo_msgs' with type 'ros.ament_cmake' and name 'serial_motor_demo_msgs'
[0.187s] Level 1:colcon.colcon_core.package_discovery:discover_packages(recursive) using defaults
[0.187s] Level 1:colcon.colcon_core.package_discovery:discover_packages(ignore) discover
[0.187s] Level 1:colcon.colcon_core.package_discovery:discover_packages(ignore) using defaults
[0.187s] Level 1:colcon.colcon_core.package_discovery:discover_packages(path) discover
[0.187s] Level 1:colcon.colcon_core.package_discovery:discover_packages(path) using defaults
[0.208s] Level 1:colcon.colcon_core.package_discovery:discover_packages(prefix_path) check parameters
[0.208s] Level 1:colcon.colcon_core.package_discovery:discover_packages(prefix_path) discover
[0.209s] DEBUG:colcon.colcon_installed_package_information.package_discovery:Found 1 installed packages in /home/senseri/ros2_ws/install
[0.210s] DEBUG:colcon.colcon_installed_package_information.package_discovery:Found 436 installed packages in /opt/ros/humble
[0.211s] Level 1:colcon.colcon_core.package_discovery:discover_packages(prefix_path) using defaults
[0.240s] Level 5:colcon.colcon_core.verb:set package 'diffdrive_arduino' build argument 'cmake_args' from command line to 'None'
[0.240s] Level 5:colcon.colcon_core.verb:set package 'diffdrive_arduino' build argument 'cmake_target' from command line to 'None'
[0.240s] Level 5:colcon.colcon_core.verb:set package 'diffdrive_arduino' build argument 'cmake_target_skip_unavailable' from command line to 'False'
[0.240s] Level 5:colcon.colcon_core.verb:set package 'diffdrive_arduino' build argument 'cmake_clean_cache' from command line to 'False'
[0.240s] Level 5:colcon.colcon_core.verb:set package 'diffdrive_arduino' build argument 'cmake_clean_first' from command line to 'False'
[0.240s] Level 5:colcon.colcon_core.verb:set package 'diffdrive_arduino' build argument 'cmake_force_configure' from command line to 'False'
[0.240s] Level 5:colcon.colcon_core.verb:set package 'diffdrive_arduino' build argument 'ament_cmake_args' from command line to 'None'
[0.240s] Level 5:colcon.colcon_core.verb:set package 'diffdrive_arduino' build argument 'catkin_cmake_args' from command line to 'None'
[0.240s] Level 5:colcon.colcon_core.verb:set package 'diffdrive_arduino' build argument 'catkin_skip_building_tests' from command line to 'False'
[0.240s] DEBUG:colcon.colcon_core.verb:Building package 'diffdrive_arduino' with the following arguments: {'ament_cmake_args': None, 'build_base': '/home/senseri/ros2_ws/build/diffdrive_arduino', 'catkin_cmake_args': None, 'catkin_skip_building_tests': False, 'cmake_args': None, 'cmake_clean_cache': False, 'cmake_clean_first': False, 'cmake_force_configure': False, 'cmake_target': None, 'cmake_target_skip_unavailable': False, 'install_base': '/home/senseri/ros2_ws/install/diffdrive_arduino', 'merge_install': False, 'path': '/home/senseri/ros2_ws/src/diffdrive_arduino-humble', 'symlink_install': False, 'test_result_base': None}
[0.241s] Level 5:colcon.colcon_core.verb:set package 'my_bot' build argument 'cmake_args' from command line to 'None'
[0.241s] Level 5:colcon.colcon_core.verb:set package 'my_bot' build argument 'cmake_target' from command line to 'None'
[0.241s] Level 5:colcon.colcon_core.verb:set package 'my_bot' build argument 'cmake_target_skip_unavailable' from command line to 'False'
[0.241s] Level 5:colcon.colcon_core.verb:set package 'my_bot' build argument 'cmake_clean_cache' from command line to 'False'
[0.241s] Level 5:colcon.colcon_core.verb:set package 'my_bot' build argument 'cmake_clean_first' from command line to 'False'
[0.241s] Level 5:colcon.colcon_core.verb:set package 'my_bot' build argument 'cmake_force_configure' from command line to 'False'
[0.241s] Level 5:colcon.colcon_core.verb:set package 'my_bot' build argument 'ament_cmake_args' from command line to 'None'
[0.241s] Level 5:colcon.colcon_core.verb:set package 'my_bot' build argument 'catkin_cmake_args' from command line to 'None'
[0.241s] Level 5:colcon.colcon_core.verb:set package 'my_bot' build argument 'catkin_skip_building_tests' from command line to 'False'
[0.241s] DEBUG:colcon.colcon_core.verb:Building package 'my_bot' with the following arguments: {'ament_cmake_args': None, 'build_base': '/home/senseri/ros2_ws/build/my_bot', 'catkin_cmake_args': None, 'catkin_skip_building_tests': False, 'cmake_args': None, 'cmake_clean_cache': False, 'cmake_clean_first': False, 'cmake_force_configure': False, 'cmake_target': None, 'cmake_target_skip_unavailable': False, 'install_base': '/home/senseri/ros2_ws/install/my_bot', 'merge_install': False, 'path': '/home/senseri/ros2_ws/src/my_bot', 'symlink_install': False, 'test_result_base': None}
[0.241s] Level 5:colcon.colcon_core.verb:set package 'serial_motor_demo_msgs' build argument 'cmake_args' from command line to 'None'
[0.241s] Level 5:colcon.colcon_core.verb:set package 'serial_motor_demo_msgs' build argument 'cmake_target' from command line to 'None'
[0.241s] Level 5:colcon.colcon_core.verb:set package 'serial_motor_demo_msgs' build argument 'cmake_target_skip_unavailable' from command line to 'False'
[0.241s] Level 5:colcon.colcon_core.verb:set package 'serial_motor_demo_msgs' build argument 'cmake_clean_cache' from command line to 'False'
[0.241s] Level 5:colcon.colcon_core.verb:set package 'serial_motor_demo_msgs' build argument 'cmake_clean_first' from command line to 'False'
[0.241s] Level 5:colcon.colcon_core.verb:set package 'serial_motor_demo_msgs' build argument 'cmake_force_configure' from command line to 'False'
[0.241s] Level 5:colcon.colcon_core.verb:set package 'serial_motor_demo_msgs' build argument 'ament_cmake_args' from command line to 'None'
[0.241s] Level 5:colcon.colcon_core.verb:set package 'serial_motor_demo_msgs' build argument 'catkin_cmake_args' from command line to 'None'
[0.241s] Level 5:colcon.colcon_core.verb:set package 'serial_motor_demo_msgs' build argument 'catkin_skip_building_tests' from command line to 'False'
[0.241s] DEBUG:colcon.colcon_core.verb:Building package 'serial_motor_demo_msgs' with the following arguments: {'ament_cmake_args': None, 'build_base': '/home/senseri/ros2_ws/build/serial_motor_demo_msgs', 'catkin_cmake_args': None, 'catkin_skip_building_tests': False, 'cmake_args': None, 'cmake_clean_cache': False, 'cmake_clean_first': False, 'cmake_force_configure': False, 'cmake_target': None, 'cmake_target_skip_unavailable': False, 'install_base': '/home/senseri/ros2_ws/install/serial_motor_demo_msgs', 'merge_install': False, 'path': '/home/senseri/ros2_ws/src/serial_motor_demo_msgs', 'symlink_install': False, 'test_result_base': None}
[0.241s] Level 5:colcon.colcon_core.verb:set package 'serial_motor_demo' build argument 'cmake_args' from command line to 'None'
[0.241s] Level 5:colcon.colcon_core.verb:set package 'serial_motor_demo' build argument 'cmake_target' from command line to 'None'
[0.241s] Level 5:colcon.colcon_core.verb:set package 'serial_motor_demo' build argument 'cmake_target_skip_unavailable' from command line to 'False'
[0.241s] Level 5:colcon.colcon_core.verb:set package 'serial_motor_demo' build argument 'cmake_clean_cache' from command line to 'False'
[0.241s] Level 5:colcon.colcon_core.verb:set package 'serial_motor_demo' build argument 'cmake_clean_first' from command line to 'False'
[0.241s] Level 5:colcon.colcon_core.verb:set package 'serial_motor_demo' build argument 'cmake_force_configure' from command line to 'False'
[0.241s] Level 5:colcon.colcon_core.verb:set package 'serial_motor_demo' build argument 'ament_cmake_args' from command line to 'None'
[0.241s] Level 5:colcon.colcon_core.verb:set package 'serial_motor_demo' build argument 'catkin_cmake_args' from command line to 'None'
[0.241s] Level 5:colcon.colcon_core.verb:set package 'serial_motor_demo' build argument 'catkin_skip_building_tests' from command line to 'False'
[0.242s] DEBUG:colcon.colcon_core.verb:Building package 'serial_motor_demo' with the following arguments: {'ament_cmake_args': None, 'build_base': '/home/senseri/ros2_ws/build/serial_motor_demo', 'catkin_cmake_args': None, 'catkin_skip_building_tests': False, 'cmake_args': None, 'cmake_clean_cache': False, 'cmake_clean_first': False, 'cmake_force_configure': False, 'cmake_target': None, 'cmake_target_skip_unavailable': False, 'install_base': '/home/senseri/ros2_ws/install/serial_motor_demo', 'merge_install': False, 'path': '/home/senseri/ros2_ws/src/serial_motor_demo', 'symlink_install': False, 'test_result_base': None}
[0.242s] INFO:colcon.colcon_core.executor:Executing jobs using 'parallel' executor
[0.242s] DEBUG:colcon.colcon_parallel_executor.executor.parallel:run_until_complete
[0.243s] INFO:colcon.colcon_ros.task.ament_cmake.build:Building ROS package in '/home/senseri/ros2_ws/src/serial_motor_demo_msgs' with build type 'ament_cmake'
[0.243s] INFO:colcon.colcon_cmake.task.cmake.build:Building CMake package in '/home/senseri/ros2_ws/src/serial_motor_demo_msgs'
[0.244s] INFO:colcon.colcon_core.plugin_system:Skipping extension 'colcon_core.shell.bat': Not used on non-Windows systems
[0.245s] INFO:colcon.colcon_core.shell:Skip shell extension 'powershell' for command environment: Not usable outside of PowerShell
[0.245s] DEBUG:colcon.colcon_core.shell:Skip shell extension 'dsv' for command environment
[0.247s] INFO:colcon.colcon_ros.task.ament_cmake.build:Building ROS package in '/home/senseri/ros2_ws/src/diffdrive_arduino-humble' with build type 'ament_cmake'
[0.247s] INFO:colcon.colcon_cmake.task.cmake.build:Building CMake package in '/home/senseri/ros2_ws/src/diffdrive_arduino-humble'
[0.248s] INFO:colcon.colcon_core.shell:Skip shell extension 'powershell' for command environment: Not usable outside of PowerShell
[0.248s] DEBUG:colcon.colcon_core.shell:Skip shell extension 'dsv' for command environment
[0.250s] INFO:colcon.colcon_ros.task.ament_cmake.build:Building ROS package in '/home/senseri/ros2_ws/src/my_bot' with build type 'ament_cmake'
[0.251s] INFO:colcon.colcon_cmake.task.cmake.build:Building CMake package in '/home/senseri/ros2_ws/src/my_bot'
[0.251s] INFO:colcon.colcon_core.shell:Skip shell extension 'powershell' for command environment: Not usable outside of PowerShell
[0.251s] DEBUG:colcon.colcon_core.shell:Skip shell extension 'dsv' for command environment
[0.257s] DEBUG:colcon.colcon_core.event_handler.log_command:Invoking command in '/home/senseri/ros2_ws/build/serial_motor_demo_msgs': CMAKE_PREFIX_PATH=${CMAKE_PREFIX_PATH}:/opt/ros/humble /usr/bin/cmake /home/senseri/ros2_ws/src/serial_motor_demo_msgs -DCMAKE_INSTALL_PREFIX=/home/senseri/ros2_ws/install/serial_motor_demo_msgs
[0.261s] DEBUG:colcon.colcon_core.event_handler.log_command:Invoking command in '/home/senseri/ros2_ws/build/diffdrive_arduino': CMAKE_PREFIX_PATH=${CMAKE_PREFIX_PATH}:/opt/ros/humble /usr/bin/cmake /home/senseri/ros2_ws/src/diffdrive_arduino-humble -DCMAKE_INSTALL_PREFIX=/home/senseri/ros2_ws/install/diffdrive_arduino
[0.265s] DEBUG:colcon.colcon_core.event_handler.log_command:Invoking command in '/home/senseri/ros2_ws/build/my_bot': CMAKE_PREFIX_PATH=${CMAKE_PREFIX_PATH}:/opt/ros/humble /usr/bin/cmake --build /home/senseri/ros2_ws/build/my_bot -- -j12 -l12
[0.300s] DEBUG:colcon.colcon_core.event_handler.log_command:Invoked command in '/home/senseri/ros2_ws/build/my_bot' returned '0': CMAKE_PREFIX_PATH=${CMAKE_PREFIX_PATH}:/opt/ros/humble /usr/bin/cmake --build /home/senseri/ros2_ws/build/my_bot -- -j12 -l12
[0.309s] DEBUG:colcon.colcon_core.event_handler.log_command:Invoking command in '/home/senseri/ros2_ws/build/my_bot': CMAKE_PREFIX_PATH=${CMAKE_PREFIX_PATH}:/opt/ros/humble /usr/bin/cmake --install /home/senseri/ros2_ws/build/my_bot
[0.331s] Level 1:colcon.colcon_core.environment:create_environment_scripts_only(my_bot)
[0.331s] DEBUG:colcon.colcon_core.event_handler.log_command:Invoked command in '/home/senseri/ros2_ws/build/my_bot' returned '0': CMAKE_PREFIX_PATH=${CMAKE_PREFIX_PATH}:/opt/ros/humble /usr/bin/cmake --install /home/senseri/ros2_ws/build/my_bot
[0.334s] Level 1:colcon.colcon_core.environment:checking '/home/senseri/ros2_ws/install/my_bot' for CMake module files
[0.335s] Level 1:colcon.colcon_core.environment:checking '/home/senseri/ros2_ws/install/my_bot' for CMake config files
[0.336s] Level 1:colcon.colcon_core.shell:create_environment_hook('my_bot', 'cmake_prefix_path')
[0.336s] INFO:colcon.colcon_core.shell:Creating environment hook '/home/senseri/ros2_ws/install/my_bot/share/my_bot/hook/cmake_prefix_path.ps1'
[0.336s] INFO:colcon.colcon_core.shell:Creating environment descriptor '/home/senseri/ros2_ws/install/my_bot/share/my_bot/hook/cmake_prefix_path.dsv'
[0.337s] INFO:colcon.colcon_core.shell:Creating environment hook '/home/senseri/ros2_ws/install/my_bot/share/my_bot/hook/cmake_prefix_path.sh'
[0.337s] Level 1:colcon.colcon_core.environment:checking '/home/senseri/ros2_ws/install/my_bot/lib'
[0.337s] Level 1:colcon.colcon_core.environment:checking '/home/senseri/ros2_ws/install/my_bot/bin'
[0.338s] Level 1:colcon.colcon_core.environment:checking '/home/senseri/ros2_ws/install/my_bot/lib/pkgconfig/my_bot.pc'
[0.338s] Level 1:colcon.colcon_core.environment:checking '/home/senseri/ros2_ws/install/my_bot/lib/python3.10/site-packages'
[0.338s] Level 1:colcon.colcon_core.environment:checking '/home/senseri/ros2_ws/install/my_bot/bin'
[0.338s] INFO:colcon.colcon_core.shell:Creating package script '/home/senseri/ros2_ws/install/my_bot/share/my_bot/package.ps1'
[0.339s] INFO:colcon.colcon_core.shell:Creating package descriptor '/home/senseri/ros2_ws/install/my_bot/share/my_bot/package.dsv'
[0.339s] INFO:colcon.colcon_core.shell:Creating package script '/home/senseri/ros2_ws/install/my_bot/share/my_bot/package.sh'
[0.340s] INFO:colcon.colcon_core.shell:Creating package script '/home/senseri/ros2_ws/install/my_bot/share/my_bot/package.bash'
[0.340s] INFO:colcon.colcon_core.shell:Creating package script '/home/senseri/ros2_ws/install/my_bot/share/my_bot/package.zsh'
[0.341s] Level 1:colcon.colcon_core.environment:create_file_with_runtime_dependencies(/home/senseri/ros2_ws/install/my_bot/share/colcon-core/packages/my_bot)
[0.341s] Level 1:colcon.colcon_core.environment:create_environment_scripts_only(my_bot)
[0.341s] Level 1:colcon.colcon_core.environment:checking '/home/senseri/ros2_ws/install/my_bot' for CMake module files
[0.342s] Level 1:colcon.colcon_core.environment:checking '/home/senseri/ros2_ws/install/my_bot' for CMake config files
[0.342s] Level 1:colcon.colcon_core.shell:create_environment_hook('my_bot', 'cmake_prefix_path')
[0.342s] INFO:colcon.colcon_core.shell:Creating environment hook '/home/senseri/ros2_ws/install/my_bot/share/my_bot/hook/cmake_prefix_path.ps1'
[0.343s] INFO:colcon.colcon_core.shell:Creating environment descriptor '/home/senseri/ros2_ws/install/my_bot/share/my_bot/hook/cmake_prefix_path.dsv'
[0.343s] INFO:colcon.colcon_core.shell:Creating environment hook '/home/senseri/ros2_ws/install/my_bot/share/my_bot/hook/cmake_prefix_path.sh'
[0.343s] Level 1:colcon.colcon_core.environment:checking '/home/senseri/ros2_ws/install/my_bot/lib'
[0.343s] Level 1:colcon.colcon_core.environment:checking '/home/senseri/ros2_ws/install/my_bot/bin'
[0.343s] Level 1:colcon.colcon_core.environment:checking '/home/senseri/ros2_ws/install/my_bot/lib/pkgconfig/my_bot.pc'
[0.344s] Level 1:colcon.colcon_core.environment:checking '/home/senseri/ros2_ws/install/my_bot/lib/python3.10/site-packages'
[0.344s] Level 1:colcon.colcon_core.environment:checking '/home/senseri/ros2_ws/install/my_bot/bin'
[0.344s] INFO:colcon.colcon_core.shell:Creating package script '/home/senseri/ros2_ws/install/my_bot/share/my_bot/package.ps1'
[0.345s] INFO:colcon.colcon_core.shell:Creating package descriptor '/home/senseri/ros2_ws/install/my_bot/share/my_bot/package.dsv'
[0.345s] INFO:colcon.colcon_core.shell:Creating package script '/home/senseri/ros2_ws/install/my_bot/share/my_bot/package.sh'
[0.345s] INFO:colcon.colcon_core.shell:Creating package script '/home/senseri/ros2_ws/install/my_bot/share/my_bot/package.bash'
[0.346s] INFO:colcon.colcon_core.shell:Creating package script '/home/senseri/ros2_ws/install/my_bot/share/my_bot/package.zsh'
[0.346s] Level 1:colcon.colcon_core.environment:create_file_with_runtime_dependencies(/home/senseri/ros2_ws/install/my_bot/share/colcon-core/packages/my_bot)
[1.915s] DEBUG:colcon.colcon_core.event_handler.log_command:Invoked command in '/home/senseri/ros2_ws/build/diffdrive_arduino' returned '0': CMAKE_PREFIX_PATH=${CMAKE_PREFIX_PATH}:/opt/ros/humble /usr/bin/cmake /home/senseri/ros2_ws/src/diffdrive_arduino-humble -DCMAKE_INSTALL_PREFIX=/home/senseri/ros2_ws/install/diffdrive_arduino
[1.917s] DEBUG:colcon.colcon_core.event_handler.log_command:Invoking command in '/home/senseri/ros2_ws/build/diffdrive_arduino': CMAKE_PREFIX_PATH=${CMAKE_PREFIX_PATH}:/opt/ros/humble /usr/bin/cmake --build /home/senseri/ros2_ws/build/diffdrive_arduino -- -j12 -l12
[2.132s] DEBUG:colcon.colcon_core.event_handler.log_command:Invoked command in '/home/senseri/ros2_ws/build/serial_motor_demo_msgs' returned '0': CMAKE_PREFIX_PATH=${CMAKE_PREFIX_PATH}:/opt/ros/humble /usr/bin/cmake /home/senseri/ros2_ws/src/serial_motor_demo_msgs -DCMAKE_INSTALL_PREFIX=/home/senseri/ros2_ws/install/serial_motor_demo_msgs
[2.133s] DEBUG:colcon.colcon_core.event_handler.log_command:Invoking command in '/home/senseri/ros2_ws/build/serial_motor_demo_msgs': CMAKE_PREFIX_PATH=${CMAKE_PREFIX_PATH}:/opt/ros/humble /usr/bin/cmake --build /home/senseri/ros2_ws/build/serial_motor_demo_msgs -- -j12 -l12
[5.261s] DEBUG:colcon.colcon_core.event_handler.log_command:Invoked command in '/home/senseri/ros2_ws/build/serial_motor_demo_msgs' returned '0': CMAKE_PREFIX_PATH=${CMAKE_PREFIX_PATH}:/opt/ros/humble /usr/bin/cmake --build /home/senseri/ros2_ws/build/serial_motor_demo_msgs -- -j12 -l12
[5.263s] DEBUG:colcon.colcon_core.event_handler.log_command:Invoking command in '/home/senseri/ros2_ws/build/serial_motor_demo_msgs': CMAKE_PREFIX_PATH=${CMAKE_PREFIX_PATH}:/opt/ros/humble /usr/bin/cmake --install /home/senseri/ros2_ws/build/serial_motor_demo_msgs
[5.354s] Level 1:colcon.colcon_core.environment:create_environment_scripts_only(serial_motor_demo_msgs)
[5.355s] Level 1:colcon.colcon_core.environment:checking '/home/senseri/ros2_ws/install/serial_motor_demo_msgs' for CMake module files
[5.356s] Level 1:colcon.colcon_core.environment:checking '/home/senseri/ros2_ws/install/serial_motor_demo_msgs' for CMake config files
[5.357s] Level 1:colcon.colcon_core.shell:create_environment_hook('serial_motor_demo_msgs', 'cmake_prefix_path')
[5.357s] INFO:colcon.colcon_core.shell:Creating environment hook '/home/senseri/ros2_ws/install/serial_motor_demo_msgs/share/serial_motor_demo_msgs/hook/cmake_prefix_path.ps1'
[5.358s] DEBUG:colcon.colcon_core.event_handler.log_command:Invoked command in '/home/senseri/ros2_ws/build/serial_motor_demo_msgs' returned '0': CMAKE_PREFIX_PATH=${CMAKE_PREFIX_PATH}:/opt/ros/humble /usr/bin/cmake --install /home/senseri/ros2_ws/build/serial_motor_demo_msgs
[5.359s] INFO:colcon.colcon_core.shell:Creating environment descriptor '/home/senseri/ros2_ws/install/serial_motor_demo_msgs/share/serial_motor_demo_msgs/hook/cmake_prefix_path.dsv'
[5.360s] INFO:colcon.colcon_core.shell:Creating environment hook '/home/senseri/ros2_ws/install/serial_motor_demo_msgs/share/serial_motor_demo_msgs/hook/cmake_prefix_path.sh'
[5.361s] Level 1:colcon.colcon_core.environment:checking '/home/senseri/ros2_ws/install/serial_motor_demo_msgs/lib'
[5.361s] Level 1:colcon.colcon_core.shell:create_environment_hook('serial_motor_demo_msgs', 'ld_library_path_lib')
[5.361s] INFO:colcon.colcon_core.shell:Creating environment hook '/home/senseri/ros2_ws/install/serial_motor_demo_msgs/share/serial_motor_demo_msgs/hook/ld_library_path_lib.ps1'
[5.362s] INFO:colcon.colcon_core.shell:Creating environment descriptor '/home/senseri/ros2_ws/install/serial_motor_demo_msgs/share/serial_motor_demo_msgs/hook/ld_library_path_lib.dsv'
[5.363s] INFO:colcon.colcon_core.shell:Creating environment hook '/home/senseri/ros2_ws/install/serial_motor_demo_msgs/share/serial_motor_demo_msgs/hook/ld_library_path_lib.sh'
[5.363s] Level 1:colcon.colcon_core.environment:checking '/home/senseri/ros2_ws/install/serial_motor_demo_msgs/bin'
[5.363s] Level 1:colcon.colcon_core.environment:checking '/home/senseri/ros2_ws/install/serial_motor_demo_msgs/lib/pkgconfig/serial_motor_demo_msgs.pc'
[5.363s] Level 1:colcon.colcon_core.environment:checking '/home/senseri/ros2_ws/install/serial_motor_demo_msgs/lib/python3.10/site-packages'
[5.363s] Level 1:colcon.colcon_core.environment:checking '/home/senseri/ros2_ws/install/serial_motor_demo_msgs/bin'
[5.364s] INFO:colcon.colcon_core.shell:Creating package script '/home/senseri/ros2_ws/install/serial_motor_demo_msgs/share/serial_motor_demo_msgs/package.ps1'
[5.365s] INFO:colcon.colcon_core.shell:Creating package descriptor '/home/senseri/ros2_ws/install/serial_motor_demo_msgs/share/serial_motor_demo_msgs/package.dsv'
[5.365s] INFO:colcon.colcon_core.shell:Creating package script '/home/senseri/ros2_ws/install/serial_motor_demo_msgs/share/serial_motor_demo_msgs/package.sh'
[5.366s] INFO:colcon.colcon_core.shell:Creating package script '/home/senseri/ros2_ws/install/serial_motor_demo_msgs/share/serial_motor_demo_msgs/package.bash'
[5.366s] INFO:colcon.colcon_core.shell:Creating package script '/home/senseri/ros2_ws/install/serial_motor_demo_msgs/share/serial_motor_demo_msgs/package.zsh'
[5.366s] Level 1:colcon.colcon_core.environment:create_file_with_runtime_dependencies(/home/senseri/ros2_ws/install/serial_motor_demo_msgs/share/colcon-core/packages/serial_motor_demo_msgs)
[5.367s] Level 1:colcon.colcon_core.environment:create_environment_scripts_only(serial_motor_demo_msgs)
[5.368s] Level 1:colcon.colcon_core.environment:checking '/home/senseri/ros2_ws/install/serial_motor_demo_msgs' for CMake module files
[5.369s] Level 1:colcon.colcon_core.environment:checking '/home/senseri/ros2_ws/install/serial_motor_demo_msgs' for CMake config files
[5.369s] Level 1:colcon.colcon_core.shell:create_environment_hook('serial_motor_demo_msgs', 'cmake_prefix_path')
[5.370s] INFO:colcon.colcon_core.shell:Creating environment hook '/home/senseri/ros2_ws/install/serial_motor_demo_msgs/share/serial_motor_demo_msgs/hook/cmake_prefix_path.ps1'
[5.371s] INFO:colcon.colcon_core.shell:Creating environment descriptor '/home/senseri/ros2_ws/install/serial_motor_demo_msgs/share/serial_motor_demo_msgs/hook/cmake_prefix_path.dsv'
[5.371s] INFO:colcon.colcon_core.shell:Creating environment hook '/home/senseri/ros2_ws/install/serial_motor_demo_msgs/share/serial_motor_demo_msgs/hook/cmake_prefix_path.sh'
[5.372s] Level 1:colcon.colcon_core.environment:checking '/home/senseri/ros2_ws/install/serial_motor_demo_msgs/lib'
[5.372s] Level 1:colcon.colcon_core.shell:create_environment_hook('serial_motor_demo_msgs', 'ld_library_path_lib')
[5.373s] INFO:colcon.colcon_core.shell:Creating environment hook '/home/senseri/ros2_ws/install/serial_motor_demo_msgs/share/serial_motor_demo_msgs/hook/ld_library_path_lib.ps1'
[5.373s] INFO:colcon.colcon_core.shell:Creating environment descriptor '/home/senseri/ros2_ws/install/serial_motor_demo_msgs/share/serial_motor_demo_msgs/hook/ld_library_path_lib.dsv'
[5.374s] INFO:colcon.colcon_core.shell:Creating environment hook '/home/senseri/ros2_ws/install/serial_motor_demo_msgs/share/serial_motor_demo_msgs/hook/ld_library_path_lib.sh'
[5.374s] Level 1:colcon.colcon_core.environment:checking '/home/senseri/ros2_ws/install/serial_motor_demo_msgs/bin'
[5.374s] Level 1:colcon.colcon_core.environment:checking '/home/senseri/ros2_ws/install/serial_motor_demo_msgs/lib/pkgconfig/serial_motor_demo_msgs.pc'
[5.374s] Level 1:colcon.colcon_core.environment:checking '/home/senseri/ros2_ws/install/serial_motor_demo_msgs/lib/python3.10/site-packages'
[5.374s] Level 1:colcon.colcon_core.environment:checking '/home/senseri/ros2_ws/install/serial_motor_demo_msgs/bin'
[5.375s] INFO:colcon.colcon_core.shell:Creating package script '/home/senseri/ros2_ws/install/serial_motor_demo_msgs/share/serial_motor_demo_msgs/package.ps1'
[5.375s] INFO:colcon.colcon_core.shell:Creating package descriptor '/home/senseri/ros2_ws/install/serial_motor_demo_msgs/share/serial_motor_demo_msgs/package.dsv'
[5.376s] INFO:colcon.colcon_core.shell:Creating package script '/home/senseri/ros2_ws/install/serial_motor_demo_msgs/share/serial_motor_demo_msgs/package.sh'
[5.376s] INFO:colcon.colcon_core.shell:Creating package script '/home/senseri/ros2_ws/install/serial_motor_demo_msgs/share/serial_motor_demo_msgs/package.bash'
[5.376s] INFO:colcon.colcon_core.shell:Creating package script '/home/senseri/ros2_ws/install/serial_motor_demo_msgs/share/serial_motor_demo_msgs/package.zsh'
[5.377s] Level 1:colcon.colcon_core.environment:create_file_with_runtime_dependencies(/home/senseri/ros2_ws/install/serial_motor_demo_msgs/share/colcon-core/packages/serial_motor_demo_msgs)
[5.377s] INFO:colcon.colcon_ros.task.ament_python.build:Building ROS package in '/home/senseri/ros2_ws/src/serial_motor_demo' with build type 'ament_python'
[5.377s] Level 1:colcon.colcon_core.shell:create_environment_hook('serial_motor_demo', 'ament_prefix_path')
[5.377s] INFO:colcon.colcon_core.shell:Creating environment hook '/home/senseri/ros2_ws/install/serial_motor_demo/share/serial_motor_demo/hook/ament_prefix_path.ps1'
[5.379s] INFO:colcon.colcon_core.shell:Creating environment descriptor '/home/senseri/ros2_ws/install/serial_motor_demo/share/serial_motor_demo/hook/ament_prefix_path.dsv'
[5.379s] INFO:colcon.colcon_core.shell:Creating environment hook '/home/senseri/ros2_ws/install/serial_motor_demo/share/serial_motor_demo/hook/ament_prefix_path.sh'
[5.380s] INFO:colcon.colcon_core.shell:Skip shell extension 'powershell' for command environment: Not usable outside of PowerShell
[5.380s] DEBUG:colcon.colcon_core.shell:Skip shell extension 'dsv' for command environment
[5.677s] INFO:colcon.colcon_core.task.python.build:Building Python package in '/home/senseri/ros2_ws/src/serial_motor_demo'
[5.678s] INFO:colcon.colcon_core.shell:Skip shell extension 'powershell' for command environment: Not usable outside of PowerShell
[5.678s] DEBUG:colcon.colcon_core.shell:Skip shell extension 'dsv' for command environment
[6.260s] DEBUG:colcon.colcon_core.event_handler.log_command:Invoking command in '/home/senseri/ros2_ws/src/serial_motor_demo': AMENT_PREFIX_PATH=/home/senseri/ros2_ws/install/serial_motor_demo_msgs:${AMENT_PREFIX_PATH} CMAKE_PREFIX_PATH=/home/senseri/ros2_ws/install/serial_motor_demo_msgs:${CMAKE_PREFIX_PATH} LD_LIBRARY_PATH=/home/senseri/ros2_ws/install/serial_motor_demo_msgs/lib:${LD_LIBRARY_PATH} PYTHONPATH=/home/senseri/ros2_ws/build/serial_motor_demo/prefix_override:/usr/lib/python3/dist-packages/colcon_core/task/python/colcon_distutils_commands:/home/senseri/ros2_ws/install/serial_motor_demo/lib/python3.10/site-packages:/home/senseri/ros2_ws/install/serial_motor_demo_msgs/local/lib/python3.10/dist-packages:${PYTHONPATH} /usr/bin/python3 -W ignore:setup.py install is deprecated -W ignore:easy_install command is deprecated setup.py egg_info --egg-base ../../build/serial_motor_demo build --build-base /home/senseri/ros2_ws/build/serial_motor_demo/build install --record /home/senseri/ros2_ws/build/serial_motor_demo/install.log --install-scripts $base/lib/serial_motor_demo --single-version-externally-managed install_data
[6.626s] Level 1:colcon.colcon_core.environment:checking '/home/senseri/ros2_ws/install/serial_motor_demo' for CMake module files
[6.627s] DEBUG:colcon.colcon_core.event_handler.log_command:Invoked command in '/home/senseri/ros2_ws/src/serial_motor_demo' returned '0': AMENT_PREFIX_PATH=/home/senseri/ros2_ws/install/serial_motor_demo_msgs:${AMENT_PREFIX_PATH} CMAKE_PREFIX_PATH=/home/senseri/ros2_ws/install/serial_motor_demo_msgs:${CMAKE_PREFIX_PATH} LD_LIBRARY_PATH=/home/senseri/ros2_ws/install/serial_motor_demo_msgs/lib:${LD_LIBRARY_PATH} PYTHONPATH=/home/senseri/ros2_ws/build/serial_motor_demo/prefix_override:/usr/lib/python3/dist-packages/colcon_core/task/python/colcon_distutils_commands:/home/senseri/ros2_ws/install/serial_motor_demo/lib/python3.10/site-packages:/home/senseri/ros2_ws/install/serial_motor_demo_msgs/local/lib/python3.10/dist-packages:${PYTHONPATH} /usr/bin/python3 -W ignore:setup.py install is deprecated -W ignore:easy_install command is deprecated setup.py egg_info --egg-base ../../build/serial_motor_demo build --build-base /home/senseri/ros2_ws/build/serial_motor_demo/build install --record /home/senseri/ros2_ws/build/serial_motor_demo/install.log --install-scripts $base/lib/serial_motor_demo --single-version-externally-managed install_data
[6.627s] Level 1:colcon.colcon_core.environment:checking '/home/senseri/ros2_ws/install/serial_motor_demo' for CMake config files
[6.628s] Level 1:colcon.colcon_core.environment:checking '/home/senseri/ros2_ws/install/serial_motor_demo/lib'
[6.628s] Level 1:colcon.colcon_core.environment:checking '/home/senseri/ros2_ws/install/serial_motor_demo/bin'
[6.628s] Level 1:colcon.colcon_core.environment:checking '/home/senseri/ros2_ws/install/serial_motor_demo/lib/pkgconfig/serial_motor_demo.pc'
[6.629s] Level 1:colcon.colcon_core.environment:checking '/home/senseri/ros2_ws/install/serial_motor_demo/lib/python3.10/site-packages'
[6.629s] Level 1:colcon.colcon_core.shell:create_environment_hook('serial_motor_demo', 'pythonpath')
[6.629s] INFO:colcon.colcon_core.shell:Creating environment hook '/home/senseri/ros2_ws/install/serial_motor_demo/share/serial_motor_demo/hook/pythonpath.ps1'
[6.630s] INFO:colcon.colcon_core.shell:Creating environment descriptor '/home/senseri/ros2_ws/install/serial_motor_demo/share/serial_motor_demo/hook/pythonpath.dsv'
[6.630s] INFO:colcon.colcon_core.shell:Creating environment hook '/home/senseri/ros2_ws/install/serial_motor_demo/share/serial_motor_demo/hook/pythonpath.sh'
[6.630s] Level 1:colcon.colcon_core.environment:checking '/home/senseri/ros2_ws/install/serial_motor_demo/bin'
[6.630s] Level 1:colcon.colcon_core.environment:create_environment_scripts_only(serial_motor_demo)
[6.631s] INFO:colcon.colcon_core.shell:Creating package script '/home/senseri/ros2_ws/install/serial_motor_demo/share/serial_motor_demo/package.ps1'
[6.631s] INFO:colcon.colcon_core.shell:Creating package descriptor '/home/senseri/ros2_ws/install/serial_motor_demo/share/serial_motor_demo/package.dsv'
[6.632s] INFO:colcon.colcon_core.shell:Creating package script '/home/senseri/ros2_ws/install/serial_motor_demo/share/serial_motor_demo/package.sh'
[6.632s] INFO:colcon.colcon_core.shell:Creating package script '/home/senseri/ros2_ws/install/serial_motor_demo/share/serial_motor_demo/package.bash'
[6.633s] INFO:colcon.colcon_core.shell:Creating package script '/home/senseri/ros2_ws/install/serial_motor_demo/share/serial_motor_demo/package.zsh'
[6.633s] Level 1:colcon.colcon_core.environment:create_file_with_runtime_dependencies(/home/senseri/ros2_ws/install/serial_motor_demo/share/colcon-core/packages/serial_motor_demo)
[6.873s] DEBUG:colcon.colcon_core.event_handler.log_command:Invoked command in '/home/senseri/ros2_ws/build/diffdrive_arduino' returned '0': CMAKE_PREFIX_PATH=${CMAKE_PREFIX_PATH}:/opt/ros/humble /usr/bin/cmake --build /home/senseri/ros2_ws/build/diffdrive_arduino -- -j12 -l12
[6.875s] DEBUG:colcon.colcon_core.event_handler.log_command:Invoking command in '/home/senseri/ros2_ws/build/diffdrive_arduino': CMAKE_PREFIX_PATH=${CMAKE_PREFIX_PATH}:/opt/ros/humble /usr/bin/cmake --install /home/senseri/ros2_ws/build/diffdrive_arduino
[6.890s] Level 1:colcon.colcon_core.environment:create_environment_scripts_only(diffdrive_arduino)
[6.890s] Level 1:colcon.colcon_core.environment:checking '/home/senseri/ros2_ws/install/diffdrive_arduino' for CMake module files
[6.891s] DEBUG:colcon.colcon_core.event_handler.log_command:Invoked command in '/home/senseri/ros2_ws/build/diffdrive_arduino' returned '0': CMAKE_PREFIX_PATH=${CMAKE_PREFIX_PATH}:/opt/ros/humble /usr/bin/cmake --install /home/senseri/ros2_ws/build/diffdrive_arduino
[6.891s] Level 1:colcon.colcon_core.environment:checking '/home/senseri/ros2_ws/install/diffdrive_arduino' for CMake config files
[6.891s] Level 1:colcon.colcon_core.shell:create_environment_hook('diffdrive_arduino', 'cmake_prefix_path')
[6.892s] INFO:colcon.colcon_core.shell:Creating environment hook '/home/senseri/ros2_ws/install/diffdrive_arduino/share/diffdrive_arduino/hook/cmake_prefix_path.ps1'
[6.892s] INFO:colcon.colcon_core.shell:Creating environment descriptor '/home/senseri/ros2_ws/install/diffdrive_arduino/share/diffdrive_arduino/hook/cmake_prefix_path.dsv'
[6.892s] INFO:colcon.colcon_core.shell:Creating environment hook '/home/senseri/ros2_ws/install/diffdrive_arduino/share/diffdrive_arduino/hook/cmake_prefix_path.sh'
[6.893s] Level 1:colcon.colcon_core.environment:checking '/home/senseri/ros2_ws/install/diffdrive_arduino/lib'
[6.893s] Level 1:colcon.colcon_core.shell:create_environment_hook('diffdrive_arduino', 'ld_library_path_lib')
[6.893s] INFO:colcon.colcon_core.shell:Creating environment hook '/home/senseri/ros2_ws/install/diffdrive_arduino/share/diffdrive_arduino/hook/ld_library_path_lib.ps1'
[6.894s] INFO:colcon.colcon_core.shell:Creating environment descriptor '/home/senseri/ros2_ws/install/diffdrive_arduino/share/diffdrive_arduino/hook/ld_library_path_lib.dsv'
[6.894s] INFO:colcon.colcon_core.shell:Creating environment hook '/home/senseri/ros2_ws/install/diffdrive_arduino/share/diffdrive_arduino/hook/ld_library_path_lib.sh'
[6.894s] Level 1:colcon.colcon_core.environment:checking '/home/senseri/ros2_ws/install/diffdrive_arduino/bin'
[6.894s] Level 1:colcon.colcon_core.environment:checking '/home/senseri/ros2_ws/install/diffdrive_arduino/lib/pkgconfig/diffdrive_arduino.pc'
[6.894s] Level 1:colcon.colcon_core.environment:checking '/home/senseri/ros2_ws/install/diffdrive_arduino/lib/python3.10/site-packages'
[6.895s] Level 1:colcon.colcon_core.environment:checking '/home/senseri/ros2_ws/install/diffdrive_arduino/bin'
[6.895s] INFO:colcon.colcon_core.shell:Creating package script '/home/senseri/ros2_ws/install/diffdrive_arduino/share/diffdrive_arduino/package.ps1'
[6.895s] INFO:colcon.colcon_core.shell:Creating package descriptor '/home/senseri/ros2_ws/install/diffdrive_arduino/share/diffdrive_arduino/package.dsv'
[6.896s] INFO:colcon.colcon_core.shell:Creating package script '/home/senseri/ros2_ws/install/diffdrive_arduino/share/diffdrive_arduino/package.sh'
[6.896s] INFO:colcon.colcon_core.shell:Creating package script '/home/senseri/ros2_ws/install/diffdrive_arduino/share/diffdrive_arduino/package.bash'
[6.896s] INFO:colcon.colcon_core.shell:Creating package script '/home/senseri/ros2_ws/install/diffdrive_arduino/share/diffdrive_arduino/package.zsh'
[6.897s] Level 1:colcon.colcon_core.environment:create_file_with_runtime_dependencies(/home/senseri/ros2_ws/install/diffdrive_arduino/share/colcon-core/packages/diffdrive_arduino)
[6.897s] Level 1:colcon.colcon_core.environment:create_environment_scripts_only(diffdrive_arduino)
[6.898s] Level 1:colcon.colcon_core.environment:checking '/home/senseri/ros2_ws/install/diffdrive_arduino' for CMake module files
[6.898s] Level 1:colcon.colcon_core.environment:checking '/home/senseri/ros2_ws/install/diffdrive_arduino' for CMake config files
[6.898s] Level 1:colcon.colcon_core.shell:create_environment_hook('diffdrive_arduino', 'cmake_prefix_path')
[6.899s] INFO:colcon.colcon_core.shell:Creating environment hook '/home/senseri/ros2_ws/install/diffdrive_arduino/share/diffdrive_arduino/hook/cmake_prefix_path.ps1'
[6.899s] INFO:colcon.colcon_core.shell:Creating environment descriptor '/home/senseri/ros2_ws/install/diffdrive_arduino/share/diffdrive_arduino/hook/cmake_prefix_path.dsv'
[6.899s] INFO:colcon.colcon_core.shell:Creating environment hook '/home/senseri/ros2_ws/install/diffdrive_arduino/share/diffdrive_arduino/hook/cmake_prefix_path.sh'
[6.900s] Level 1:colcon.colcon_core.environment:checking '/home/senseri/ros2_ws/install/diffdrive_arduino/lib'
[6.900s] Level 1:colcon.colcon_core.shell:create_environment_hook('diffdrive_arduino', 'ld_library_path_lib')
[6.900s] INFO:colcon.colcon_core.shell:Creating environment hook '/home/senseri/ros2_ws/install/diffdrive_arduino/share/diffdrive_arduino/hook/ld_library_path_lib.ps1'
[6.901s] INFO:colcon.colcon_core.shell:Creating environment descriptor '/home/senseri/ros2_ws/install/diffdrive_arduino/share/diffdrive_arduino/hook/ld_library_path_lib.dsv'
[6.901s] INFO:colcon.colcon_core.shell:Creating environment hook '/home/senseri/ros2_ws/install/diffdrive_arduino/share/diffdrive_arduino/hook/ld_library_path_lib.sh'
[6.901s] Level 1:colcon.colcon_core.environment:checking '/home/senseri/ros2_ws/install/diffdrive_arduino/bin'
[6.901s] Level 1:colcon.colcon_core.environment:checking '/home/senseri/ros2_ws/install/diffdrive_arduino/lib/pkgconfig/diffdrive_arduino.pc'
[6.902s] Level 1:colcon.colcon_core.environment:checking '/home/senseri/ros2_ws/install/diffdrive_arduino/lib/python3.10/site-packages'
[6.902s] Level 1:colcon.colcon_core.environment:checking '/home/senseri/ros2_ws/install/diffdrive_arduino/bin'
[6.902s] INFO:colcon.colcon_core.shell:Creating package script '/home/senseri/ros2_ws/install/diffdrive_arduino/share/diffdrive_arduino/package.ps1'
[6.903s] INFO:colcon.colcon_core.shell:Creating package descriptor '/home/senseri/ros2_ws/install/diffdrive_arduino/share/diffdrive_arduino/package.dsv'
[6.903s] INFO:colcon.colcon_core.shell:Creating package script '/home/senseri/ros2_ws/install/diffdrive_arduino/share/diffdrive_arduino/package.sh'
[6.904s] INFO:colcon.colcon_core.shell:Creating package script '/home/senseri/ros2_ws/install/diffdrive_arduino/share/diffdrive_arduino/package.bash'
[6.904s] INFO:colcon.colcon_core.shell:Creating package script '/home/senseri/ros2_ws/install/diffdrive_arduino/share/diffdrive_arduino/package.zsh'
[6.905s] Level 1:colcon.colcon_core.environment:create_file_with_runtime_dependencies(/home/senseri/ros2_ws/install/diffdrive_arduino/share/colcon-core/packages/diffdrive_arduino)
[6.905s] DEBUG:colcon.colcon_parallel_executor.executor.parallel:closing loop
[6.905s] DEBUG:colcon.colcon_parallel_executor.executor.parallel:loop closed
[6.905s] DEBUG:colcon.colcon_parallel_executor.executor.parallel:run_until_complete finished with '0'
[6.905s] DEBUG:colcon.colcon_core.event_reactor:joining thread
[6.914s] INFO:colcon.colcon_core.plugin_system:Skipping extension 'colcon_notification.desktop_notification.terminal_notifier': Not used on non-Darwin systems
[6.914s] INFO:colcon.colcon_core.plugin_system:Skipping extension 'colcon_notification.desktop_notification.win32': Not used on non-Windows systems
[6.915s] INFO:colcon.colcon_notification.desktop_notification:Sending desktop notification using 'notify2'
[6.936s] DEBUG:colcon.colcon_core.event_reactor:joined thread
[6.937s] INFO:colcon.colcon_core.shell:Creating prefix script '/home/senseri/ros2_ws/install/local_setup.ps1'
[6.938s] INFO:colcon.colcon_core.shell:Creating prefix util module '/home/senseri/ros2_ws/install/_local_setup_util_ps1.py'
[6.941s] INFO:colcon.colcon_core.shell:Creating prefix chain script '/home/senseri/ros2_ws/install/setup.ps1'
[6.944s] INFO:colcon.colcon_core.shell:Creating prefix script '/home/senseri/ros2_ws/install/local_setup.sh'
[6.944s] INFO:colcon.colcon_core.shell:Creating prefix util module '/home/senseri/ros2_ws/install/_local_setup_util_sh.py'
[6.946s] INFO:colcon.colcon_core.shell:Creating prefix chain script '/home/senseri/ros2_ws/install/setup.sh'
[6.947s] INFO:colcon.colcon_core.shell:Creating prefix script '/home/senseri/ros2_ws/install/local_setup.bash'
[6.947s] INFO:colcon.colcon_core.shell:Creating prefix chain script '/home/senseri/ros2_ws/install/setup.bash'
[6.948s] INFO:colcon.colcon_core.shell:Creating prefix script '/home/senseri/ros2_ws/install/local_setup.zsh'
[6.949s] INFO:colcon.colcon_core.shell:Creating prefix chain script '/home/senseri/ros2_ws/install/setup.zsh'
