[0.065s] DEBUG:colcon:Command line arguments: ['/usr/bin/colcon', 'build']
[0.065s] DEBUG:colcon:Parsed command line arguments: Namespace(log_base=None, log_level=None, verb_name='build', build_base='build', install_base='install', merge_install=False, symlink_install=False, test_result_base=None, continue_on_error=False, executor='parallel', parallel_workers=12, event_handlers=None, ignore_user_meta=False, metas=['./colcon.meta'], base_paths=['.'], packages_ignore=None, packages_ignore_regex=None, paths=None, packages_up_to=None, packages_up_to_regex=None, packages_above=None, packages_above_and_dependencies=None, packages_above_depth=None, packages_select_by_dep=None, packages_skip_by_dep=None, packages_skip_up_to=None, packages_select_build_failed=False, packages_skip_build_finished=False, packages_select_test_failures=False, packages_skip_test_passed=False, packages_select=None, packages_skip=None, packages_select_regex=None, packages_skip_regex=None, packages_start=None, packages_end=None, allow_overriding=[], cmake_args=None, cmake_target=None, cmake_target_skip_unavailable=False, cmake_clean_cache=False, cmake_clean_first=False, cmake_force_configure=False, ament_cmake_args=None, catkin_cmake_args=None, catkin_skip_building_tests=False, verb_parser=<colcon_defaults.argument_parser.defaults.DefaultArgumentsDecorator object at 0x735746e6d630>, verb_extension=<colcon_core.verb.build.BuildVerb object at 0x735746e6d0f0>, main=<bound method BuildVerb.main of <colcon_core.verb.build.BuildVerb object at 0x735746e6d0f0>>)
[0.166s] Level 1:colcon.colcon_core.package_discovery:discover_packages(colcon_meta) check parameters
[0.166s] Level 1:colcon.colcon_core.package_discovery:discover_packages(recursive) check parameters
[0.166s] Level 1:colcon.colcon_core.package_discovery:discover_packages(ignore) check parameters
[0.166s] Level 1:colcon.colcon_core.package_discovery:discover_packages(path) check parameters
[0.166s] Level 1:colcon.colcon_core.package_discovery:discover_packages(colcon_meta) discover
[0.166s] Level 1:colcon.colcon_core.package_discovery:discover_packages(recursive) discover
[0.166s] INFO:colcon.colcon_core.package_discovery:Crawling recursively for packages in '/home/senseri/ros2_ws'
[0.166s] Level 1:colcon.colcon_core.package_identification:_identify(.) by extensions ['ignore', 'ignore_ament_install']
[0.166s] Level 1:colcon.colcon_core.package_identification:_identify(.) by extension 'ignore'
[0.166s] Level 1:colcon.colcon_core.package_identification:_identify(.) by extension 'ignore_ament_install'
[0.166s] Level 1:colcon.colcon_core.package_identification:_identify(.) by extensions ['colcon_pkg']
[0.166s] Level 1:colcon.colcon_core.package_identification:_identify(.) by extension 'colcon_pkg'
[0.166s] Level 1:colcon.colcon_core.package_identification:_identify(.) by extensions ['colcon_meta']
[0.166s] Level 1:colcon.colcon_core.package_identification:_identify(.) by extension 'colcon_meta'
[0.166s] Level 1:colcon.colcon_core.package_identification:_identify(.) by extensions ['ros']
[0.166s] Level 1:colcon.colcon_core.package_identification:_identify(.) by extension 'ros'
[0.173s] Level 1:colcon.colcon_core.package_identification:_identify(.) by extensions ['cmake', 'python']
[0.173s] Level 1:colcon.colcon_core.package_identification:_identify(.) by extension 'cmake'
[0.173s] Level 1:colcon.colcon_core.package_identification:_identify(.) by extension 'python'
[0.173s] Level 1:colcon.colcon_core.package_identification:_identify(.) by extensions ['python_setup_py']
[0.173s] Level 1:colcon.colcon_core.package_identification:_identify(.) by extension 'python_setup_py'
[0.173s] Level 1:colcon.colcon_core.package_identification:_identify(build) by extensions ['ignore', 'ignore_ament_install']
[0.173s] Level 1:colcon.colcon_core.package_identification:_identify(build) by extension 'ignore'
[0.173s] Level 1:colcon.colcon_core.package_identification:_identify(build) ignored
[0.173s] Level 1:colcon.colcon_core.package_identification:_identify(install) by extensions ['ignore', 'ignore_ament_install']
[0.174s] Level 1:colcon.colcon_core.package_identification:_identify(install) by extension 'ignore'
[0.174s] Level 1:colcon.colcon_core.package_identification:_identify(install) ignored
[0.174s] Level 1:colcon.colcon_core.package_identification:_identify(log) by extensions ['ignore', 'ignore_ament_install']
[0.174s] Level 1:colcon.colcon_core.package_identification:_identify(log) by extension 'ignore'
[0.174s] Level 1:colcon.colcon_core.package_identification:_identify(log) ignored
[0.174s] Level 1:colcon.colcon_core.package_identification:_identify(src) by extensions ['ignore', 'ignore_ament_install']
[0.174s] Level 1:colcon.colcon_core.package_identification:_identify(src) by extension 'ignore'
[0.174s] Level 1:colcon.colcon_core.package_identification:_identify(src) by extension 'ignore_ament_install'
[0.174s] Level 1:colcon.colcon_core.package_identification:_identify(src) by extensions ['colcon_pkg']
[0.174s] Level 1:colcon.colcon_core.package_identification:_identify(src) by extension 'colcon_pkg'
[0.174s] Level 1:colcon.colcon_core.package_identification:_identify(src) by extensions ['colcon_meta']
[0.174s] Level 1:colcon.colcon_core.package_identification:_identify(src) by extension 'colcon_meta'
[0.174s] Level 1:colcon.colcon_core.package_identification:_identify(src) by extensions ['ros']
[0.174s] Level 1:colcon.colcon_core.package_identification:_identify(src) by extension 'ros'
[0.174s] Level 1:colcon.colcon_core.package_identification:_identify(src) by extensions ['cmake', 'python']
[0.174s] Level 1:colcon.colcon_core.package_identification:_identify(src) by extension 'cmake'
[0.174s] Level 1:colcon.colcon_core.package_identification:_identify(src) by extension 'python'
[0.174s] Level 1:colcon.colcon_core.package_identification:_identify(src) by extensions ['python_setup_py']
[0.174s] Level 1:colcon.colcon_core.package_identification:_identify(src) by extension 'python_setup_py'
[0.174s] Level 1:colcon.colcon_core.package_identification:_identify(src/diffdrive_arduino-humble) by extensions ['ignore', 'ignore_ament_install']
[0.174s] Level 1:colcon.colcon_core.package_identification:_identify(src/diffdrive_arduino-humble) by extension 'ignore'
[0.174s] Level 1:colcon.colcon_core.package_identification:_identify(src/diffdrive_arduino-humble) by extension 'ignore_ament_install'
[0.174s] Level 1:colcon.colcon_core.package_identification:_identify(src/diffdrive_arduino-humble) by extensions ['colcon_pkg']
[0.174s] Level 1:colcon.colcon_core.package_identification:_identify(src/diffdrive_arduino-humble) by extension 'colcon_pkg'
[0.174s] Level 1:colcon.colcon_core.package_identification:_identify(src/diffdrive_arduino-humble) by extensions ['colcon_meta']
[0.174s] Level 1:colcon.colcon_core.package_identification:_identify(src/diffdrive_arduino-humble) by extension 'colcon_meta'
[0.174s] Level 1:colcon.colcon_core.package_identification:_identify(src/diffdrive_arduino-humble) by extensions ['ros']
[0.174s] Level 1:colcon.colcon_core.package_identification:_identify(src/diffdrive_arduino-humble) by extension 'ros'
[0.176s] DEBUG:colcon.colcon_core.package_identification:Package 'src/diffdrive_arduino-humble' with type 'ros.ament_cmake' and name 'diffdrive_arduino'
[0.176s] Level 1:colcon.colcon_core.package_identification:_identify(src/my_bot) by extensions ['ignore', 'ignore_ament_install']
[0.176s] Level 1:colcon.colcon_core.package_identification:_identify(src/my_bot) by extension 'ignore'
[0.176s] Level 1:colcon.colcon_core.package_identification:_identify(src/my_bot) by extension 'ignore_ament_install'
[0.176s] Level 1:colcon.colcon_core.package_identification:_identify(src/my_bot) by extensions ['colcon_pkg']
[0.176s] Level 1:colcon.colcon_core.package_identification:_identify(src/my_bot) by extension 'colcon_pkg'
[0.176s] Level 1:colcon.colcon_core.package_identification:_identify(src/my_bot) by extensions ['colcon_meta']
[0.176s] Level 1:colcon.colcon_core.package_identification:_identify(src/my_bot) by extension 'colcon_meta'
[0.177s] Level 1:colcon.colcon_core.package_identification:_identify(src/my_bot) by extensions ['ros']
[0.177s] Level 1:colcon.colcon_core.package_identification:_identify(src/my_bot) by extension 'ros'
[0.177s] DEBUG:colcon.colcon_core.package_identification:Package 'src/my_bot' with type 'ros.ament_cmake' and name 'my_bot'
[0.177s] Level 1:colcon.colcon_core.package_identification:_identify(src/serial_motor_demo) by extensions ['ignore', 'ignore_ament_install']
[0.177s] Level 1:colcon.colcon_core.package_identification:_identify(src/serial_motor_demo) by extension 'ignore'
[0.177s] Level 1:colcon.colcon_core.package_identification:_identify(src/serial_motor_demo) by extension 'ignore_ament_install'
[0.177s] Level 1:colcon.colcon_core.package_identification:_identify(src/serial_motor_demo) by extensions ['colcon_pkg']
[0.177s] Level 1:colcon.colcon_core.package_identification:_identify(src/serial_motor_demo) by extension 'colcon_pkg'
[0.177s] Level 1:colcon.colcon_core.package_identification:_identify(src/serial_motor_demo) by extensions ['colcon_meta']
[0.177s] Level 1:colcon.colcon_core.package_identification:_identify(src/serial_motor_demo) by extension 'colcon_meta'
[0.177s] Level 1:colcon.colcon_core.package_identification:_identify(src/serial_motor_demo) by extensions ['ros']
[0.177s] Level 1:colcon.colcon_core.package_identification:_identify(src/serial_motor_demo) by extension 'ros'
[0.178s] DEBUG:colcon.colcon_core.package_identification:Package 'src/serial_motor_demo' with type 'ros.ament_python' and name 'serial_motor_demo'
[0.178s] Level 1:colcon.colcon_core.package_identification:_identify(src/serial_motor_demo_msgs) by extensions ['ignore', 'ignore_ament_install']
[0.178s] Level 1:colcon.colcon_core.package_identification:_identify(src/serial_motor_demo_msgs) by extension 'ignore'
[0.178s] Level 1:colcon.colcon_core.package_identification:_identify(src/serial_motor_demo_msgs) by extension 'ignore_ament_install'
[0.178s] Level 1:colcon.colcon_core.package_identification:_identify(src/serial_motor_demo_msgs) by extensions ['colcon_pkg']
[0.178s] Level 1:colcon.colcon_core.package_identification:_identify(src/serial_motor_demo_msgs) by extension 'colcon_pkg'
[0.178s] Level 1:colcon.colcon_core.package_identification:_identify(src/serial_motor_demo_msgs) by extensions ['colcon_meta']
[0.178s] Level 1:colcon.colcon_core.package_identification:_identify(src/serial_motor_demo_msgs) by extension 'colcon_meta'
[0.178s] Level 1:colcon.colcon_core.package_identification:_identify(src/serial_motor_demo_msgs) by extensions ['ros']
[0.178s] Level 1:colcon.colcon_core.package_identification:_identify(src/serial_motor_demo_msgs) by extension 'ros'
[0.178s] DEBUG:colcon.colcon_core.package_identification:Package 'src/serial_motor_demo_msgs' with type 'ros.ament_cmake' and name 'serial_motor_demo_msgs'
[0.178s] Level 1:colcon.colcon_core.package_discovery:discover_packages(recursive) using defaults
[0.178s] Level 1:colcon.colcon_core.package_discovery:discover_packages(ignore) discover
[0.178s] Level 1:colcon.colcon_core.package_discovery:discover_packages(ignore) using defaults
[0.178s] Level 1:colcon.colcon_core.package_discovery:discover_packages(path) discover
[0.178s] Level 1:colcon.colcon_core.package_discovery:discover_packages(path) using defaults
[0.197s] Level 1:colcon.colcon_core.package_discovery:discover_packages(prefix_path) check parameters
[0.198s] Level 1:colcon.colcon_core.package_discovery:discover_packages(prefix_path) discover
[0.199s] DEBUG:colcon.colcon_installed_package_information.package_discovery:Found 4 installed packages in /home/senseri/ros2_ws/install
[0.200s] DEBUG:colcon.colcon_installed_package_information.package_discovery:Found 436 installed packages in /opt/ros/humble
[0.201s] Level 1:colcon.colcon_core.package_discovery:discover_packages(prefix_path) using defaults
[0.228s] Level 5:colcon.colcon_core.verb:set package 'diffdrive_arduino' build argument 'cmake_args' from command line to 'None'
[0.228s] Level 5:colcon.colcon_core.verb:set package 'diffdrive_arduino' build argument 'cmake_target' from command line to 'None'
[0.228s] Level 5:colcon.colcon_core.verb:set package 'diffdrive_arduino' build argument 'cmake_target_skip_unavailable' from command line to 'False'
[0.228s] Level 5:colcon.colcon_core.verb:set package 'diffdrive_arduino' build argument 'cmake_clean_cache' from command line to 'False'
[0.228s] Level 5:colcon.colcon_core.verb:set package 'diffdrive_arduino' build argument 'cmake_clean_first' from command line to 'False'
[0.228s] Level 5:colcon.colcon_core.verb:set package 'diffdrive_arduino' build argument 'cmake_force_configure' from command line to 'False'
[0.228s] Level 5:colcon.colcon_core.verb:set package 'diffdrive_arduino' build argument 'ament_cmake_args' from command line to 'None'
[0.228s] Level 5:colcon.colcon_core.verb:set package 'diffdrive_arduino' build argument 'catkin_cmake_args' from command line to 'None'
[0.228s] Level 5:colcon.colcon_core.verb:set package 'diffdrive_arduino' build argument 'catkin_skip_building_tests' from command line to 'False'
[0.228s] DEBUG:colcon.colcon_core.verb:Building package 'diffdrive_arduino' with the following arguments: {'ament_cmake_args': None, 'build_base': '/home/senseri/ros2_ws/build/diffdrive_arduino', 'catkin_cmake_args': None, 'catkin_skip_building_tests': False, 'cmake_args': None, 'cmake_clean_cache': False, 'cmake_clean_first': False, 'cmake_force_configure': False, 'cmake_target': None, 'cmake_target_skip_unavailable': False, 'install_base': '/home/senseri/ros2_ws/install/diffdrive_arduino', 'merge_install': False, 'path': '/home/senseri/ros2_ws/src/diffdrive_arduino-humble', 'symlink_install': False, 'test_result_base': None}
[0.228s] Level 5:colcon.colcon_core.verb:set package 'my_bot' build argument 'cmake_args' from command line to 'None'
[0.228s] Level 5:colcon.colcon_core.verb:set package 'my_bot' build argument 'cmake_target' from command line to 'None'
[0.228s] Level 5:colcon.colcon_core.verb:set package 'my_bot' build argument 'cmake_target_skip_unavailable' from command line to 'False'
[0.229s] Level 5:colcon.colcon_core.verb:set package 'my_bot' build argument 'cmake_clean_cache' from command line to 'False'
[0.229s] Level 5:colcon.colcon_core.verb:set package 'my_bot' build argument 'cmake_clean_first' from command line to 'False'
[0.229s] Level 5:colcon.colcon_core.verb:set package 'my_bot' build argument 'cmake_force_configure' from command line to 'False'
[0.229s] Level 5:colcon.colcon_core.verb:set package 'my_bot' build argument 'ament_cmake_args' from command line to 'None'
[0.229s] Level 5:colcon.colcon_core.verb:set package 'my_bot' build argument 'catkin_cmake_args' from command line to 'None'
[0.229s] Level 5:colcon.colcon_core.verb:set package 'my_bot' build argument 'catkin_skip_building_tests' from command line to 'False'
[0.229s] DEBUG:colcon.colcon_core.verb:Building package 'my_bot' with the following arguments: {'ament_cmake_args': None, 'build_base': '/home/senseri/ros2_ws/build/my_bot', 'catkin_cmake_args': None, 'catkin_skip_building_tests': False, 'cmake_args': None, 'cmake_clean_cache': False, 'cmake_clean_first': False, 'cmake_force_configure': False, 'cmake_target': None, 'cmake_target_skip_unavailable': False, 'install_base': '/home/senseri/ros2_ws/install/my_bot', 'merge_install': False, 'path': '/home/senseri/ros2_ws/src/my_bot', 'symlink_install': False, 'test_result_base': None}
[0.229s] Level 5:colcon.colcon_core.verb:set package 'serial_motor_demo_msgs' build argument 'cmake_args' from command line to 'None'
[0.229s] Level 5:colcon.colcon_core.verb:set package 'serial_motor_demo_msgs' build argument 'cmake_target' from command line to 'None'
[0.229s] Level 5:colcon.colcon_core.verb:set package 'serial_motor_demo_msgs' build argument 'cmake_target_skip_unavailable' from command line to 'False'
[0.229s] Level 5:colcon.colcon_core.verb:set package 'serial_motor_demo_msgs' build argument 'cmake_clean_cache' from command line to 'False'
[0.229s] Level 5:colcon.colcon_core.verb:set package 'serial_motor_demo_msgs' build argument 'cmake_clean_first' from command line to 'False'
[0.229s] Level 5:colcon.colcon_core.verb:set package 'serial_motor_demo_msgs' build argument 'cmake_force_configure' from command line to 'False'
[0.229s] Level 5:colcon.colcon_core.verb:set package 'serial_motor_demo_msgs' build argument 'ament_cmake_args' from command line to 'None'
[0.229s] Level 5:colcon.colcon_core.verb:set package 'serial_motor_demo_msgs' build argument 'catkin_cmake_args' from command line to 'None'
[0.229s] Level 5:colcon.colcon_core.verb:set package 'serial_motor_demo_msgs' build argument 'catkin_skip_building_tests' from command line to 'False'
[0.229s] DEBUG:colcon.colcon_core.verb:Building package 'serial_motor_demo_msgs' with the following arguments: {'ament_cmake_args': None, 'build_base': '/home/senseri/ros2_ws/build/serial_motor_demo_msgs', 'catkin_cmake_args': None, 'catkin_skip_building_tests': False, 'cmake_args': None, 'cmake_clean_cache': False, 'cmake_clean_first': False, 'cmake_force_configure': False, 'cmake_target': None, 'cmake_target_skip_unavailable': False, 'install_base': '/home/senseri/ros2_ws/install/serial_motor_demo_msgs', 'merge_install': False, 'path': '/home/senseri/ros2_ws/src/serial_motor_demo_msgs', 'symlink_install': False, 'test_result_base': None}
[0.229s] Level 5:colcon.colcon_core.verb:set package 'serial_motor_demo' build argument 'cmake_args' from command line to 'None'
[0.229s] Level 5:colcon.colcon_core.verb:set package 'serial_motor_demo' build argument 'cmake_target' from command line to 'None'
[0.229s] Level 5:colcon.colcon_core.verb:set package 'serial_motor_demo' build argument 'cmake_target_skip_unavailable' from command line to 'False'
[0.229s] Level 5:colcon.colcon_core.verb:set package 'serial_motor_demo' build argument 'cmake_clean_cache' from command line to 'False'
[0.229s] Level 5:colcon.colcon_core.verb:set package 'serial_motor_demo' build argument 'cmake_clean_first' from command line to 'False'
[0.229s] Level 5:colcon.colcon_core.verb:set package 'serial_motor_demo' build argument 'cmake_force_configure' from command line to 'False'
[0.229s] Level 5:colcon.colcon_core.verb:set package 'serial_motor_demo' build argument 'ament_cmake_args' from command line to 'None'
[0.229s] Level 5:colcon.colcon_core.verb:set package 'serial_motor_demo' build argument 'catkin_cmake_args' from command line to 'None'
[0.229s] Level 5:colcon.colcon_core.verb:set package 'serial_motor_demo' build argument 'catkin_skip_building_tests' from command line to 'False'
[0.229s] DEBUG:colcon.colcon_core.verb:Building package 'serial_motor_demo' with the following arguments: {'ament_cmake_args': None, 'build_base': '/home/senseri/ros2_ws/build/serial_motor_demo', 'catkin_cmake_args': None, 'catkin_skip_building_tests': False, 'cmake_args': None, 'cmake_clean_cache': False, 'cmake_clean_first': False, 'cmake_force_configure': False, 'cmake_target': None, 'cmake_target_skip_unavailable': False, 'install_base': '/home/senseri/ros2_ws/install/serial_motor_demo', 'merge_install': False, 'path': '/home/senseri/ros2_ws/src/serial_motor_demo', 'symlink_install': False, 'test_result_base': None}
[0.229s] INFO:colcon.colcon_core.executor:Executing jobs using 'parallel' executor
[0.230s] DEBUG:colcon.colcon_parallel_executor.executor.parallel:run_until_complete
[0.231s] INFO:colcon.colcon_ros.task.ament_cmake.build:Building ROS package in '/home/senseri/ros2_ws/src/serial_motor_demo_msgs' with build type 'ament_cmake'
[0.231s] INFO:colcon.colcon_cmake.task.cmake.build:Building CMake package in '/home/senseri/ros2_ws/src/serial_motor_demo_msgs'
[0.232s] INFO:colcon.colcon_core.plugin_system:Skipping extension 'colcon_core.shell.bat': Not used on non-Windows systems
[0.232s] INFO:colcon.colcon_core.shell:Skip shell extension 'powershell' for command environment: Not usable outside of PowerShell
[0.232s] DEBUG:colcon.colcon_core.shell:Skip shell extension 'dsv' for command environment
[0.235s] INFO:colcon.colcon_ros.task.ament_cmake.build:Building ROS package in '/home/senseri/ros2_ws/src/diffdrive_arduino-humble' with build type 'ament_cmake'
[0.235s] INFO:colcon.colcon_cmake.task.cmake.build:Building CMake package in '/home/senseri/ros2_ws/src/diffdrive_arduino-humble'
[0.235s] INFO:colcon.colcon_core.shell:Skip shell extension 'powershell' for command environment: Not usable outside of PowerShell
[0.236s] DEBUG:colcon.colcon_core.shell:Skip shell extension 'dsv' for command environment
[0.238s] INFO:colcon.colcon_ros.task.ament_cmake.build:Building ROS package in '/home/senseri/ros2_ws/src/my_bot' with build type 'ament_cmake'
[0.238s] INFO:colcon.colcon_cmake.task.cmake.build:Building CMake package in '/home/senseri/ros2_ws/src/my_bot'
[0.238s] INFO:colcon.colcon_core.shell:Skip shell extension 'powershell' for command environment: Not usable outside of PowerShell
[0.239s] DEBUG:colcon.colcon_core.shell:Skip shell extension 'dsv' for command environment
[0.246s] DEBUG:colcon.colcon_core.event_handler.log_command:Invoking command in '/home/senseri/ros2_ws/build/serial_motor_demo_msgs': CMAKE_PREFIX_PATH=${CMAKE_PREFIX_PATH}:/home/senseri/ros2_ws/install/serial_motor_demo:/opt/ros/humble /usr/bin/cmake --build /home/senseri/ros2_ws/build/serial_motor_demo_msgs -- -j12 -l12
[0.250s] DEBUG:colcon.colcon_core.event_handler.log_command:Invoking command in '/home/senseri/ros2_ws/build/diffdrive_arduino': CMAKE_PREFIX_PATH=${CMAKE_PREFIX_PATH}:/home/senseri/ros2_ws/install/serial_motor_demo:/opt/ros/humble /usr/bin/cmake --build /home/senseri/ros2_ws/build/diffdrive_arduino -- -j12 -l12
[0.254s] DEBUG:colcon.colcon_core.event_handler.log_command:Invoking command in '/home/senseri/ros2_ws/build/my_bot': CMAKE_PREFIX_PATH=${CMAKE_PREFIX_PATH}:/home/senseri/ros2_ws/install/serial_motor_demo:/opt/ros/humble /usr/bin/cmake --build /home/senseri/ros2_ws/build/my_bot -- -j12 -l12
[0.295s] DEBUG:colcon.colcon_core.event_handler.log_command:Invoked command in '/home/senseri/ros2_ws/build/my_bot' returned '0': CMAKE_PREFIX_PATH=${CMAKE_PREFIX_PATH}:/home/senseri/ros2_ws/install/serial_motor_demo:/opt/ros/humble /usr/bin/cmake --build /home/senseri/ros2_ws/build/my_bot -- -j12 -l12
[0.306s] DEBUG:colcon.colcon_core.event_handler.log_command:Invoking command in '/home/senseri/ros2_ws/build/my_bot': CMAKE_PREFIX_PATH=${CMAKE_PREFIX_PATH}:/home/senseri/ros2_ws/install/serial_motor_demo:/opt/ros/humble /usr/bin/cmake --install /home/senseri/ros2_ws/build/my_bot
[0.333s] Level 1:colcon.colcon_core.environment:create_environment_scripts_only(my_bot)
[0.334s] DEBUG:colcon.colcon_core.event_handler.log_command:Invoked command in '/home/senseri/ros2_ws/build/my_bot' returned '0': CMAKE_PREFIX_PATH=${CMAKE_PREFIX_PATH}:/home/senseri/ros2_ws/install/serial_motor_demo:/opt/ros/humble /usr/bin/cmake --install /home/senseri/ros2_ws/build/my_bot
[0.336s] Level 1:colcon.colcon_core.environment:checking '/home/senseri/ros2_ws/install/my_bot' for CMake module files
[0.337s] Level 1:colcon.colcon_core.environment:checking '/home/senseri/ros2_ws/install/my_bot' for CMake config files
[0.337s] Level 1:colcon.colcon_core.shell:create_environment_hook('my_bot', 'cmake_prefix_path')
[0.338s] INFO:colcon.colcon_core.shell:Creating environment hook '/home/senseri/ros2_ws/install/my_bot/share/my_bot/hook/cmake_prefix_path.ps1'
[0.338s] INFO:colcon.colcon_core.shell:Creating environment descriptor '/home/senseri/ros2_ws/install/my_bot/share/my_bot/hook/cmake_prefix_path.dsv'
[0.339s] INFO:colcon.colcon_core.shell:Creating environment hook '/home/senseri/ros2_ws/install/my_bot/share/my_bot/hook/cmake_prefix_path.sh'
[0.340s] Level 1:colcon.colcon_core.environment:checking '/home/senseri/ros2_ws/install/my_bot/lib'
[0.340s] Level 1:colcon.colcon_core.environment:checking '/home/senseri/ros2_ws/install/my_bot/bin'
[0.340s] Level 1:colcon.colcon_core.environment:checking '/home/senseri/ros2_ws/install/my_bot/lib/pkgconfig/my_bot.pc'
[0.340s] Level 1:colcon.colcon_core.environment:checking '/home/senseri/ros2_ws/install/my_bot/lib/python3.10/site-packages'
[0.340s] Level 1:colcon.colcon_core.environment:checking '/home/senseri/ros2_ws/install/my_bot/bin'
[0.340s] INFO:colcon.colcon_core.shell:Creating package script '/home/senseri/ros2_ws/install/my_bot/share/my_bot/package.ps1'
[0.341s] INFO:colcon.colcon_core.shell:Creating package descriptor '/home/senseri/ros2_ws/install/my_bot/share/my_bot/package.dsv'
[0.342s] INFO:colcon.colcon_core.shell:Creating package script '/home/senseri/ros2_ws/install/my_bot/share/my_bot/package.sh'
[0.343s] INFO:colcon.colcon_core.shell:Creating package script '/home/senseri/ros2_ws/install/my_bot/share/my_bot/package.bash'
[0.343s] INFO:colcon.colcon_core.shell:Creating package script '/home/senseri/ros2_ws/install/my_bot/share/my_bot/package.zsh'
[0.344s] Level 1:colcon.colcon_core.environment:create_file_with_runtime_dependencies(/home/senseri/ros2_ws/install/my_bot/share/colcon-core/packages/my_bot)
[0.345s] Level 1:colcon.colcon_core.environment:create_environment_scripts_only(my_bot)
[0.345s] Level 1:colcon.colcon_core.environment:checking '/home/senseri/ros2_ws/install/my_bot' for CMake module files
[0.346s] Level 1:colcon.colcon_core.environment:checking '/home/senseri/ros2_ws/install/my_bot' for CMake config files
[0.347s] Level 1:colcon.colcon_core.shell:create_environment_hook('my_bot', 'cmake_prefix_path')
[0.347s] INFO:colcon.colcon_core.shell:Creating environment hook '/home/senseri/ros2_ws/install/my_bot/share/my_bot/hook/cmake_prefix_path.ps1'
[0.348s] INFO:colcon.colcon_core.shell:Creating environment descriptor '/home/senseri/ros2_ws/install/my_bot/share/my_bot/hook/cmake_prefix_path.dsv'
[0.348s] INFO:colcon.colcon_core.shell:Creating environment hook '/home/senseri/ros2_ws/install/my_bot/share/my_bot/hook/cmake_prefix_path.sh'
[0.349s] Level 1:colcon.colcon_core.environment:checking '/home/senseri/ros2_ws/install/my_bot/lib'
[0.349s] Level 1:colcon.colcon_core.environment:checking '/home/senseri/ros2_ws/install/my_bot/bin'
[0.349s] Level 1:colcon.colcon_core.environment:checking '/home/senseri/ros2_ws/install/my_bot/lib/pkgconfig/my_bot.pc'
[0.350s] Level 1:colcon.colcon_core.environment:checking '/home/senseri/ros2_ws/install/my_bot/lib/python3.10/site-packages'
[0.350s] Level 1:colcon.colcon_core.environment:checking '/home/senseri/ros2_ws/install/my_bot/bin'
[0.350s] INFO:colcon.colcon_core.shell:Creating package script '/home/senseri/ros2_ws/install/my_bot/share/my_bot/package.ps1'
[0.351s] INFO:colcon.colcon_core.shell:Creating package descriptor '/home/senseri/ros2_ws/install/my_bot/share/my_bot/package.dsv'
[0.352s] INFO:colcon.colcon_core.shell:Creating package script '/home/senseri/ros2_ws/install/my_bot/share/my_bot/package.sh'
[0.353s] INFO:colcon.colcon_core.shell:Creating package script '/home/senseri/ros2_ws/install/my_bot/share/my_bot/package.bash'
[0.354s] INFO:colcon.colcon_core.shell:Creating package script '/home/senseri/ros2_ws/install/my_bot/share/my_bot/package.zsh'
[0.354s] Level 1:colcon.colcon_core.environment:create_file_with_runtime_dependencies(/home/senseri/ros2_ws/install/my_bot/share/colcon-core/packages/my_bot)
[0.357s] DEBUG:colcon.colcon_core.event_handler.log_command:Invoked command in '/home/senseri/ros2_ws/build/diffdrive_arduino' returned '0': CMAKE_PREFIX_PATH=${CMAKE_PREFIX_PATH}:/home/senseri/ros2_ws/install/serial_motor_demo:/opt/ros/humble /usr/bin/cmake --build /home/senseri/ros2_ws/build/diffdrive_arduino -- -j12 -l12
[0.358s] DEBUG:colcon.colcon_core.event_handler.log_command:Invoking command in '/home/senseri/ros2_ws/build/diffdrive_arduino': CMAKE_PREFIX_PATH=${CMAKE_PREFIX_PATH}:/home/senseri/ros2_ws/install/serial_motor_demo:/opt/ros/humble /usr/bin/cmake --install /home/senseri/ros2_ws/build/diffdrive_arduino
[0.388s] Level 1:colcon.colcon_core.environment:create_environment_scripts_only(diffdrive_arduino)
[0.389s] Level 1:colcon.colcon_core.environment:checking '/home/senseri/ros2_ws/install/diffdrive_arduino' for CMake module files
[0.390s] DEBUG:colcon.colcon_core.event_handler.log_command:Invoked command in '/home/senseri/ros2_ws/build/diffdrive_arduino' returned '0': CMAKE_PREFIX_PATH=${CMAKE_PREFIX_PATH}:/home/senseri/ros2_ws/install/serial_motor_demo:/opt/ros/humble /usr/bin/cmake --install /home/senseri/ros2_ws/build/diffdrive_arduino
[0.390s] Level 1:colcon.colcon_core.environment:checking '/home/senseri/ros2_ws/install/diffdrive_arduino' for CMake config files
[0.391s] Level 1:colcon.colcon_core.shell:create_environment_hook('diffdrive_arduino', 'cmake_prefix_path')
[0.392s] INFO:colcon.colcon_core.shell:Creating environment hook '/home/senseri/ros2_ws/install/diffdrive_arduino/share/diffdrive_arduino/hook/cmake_prefix_path.ps1'
[0.393s] INFO:colcon.colcon_core.shell:Creating environment descriptor '/home/senseri/ros2_ws/install/diffdrive_arduino/share/diffdrive_arduino/hook/cmake_prefix_path.dsv'
[0.393s] INFO:colcon.colcon_core.shell:Creating environment hook '/home/senseri/ros2_ws/install/diffdrive_arduino/share/diffdrive_arduino/hook/cmake_prefix_path.sh'
[0.394s] Level 1:colcon.colcon_core.environment:checking '/home/senseri/ros2_ws/install/diffdrive_arduino/lib'
[0.394s] Level 1:colcon.colcon_core.shell:create_environment_hook('diffdrive_arduino', 'ld_library_path_lib')
[0.394s] INFO:colcon.colcon_core.shell:Creating environment hook '/home/senseri/ros2_ws/install/diffdrive_arduino/share/diffdrive_arduino/hook/ld_library_path_lib.ps1'
[0.395s] INFO:colcon.colcon_core.shell:Creating environment descriptor '/home/senseri/ros2_ws/install/diffdrive_arduino/share/diffdrive_arduino/hook/ld_library_path_lib.dsv'
[0.396s] INFO:colcon.colcon_core.shell:Creating environment hook '/home/senseri/ros2_ws/install/diffdrive_arduino/share/diffdrive_arduino/hook/ld_library_path_lib.sh'
[0.396s] Level 1:colcon.colcon_core.environment:checking '/home/senseri/ros2_ws/install/diffdrive_arduino/bin'
[0.396s] Level 1:colcon.colcon_core.environment:checking '/home/senseri/ros2_ws/install/diffdrive_arduino/lib/pkgconfig/diffdrive_arduino.pc'
[0.397s] Level 1:colcon.colcon_core.environment:checking '/home/senseri/ros2_ws/install/diffdrive_arduino/lib/python3.10/site-packages'
[0.397s] Level 1:colcon.colcon_core.environment:checking '/home/senseri/ros2_ws/install/diffdrive_arduino/bin'
[0.397s] INFO:colcon.colcon_core.shell:Creating package script '/home/senseri/ros2_ws/install/diffdrive_arduino/share/diffdrive_arduino/package.ps1'
[0.398s] INFO:colcon.colcon_core.shell:Creating package descriptor '/home/senseri/ros2_ws/install/diffdrive_arduino/share/diffdrive_arduino/package.dsv'
[0.399s] INFO:colcon.colcon_core.shell:Creating package script '/home/senseri/ros2_ws/install/diffdrive_arduino/share/diffdrive_arduino/package.sh'
[0.400s] INFO:colcon.colcon_core.shell:Creating package script '/home/senseri/ros2_ws/install/diffdrive_arduino/share/diffdrive_arduino/package.bash'
[0.400s] INFO:colcon.colcon_core.shell:Creating package script '/home/senseri/ros2_ws/install/diffdrive_arduino/share/diffdrive_arduino/package.zsh'
[0.401s] Level 1:colcon.colcon_core.environment:create_file_with_runtime_dependencies(/home/senseri/ros2_ws/install/diffdrive_arduino/share/colcon-core/packages/diffdrive_arduino)
[0.402s] Level 1:colcon.colcon_core.environment:create_environment_scripts_only(diffdrive_arduino)
[0.402s] Level 1:colcon.colcon_core.environment:checking '/home/senseri/ros2_ws/install/diffdrive_arduino' for CMake module files
[0.403s] Level 1:colcon.colcon_core.environment:checking '/home/senseri/ros2_ws/install/diffdrive_arduino' for CMake config files
[0.404s] Level 1:colcon.colcon_core.shell:create_environment_hook('diffdrive_arduino', 'cmake_prefix_path')
[0.404s] INFO:colcon.colcon_core.shell:Creating environment hook '/home/senseri/ros2_ws/install/diffdrive_arduino/share/diffdrive_arduino/hook/cmake_prefix_path.ps1'
[0.405s] INFO:colcon.colcon_core.shell:Creating environment descriptor '/home/senseri/ros2_ws/install/diffdrive_arduino/share/diffdrive_arduino/hook/cmake_prefix_path.dsv'
[0.406s] INFO:colcon.colcon_core.shell:Creating environment hook '/home/senseri/ros2_ws/install/diffdrive_arduino/share/diffdrive_arduino/hook/cmake_prefix_path.sh'
[0.406s] Level 1:colcon.colcon_core.environment:checking '/home/senseri/ros2_ws/install/diffdrive_arduino/lib'
[0.407s] Level 1:colcon.colcon_core.shell:create_environment_hook('diffdrive_arduino', 'ld_library_path_lib')
[0.407s] INFO:colcon.colcon_core.shell:Creating environment hook '/home/senseri/ros2_ws/install/diffdrive_arduino/share/diffdrive_arduino/hook/ld_library_path_lib.ps1'
[0.408s] INFO:colcon.colcon_core.shell:Creating environment descriptor '/home/senseri/ros2_ws/install/diffdrive_arduino/share/diffdrive_arduino/hook/ld_library_path_lib.dsv'
[0.408s] INFO:colcon.colcon_core.shell:Creating environment hook '/home/senseri/ros2_ws/install/diffdrive_arduino/share/diffdrive_arduino/hook/ld_library_path_lib.sh'
[0.409s] Level 1:colcon.colcon_core.environment:checking '/home/senseri/ros2_ws/install/diffdrive_arduino/bin'
[0.409s] Level 1:colcon.colcon_core.environment:checking '/home/senseri/ros2_ws/install/diffdrive_arduino/lib/pkgconfig/diffdrive_arduino.pc'
[0.410s] Level 1:colcon.colcon_core.environment:checking '/home/senseri/ros2_ws/install/diffdrive_arduino/lib/python3.10/site-packages'
[0.410s] Level 1:colcon.colcon_core.environment:checking '/home/senseri/ros2_ws/install/diffdrive_arduino/bin'
[0.411s] INFO:colcon.colcon_core.shell:Creating package script '/home/senseri/ros2_ws/install/diffdrive_arduino/share/diffdrive_arduino/package.ps1'
[0.412s] INFO:colcon.colcon_core.shell:Creating package descriptor '/home/senseri/ros2_ws/install/diffdrive_arduino/share/diffdrive_arduino/package.dsv'
[0.413s] INFO:colcon.colcon_core.shell:Creating package script '/home/senseri/ros2_ws/install/diffdrive_arduino/share/diffdrive_arduino/package.sh'
[0.414s] INFO:colcon.colcon_core.shell:Creating package script '/home/senseri/ros2_ws/install/diffdrive_arduino/share/diffdrive_arduino/package.bash'
[0.415s] INFO:colcon.colcon_core.shell:Creating package script '/home/senseri/ros2_ws/install/diffdrive_arduino/share/diffdrive_arduino/package.zsh'
[0.416s] Level 1:colcon.colcon_core.environment:create_file_with_runtime_dependencies(/home/senseri/ros2_ws/install/diffdrive_arduino/share/colcon-core/packages/diffdrive_arduino)
[0.572s] DEBUG:colcon.colcon_core.event_handler.log_command:Invoked command in '/home/senseri/ros2_ws/build/serial_motor_demo_msgs' returned '0': CMAKE_PREFIX_PATH=${CMAKE_PREFIX_PATH}:/home/senseri/ros2_ws/install/serial_motor_demo:/opt/ros/humble /usr/bin/cmake --build /home/senseri/ros2_ws/build/serial_motor_demo_msgs -- -j12 -l12
[0.574s] DEBUG:colcon.colcon_core.event_handler.log_command:Invoking command in '/home/senseri/ros2_ws/build/serial_motor_demo_msgs': CMAKE_PREFIX_PATH=${CMAKE_PREFIX_PATH}:/home/senseri/ros2_ws/install/serial_motor_demo:/opt/ros/humble /usr/bin/cmake --install /home/senseri/ros2_ws/build/serial_motor_demo_msgs
[0.632s] Level 1:colcon.colcon_core.environment:create_environment_scripts_only(serial_motor_demo_msgs)
[0.632s] Level 1:colcon.colcon_core.environment:checking '/home/senseri/ros2_ws/install/serial_motor_demo_msgs' for CMake module files
[0.633s] DEBUG:colcon.colcon_core.event_handler.log_command:Invoked command in '/home/senseri/ros2_ws/build/serial_motor_demo_msgs' returned '0': CMAKE_PREFIX_PATH=${CMAKE_PREFIX_PATH}:/home/senseri/ros2_ws/install/serial_motor_demo:/opt/ros/humble /usr/bin/cmake --install /home/senseri/ros2_ws/build/serial_motor_demo_msgs
[0.633s] Level 1:colcon.colcon_core.environment:checking '/home/senseri/ros2_ws/install/serial_motor_demo_msgs' for CMake config files
[0.634s] Level 1:colcon.colcon_core.shell:create_environment_hook('serial_motor_demo_msgs', 'cmake_prefix_path')
[0.634s] INFO:colcon.colcon_core.shell:Creating environment hook '/home/senseri/ros2_ws/install/serial_motor_demo_msgs/share/serial_motor_demo_msgs/hook/cmake_prefix_path.ps1'
[0.635s] INFO:colcon.colcon_core.shell:Creating environment descriptor '/home/senseri/ros2_ws/install/serial_motor_demo_msgs/share/serial_motor_demo_msgs/hook/cmake_prefix_path.dsv'
[0.635s] INFO:colcon.colcon_core.shell:Creating environment hook '/home/senseri/ros2_ws/install/serial_motor_demo_msgs/share/serial_motor_demo_msgs/hook/cmake_prefix_path.sh'
[0.635s] Level 1:colcon.colcon_core.environment:checking '/home/senseri/ros2_ws/install/serial_motor_demo_msgs/lib'
[0.635s] Level 1:colcon.colcon_core.shell:create_environment_hook('serial_motor_demo_msgs', 'ld_library_path_lib')
[0.636s] INFO:colcon.colcon_core.shell:Creating environment hook '/home/senseri/ros2_ws/install/serial_motor_demo_msgs/share/serial_motor_demo_msgs/hook/ld_library_path_lib.ps1'
[0.636s] INFO:colcon.colcon_core.shell:Creating environment descriptor '/home/senseri/ros2_ws/install/serial_motor_demo_msgs/share/serial_motor_demo_msgs/hook/ld_library_path_lib.dsv'
[0.636s] INFO:colcon.colcon_core.shell:Creating environment hook '/home/senseri/ros2_ws/install/serial_motor_demo_msgs/share/serial_motor_demo_msgs/hook/ld_library_path_lib.sh'
[0.636s] Level 1:colcon.colcon_core.environment:checking '/home/senseri/ros2_ws/install/serial_motor_demo_msgs/bin'
[0.637s] Level 1:colcon.colcon_core.environment:checking '/home/senseri/ros2_ws/install/serial_motor_demo_msgs/lib/pkgconfig/serial_motor_demo_msgs.pc'
[0.637s] Level 1:colcon.colcon_core.environment:checking '/home/senseri/ros2_ws/install/serial_motor_demo_msgs/lib/python3.10/site-packages'
[0.637s] Level 1:colcon.colcon_core.environment:checking '/home/senseri/ros2_ws/install/serial_motor_demo_msgs/bin'
[0.637s] INFO:colcon.colcon_core.shell:Creating package script '/home/senseri/ros2_ws/install/serial_motor_demo_msgs/share/serial_motor_demo_msgs/package.ps1'
[0.638s] INFO:colcon.colcon_core.shell:Creating package descriptor '/home/senseri/ros2_ws/install/serial_motor_demo_msgs/share/serial_motor_demo_msgs/package.dsv'
[0.638s] INFO:colcon.colcon_core.shell:Creating package script '/home/senseri/ros2_ws/install/serial_motor_demo_msgs/share/serial_motor_demo_msgs/package.sh'
[0.639s] INFO:colcon.colcon_core.shell:Creating package script '/home/senseri/ros2_ws/install/serial_motor_demo_msgs/share/serial_motor_demo_msgs/package.bash'
[0.639s] INFO:colcon.colcon_core.shell:Creating package script '/home/senseri/ros2_ws/install/serial_motor_demo_msgs/share/serial_motor_demo_msgs/package.zsh'
[0.639s] Level 1:colcon.colcon_core.environment:create_file_with_runtime_dependencies(/home/senseri/ros2_ws/install/serial_motor_demo_msgs/share/colcon-core/packages/serial_motor_demo_msgs)
[0.640s] Level 1:colcon.colcon_core.environment:create_environment_scripts_only(serial_motor_demo_msgs)
[0.640s] Level 1:colcon.colcon_core.environment:checking '/home/senseri/ros2_ws/install/serial_motor_demo_msgs' for CMake module files
[0.641s] Level 1:colcon.colcon_core.environment:checking '/home/senseri/ros2_ws/install/serial_motor_demo_msgs' for CMake config files
[0.642s] Level 1:colcon.colcon_core.shell:create_environment_hook('serial_motor_demo_msgs', 'cmake_prefix_path')
[0.642s] INFO:colcon.colcon_core.shell:Creating environment hook '/home/senseri/ros2_ws/install/serial_motor_demo_msgs/share/serial_motor_demo_msgs/hook/cmake_prefix_path.ps1'
[0.642s] INFO:colcon.colcon_core.shell:Creating environment descriptor '/home/senseri/ros2_ws/install/serial_motor_demo_msgs/share/serial_motor_demo_msgs/hook/cmake_prefix_path.dsv'
[0.642s] INFO:colcon.colcon_core.shell:Creating environment hook '/home/senseri/ros2_ws/install/serial_motor_demo_msgs/share/serial_motor_demo_msgs/hook/cmake_prefix_path.sh'
[0.643s] Level 1:colcon.colcon_core.environment:checking '/home/senseri/ros2_ws/install/serial_motor_demo_msgs/lib'
[0.643s] Level 1:colcon.colcon_core.shell:create_environment_hook('serial_motor_demo_msgs', 'ld_library_path_lib')
[0.643s] INFO:colcon.colcon_core.shell:Creating environment hook '/home/senseri/ros2_ws/install/serial_motor_demo_msgs/share/serial_motor_demo_msgs/hook/ld_library_path_lib.ps1'
[0.644s] INFO:colcon.colcon_core.shell:Creating environment descriptor '/home/senseri/ros2_ws/install/serial_motor_demo_msgs/share/serial_motor_demo_msgs/hook/ld_library_path_lib.dsv'
[0.644s] INFO:colcon.colcon_core.shell:Creating environment hook '/home/senseri/ros2_ws/install/serial_motor_demo_msgs/share/serial_motor_demo_msgs/hook/ld_library_path_lib.sh'
[0.644s] Level 1:colcon.colcon_core.environment:checking '/home/senseri/ros2_ws/install/serial_motor_demo_msgs/bin'
[0.644s] Level 1:colcon.colcon_core.environment:checking '/home/senseri/ros2_ws/install/serial_motor_demo_msgs/lib/pkgconfig/serial_motor_demo_msgs.pc'
[0.645s] Level 1:colcon.colcon_core.environment:checking '/home/senseri/ros2_ws/install/serial_motor_demo_msgs/lib/python3.10/site-packages'
[0.645s] Level 1:colcon.colcon_core.environment:checking '/home/senseri/ros2_ws/install/serial_motor_demo_msgs/bin'
[0.645s] INFO:colcon.colcon_core.shell:Creating package script '/home/senseri/ros2_ws/install/serial_motor_demo_msgs/share/serial_motor_demo_msgs/package.ps1'
[0.646s] INFO:colcon.colcon_core.shell:Creating package descriptor '/home/senseri/ros2_ws/install/serial_motor_demo_msgs/share/serial_motor_demo_msgs/package.dsv'
[0.646s] INFO:colcon.colcon_core.shell:Creating package script '/home/senseri/ros2_ws/install/serial_motor_demo_msgs/share/serial_motor_demo_msgs/package.sh'
[0.646s] INFO:colcon.colcon_core.shell:Creating package script '/home/senseri/ros2_ws/install/serial_motor_demo_msgs/share/serial_motor_demo_msgs/package.bash'
[0.647s] INFO:colcon.colcon_core.shell:Creating package script '/home/senseri/ros2_ws/install/serial_motor_demo_msgs/share/serial_motor_demo_msgs/package.zsh'
[0.647s] Level 1:colcon.colcon_core.environment:create_file_with_runtime_dependencies(/home/senseri/ros2_ws/install/serial_motor_demo_msgs/share/colcon-core/packages/serial_motor_demo_msgs)
[0.647s] INFO:colcon.colcon_ros.task.ament_python.build:Building ROS package in '/home/senseri/ros2_ws/src/serial_motor_demo' with build type 'ament_python'
[0.647s] Level 1:colcon.colcon_core.shell:create_environment_hook('serial_motor_demo', 'ament_prefix_path')
[0.648s] INFO:colcon.colcon_core.shell:Creating environment hook '/home/senseri/ros2_ws/install/serial_motor_demo/share/serial_motor_demo/hook/ament_prefix_path.ps1'
[0.649s] INFO:colcon.colcon_core.shell:Creating environment descriptor '/home/senseri/ros2_ws/install/serial_motor_demo/share/serial_motor_demo/hook/ament_prefix_path.dsv'
[0.649s] INFO:colcon.colcon_core.shell:Creating environment hook '/home/senseri/ros2_ws/install/serial_motor_demo/share/serial_motor_demo/hook/ament_prefix_path.sh'
[0.650s] INFO:colcon.colcon_core.shell:Skip shell extension 'powershell' for command environment: Not usable outside of PowerShell
[0.650s] DEBUG:colcon.colcon_core.shell:Skip shell extension 'dsv' for command environment
[0.840s] INFO:colcon.colcon_core.task.python.build:Building Python package in '/home/senseri/ros2_ws/src/serial_motor_demo'
[0.841s] INFO:colcon.colcon_core.shell:Skip shell extension 'powershell' for command environment: Not usable outside of PowerShell
[0.841s] DEBUG:colcon.colcon_core.shell:Skip shell extension 'dsv' for command environment
[1.084s] DEBUG:colcon.colcon_core.event_handler.log_command:Invoking command in '/home/senseri/ros2_ws/src/serial_motor_demo': PYTHONPATH=/home/senseri/ros2_ws/build/serial_motor_demo/prefix_override:/usr/lib/python3/dist-packages/colcon_core/task/python/colcon_distutils_commands:/home/senseri/ros2_ws/install/serial_motor_demo/lib/python3.10/site-packages:${PYTHONPATH} /usr/bin/python3 -W ignore:setup.py install is deprecated -W ignore:easy_install command is deprecated setup.py egg_info --egg-base ../../build/serial_motor_demo build --build-base /home/senseri/ros2_ws/build/serial_motor_demo/build install --record /home/senseri/ros2_ws/build/serial_motor_demo/install.log --install-scripts $base/lib/serial_motor_demo --single-version-externally-managed install_data
[1.284s] Level 1:colcon.colcon_core.environment:checking '/home/senseri/ros2_ws/install/serial_motor_demo' for CMake module files
[1.285s] DEBUG:colcon.colcon_core.event_handler.log_command:Invoked command in '/home/senseri/ros2_ws/src/serial_motor_demo' returned '0': PYTHONPATH=/home/senseri/ros2_ws/build/serial_motor_demo/prefix_override:/usr/lib/python3/dist-packages/colcon_core/task/python/colcon_distutils_commands:/home/senseri/ros2_ws/install/serial_motor_demo/lib/python3.10/site-packages:${PYTHONPATH} /usr/bin/python3 -W ignore:setup.py install is deprecated -W ignore:easy_install command is deprecated setup.py egg_info --egg-base ../../build/serial_motor_demo build --build-base /home/senseri/ros2_ws/build/serial_motor_demo/build install --record /home/senseri/ros2_ws/build/serial_motor_demo/install.log --install-scripts $base/lib/serial_motor_demo --single-version-externally-managed install_data
[1.285s] Level 1:colcon.colcon_core.environment:checking '/home/senseri/ros2_ws/install/serial_motor_demo' for CMake config files
[1.285s] Level 1:colcon.colcon_core.environment:checking '/home/senseri/ros2_ws/install/serial_motor_demo/lib'
[1.286s] Level 1:colcon.colcon_core.environment:checking '/home/senseri/ros2_ws/install/serial_motor_demo/bin'
[1.286s] Level 1:colcon.colcon_core.environment:checking '/home/senseri/ros2_ws/install/serial_motor_demo/lib/pkgconfig/serial_motor_demo.pc'
[1.286s] Level 1:colcon.colcon_core.environment:checking '/home/senseri/ros2_ws/install/serial_motor_demo/lib/python3.10/site-packages'
[1.286s] Level 1:colcon.colcon_core.shell:create_environment_hook('serial_motor_demo', 'pythonpath')
[1.286s] INFO:colcon.colcon_core.shell:Creating environment hook '/home/senseri/ros2_ws/install/serial_motor_demo/share/serial_motor_demo/hook/pythonpath.ps1'
[1.287s] INFO:colcon.colcon_core.shell:Creating environment descriptor '/home/senseri/ros2_ws/install/serial_motor_demo/share/serial_motor_demo/hook/pythonpath.dsv'
[1.287s] INFO:colcon.colcon_core.shell:Creating environment hook '/home/senseri/ros2_ws/install/serial_motor_demo/share/serial_motor_demo/hook/pythonpath.sh'
[1.287s] Level 1:colcon.colcon_core.environment:checking '/home/senseri/ros2_ws/install/serial_motor_demo/bin'
[1.287s] Level 1:colcon.colcon_core.environment:create_environment_scripts_only(serial_motor_demo)
[1.288s] INFO:colcon.colcon_core.shell:Creating package script '/home/senseri/ros2_ws/install/serial_motor_demo/share/serial_motor_demo/package.ps1'
[1.288s] INFO:colcon.colcon_core.shell:Creating package descriptor '/home/senseri/ros2_ws/install/serial_motor_demo/share/serial_motor_demo/package.dsv'
[1.288s] INFO:colcon.colcon_core.shell:Creating package script '/home/senseri/ros2_ws/install/serial_motor_demo/share/serial_motor_demo/package.sh'
[1.289s] INFO:colcon.colcon_core.shell:Creating package script '/home/senseri/ros2_ws/install/serial_motor_demo/share/serial_motor_demo/package.bash'
[1.289s] INFO:colcon.colcon_core.shell:Creating package script '/home/senseri/ros2_ws/install/serial_motor_demo/share/serial_motor_demo/package.zsh'
[1.289s] Level 1:colcon.colcon_core.environment:create_file_with_runtime_dependencies(/home/senseri/ros2_ws/install/serial_motor_demo/share/colcon-core/packages/serial_motor_demo)
[1.289s] DEBUG:colcon.colcon_parallel_executor.executor.parallel:closing loop
[1.289s] DEBUG:colcon.colcon_parallel_executor.executor.parallel:loop closed
[1.289s] DEBUG:colcon.colcon_parallel_executor.executor.parallel:run_until_complete finished with '0'
[1.289s] DEBUG:colcon.colcon_core.event_reactor:joining thread
[1.295s] INFO:colcon.colcon_core.plugin_system:Skipping extension 'colcon_notification.desktop_notification.terminal_notifier': Not used on non-Darwin systems
[1.295s] INFO:colcon.colcon_core.plugin_system:Skipping extension 'colcon_notification.desktop_notification.win32': Not used on non-Windows systems
[1.295s] INFO:colcon.colcon_notification.desktop_notification:Sending desktop notification using 'notify2'
[1.312s] DEBUG:colcon.colcon_core.event_reactor:joined thread
[1.313s] INFO:colcon.colcon_core.shell:Creating prefix script '/home/senseri/ros2_ws/install/local_setup.ps1'
[1.314s] INFO:colcon.colcon_core.shell:Creating prefix util module '/home/senseri/ros2_ws/install/_local_setup_util_ps1.py'
[1.315s] INFO:colcon.colcon_core.shell:Creating prefix chain script '/home/senseri/ros2_ws/install/setup.ps1'
[1.315s] INFO:colcon.colcon_core.shell:Creating prefix script '/home/senseri/ros2_ws/install/local_setup.sh'
[1.316s] INFO:colcon.colcon_core.shell:Creating prefix util module '/home/senseri/ros2_ws/install/_local_setup_util_sh.py'
[1.316s] INFO:colcon.colcon_core.shell:Creating prefix chain script '/home/senseri/ros2_ws/install/setup.sh'
[1.317s] INFO:colcon.colcon_core.shell:Creating prefix script '/home/senseri/ros2_ws/install/local_setup.bash'
[1.318s] INFO:colcon.colcon_core.shell:Creating prefix chain script '/home/senseri/ros2_ws/install/setup.bash'
[1.318s] INFO:colcon.colcon_core.shell:Creating prefix script '/home/senseri/ros2_ws/install/local_setup.zsh'
[1.319s] INFO:colcon.colcon_core.shell:Creating prefix chain script '/home/senseri/ros2_ws/install/setup.zsh'
